103.01.09 09:23 B C:\Documents and Settings\Chuck\Desktop\netfact-archive\syncomat\onlinehelp\110moredetail\010moredetail.gif <-- netfact /Inetpub/wwwroot/netfact/syncomat/onlinehelp/110moredetail 010moredetail.gif
103.01.09 09:23 B C:\Documents and Settings\Chuck\Desktop\netfact-archive\syncomat\onlinehelp\110moredetail\010moredetail.htm <-- netfact /Inetpub/wwwroot/netfact/syncomat/onlinehelp/110moredetail 010moredetail.htm
103.01.09 09:23 B C:\Documents and Settings\Chuck\Desktop\netfact-archive\syncomat\onlinehelp\110moredetail\010moredetail.not <-- netfact /Inetpub/wwwroot/netfact/syncomat/onlinehelp/110moredetail 010moredetail.not
103.01.09 09:23 B C:\Documents and Settings\Chuck\Desktop\netfact-archive\syncomat\onlinehelp\110moredetail\020optionsmenu.gif <-- netfact /Inetpub/wwwroot/netfact/syncomat/onlinehelp/110moredetail 020optionsmenu.gif
103.01.09 09:23 B C:\Documents and Settings\Chuck\Desktop\netfact-archive\syncomat\onlinehelp\110moredetail\020optionsmenu.htm <-- netfact /Inetpub/wwwroot/netfact/syncomat/onlinehelp/110moredetail 020optionsmenu.htm
103.01.09 09:23 B C:\Documents and Settings\Chuck\Desktop\netfact-archive\syncomat\onlinehelp\110moredetail\020optionsmenu.not <-- netfact /Inetpub/wwwroot/netfact/syncomat/onlinehelp/110moredetail 020optionsmenu.not
103.01.09 09:23 B C:\Documents and Settings\Chuck\Desktop\netfact-archive\syncomat\onlinehelp\110moredetail\030executemenu.gif <-- netfact /Inetpub/wwwroot/netfact/syncomat/onlinehelp/110moredetail 030executemenu.gif
103.01.09 09:23 B C:\Documents and Settings\Chuck\Desktop\netfact-archive\syncomat\onlinehelp\110moredetail\030executemenu.htm <-- netfact /Inetpub/wwwroot/netfact/syncomat/onlinehelp/110moredetail 030executemenu.htm
103.01.09 09:23 B C:\Documents and Settings\Chuck\Desktop\netfact-archive\syncomat\onlinehelp\110moredetail\030executemenu.not <-- netfact /Inetpub/wwwroot/netfact/syncomat/onlinehelp/110moredetail 030executemenu.not
103.01.09 09:23 B C:\Documents and Settings\Chuck\Desktop\netfact-archive\syncomat\onlinehelp\110moredetail\040testmenu.gif <-- netfact /Inetpub/wwwroot/netfact/syncomat/onlinehelp/110moredetail 040testmenu.gif
103.01.09 09:23 B C:\Documents and Settings\Chuck\Desktop\netfact-archive\syncomat\onlinehelp\110moredetail\040testmenu.htm <-- netfact /Inetpub/wwwroot/netfact/syncomat/onlinehelp/110moredetail 040testmenu.htm
103.01.09 09:23 B C:\Documents and Settings\Chuck\Desktop\netfact-archive\syncomat\onlinehelp\110moredetail\040testmenu.not <-- netfact /Inetpub/wwwroot/netfact/syncomat/onlinehelp/110moredetail 040testmenu.not
103.01.09 09:23 B C:\Documents and Settings\Chuck\Desktop\netfact-archive\syncomat\onlinehelp\110moredetail\050flipit.gif <-- netfact /Inetpub/wwwroot/netfact/syncomat/onlinehelp/110moredetail 050flipit.gif
103.01.09 09:23 B C:\Documents and Settings\Chuck\Desktop\netfact-archive\syncomat\onlinehelp\110moredetail\050flipit.htm <-- netfact /Inetpub/wwwroot/netfact/syncomat/onlinehelp/110moredetail 050flipit.htm
103.01.09 09:23 B C:\Documents and Settings\Chuck\Desktop\netfact-archive\syncomat\onlinehelp\110moredetail\050flipit.not <-- netfact /Inetpub/wwwroot/netfact/syncomat/onlinehelp/110moredetail 050flipit.not
103.01.09 09:23 B C:\Documents and Settings\Chuck\Desktop\netfact-archive\syncomat\onlinehelp\110moredetail\060flipitplay.gif <-- netfact /Inetpub/wwwroot/netfact/syncomat/onlinehelp/110moredetail 060flipitplay.gif
103.01.09 09:23 B C:\Documents and Settings\Chuck\Desktop\netfact-archive\syncomat\onlinehelp\110moredetail\060flipitplay.htm <-- netfact /Inetpub/wwwroot/netfact/syncomat/onlinehelp/110moredetail 060flipitplay.htm
103.01.09 09:23 B C:\Documents and Settings\Chuck\Desktop\netfact-archive\syncomat\onlinehelp\110moredetail\060flipitplay.not <-- netfact /Inetpub/wwwroot/netfact/syncomat/onlinehelp/110moredetail 060flipitplay.not
103.01.09 09:23 B C:\Documents and Settings\Chuck\Desktop\netfact-archive\syncomat\onlinehelp\110moredetail\070timeitpressload.gif <-- netfact /Inetpub/wwwroot/netfact/syncomat/onlinehelp/110moredetail 070timeitpressload.gif
103.01.09 09:23 B C:\Documents and Settings\Chuck\Desktop\netfact-archive\syncomat\onlinehelp\110moredetail\070timeitpressload.htm <-- netfact /Inetpub/wwwroot/netfact/syncomat/onlinehelp/110moredetail 070timeitpressload.htm
103.01.09 09:23 B C:\Documents and Settings\Chuck\Desktop\netfact-archive\syncomat\onlinehelp\110moredetail\070timeitpressload.not <-- netfact /Inetpub/wwwroot/netfact/syncomat/onlinehelp/110moredetail 070timeitpressload.not
103.01.09 09:23 B C:\Documents and Settings\Chuck\Desktop\netfact-archive\syncomat\onlinehelp\110moredetail\080timeitopenrawmediatxt.gif <-- netfact /Inetpub/wwwroot/netfact/syncomat/onlinehelp/110moredetail 080timeitopenrawmediatxt.gif
103.01.09 09:23 B C:\Documents and Settings\Chuck\Desktop\netfact-archive\syncomat\onlinehelp\110moredetail\080timeitopenrawmediatxt.htm <-- netfact /Inetpub/wwwroot/netfact/syncomat/onlinehelp/110moredetail 080timeitopenrawmediatxt.htm
103.01.09 09:23 B C:\Documents and Settings\Chuck\Desktop\netfact-archive\syncomat\onlinehelp\110moredetail\080timeitopenrawmediatxt.not <-- netfact /Inetpub/wwwroot/netfact/syncomat/onlinehelp/110moredetail 080timeitopenrawmediatxt.not
103.01.09 09:23 B C:\Documents and Settings\Chuck\Desktop\netfact-archive\syncomat\onlinehelp\110moredetail\090timeitloaded.gif <-- netfact /Inetpub/wwwroot/netfact/syncomat/onlinehelp/110moredetail 090timeitloaded.gif
103.01.09 09:23 B C:\Documents and Settings\Chuck\Desktop\netfact-archive\syncomat\onlinehelp\110moredetail\090timeitloaded.htm <-- netfact /Inetpub/wwwroot/netfact/syncomat/onlinehelp/110moredetail 090timeitloaded.htm
103.01.09 09:23 B C:\Documents and Settings\Chuck\Desktop\netfact-archive\syncomat\onlinehelp\110moredetail\090timeitloaded.not <-- netfact /Inetpub/wwwroot/netfact/syncomat/onlinehelp/110moredetail 090timeitloaded.not
103.01.09 09:23 B C:\Documents and Settings\Chuck\Desktop\netfact-archive\syncomat\onlinehelp\110moredetail\100imeittrim3.gif <-- netfact /Inetpub/wwwroot/netfact/syncomat/onlinehelp/110moredetail 100imeittrim3.gif
103.01.09 09:23 B C:\Documents and Settings\Chuck\Desktop\netfact-archive\syncomat\onlinehelp\110moredetail\100imeittrim3.htm <-- netfact /Inetpub/wwwroot/netfact/syncomat/onlinehelp/110moredetail 100imeittrim3.htm
103.01.09 09:23 B C:\Documents and Settings\Chuck\Desktop\netfact-archive\syncomat\onlinehelp\110moredetail\100imeittrim3.not <-- netfact /Inetpub/wwwroot/netfact/syncomat/onlinehelp/110moredetail 100imeittrim3.not
103.01.09 09:23 B C:\Documents and Settings\Chuck\Desktop\netfact-archive\syncomat\onlinehelp\110moredetail\110timeit3trimmed.gif <-- netfact /Inetpub/wwwroot/netfact/syncomat/onlinehelp/110moredetail 110timeit3trimmed.gif
103.01.09 09:23 B C:\Documents and Settings\Chuck\Desktop\netfact-archive\syncomat\onlinehelp\110moredetail\110timeit3trimmed.htm <-- netfact /Inetpub/wwwroot/netfact/syncomat/onlinehelp/110moredetail 110timeit3trimmed.htm
103.01.09 09:23 B C:\Documents and Settings\Chuck\Desktop\netfact-archive\syncomat\onlinehelp\110moredetail\110timeit3trimmed.not <-- netfact /Inetpub/wwwroot/netfact/syncomat/onlinehelp/110moredetail 110timeit3trimmed.not
103.01.09 09:23 B C:\Documents and Settings\Chuck\Desktop\netfact-archive\syncomat\onlinehelp\110moredetail\120timeit3rdlineurl.gif <-- netfact /Inetpub/wwwroot/netfact/syncomat/onlinehelp/110moredetail 120timeit3rdlineurl.gif
103.01.09 09:23 B C:\Documents and Settings\Chuck\Desktop\netfact-archive\syncomat\onlinehelp\110moredetail\120timeit3rdlineurl.htm <-- netfact /Inetpub/wwwroot/netfact/syncomat/onlinehelp/110moredetail 120timeit3rdlineurl.htm
103.01.09 09:23 B C:\Documents and Settings\Chuck\Desktop\netfact-archive\syncomat\onlinehelp\110moredetail\120timeit3rdlineurl.not <-- netfact /Inetpub/wwwroot/netfact/syncomat/onlinehelp/110moredetail 120timeit3rdlineurl.not
103.01.09 09:23 B C:\Documents and Settings\Chuck\Desktop\netfact-archive\syncomat\onlinehelp\110moredetail\130timeit4thline12sec.gif <-- netfact /Inetpub/wwwroot/netfact/syncomat/onlinehelp/110moredetail 130timeit4thline12sec.gif
103.01.09 09:23 B C:\Documents and Settings\Chuck\Desktop\netfact-archive\syncomat\onlinehelp\110moredetail\130timeit4thline12sec.htm <-- netfact /Inetpub/wwwroot/netfact/syncomat/onlinehelp/110moredetail 130timeit4thline12sec.htm
103.01.09 09:23 B C:\Documents and Settings\Chuck\Desktop\netfact-archive\syncomat\onlinehelp\110moredetail\130timeit4thline12sec.not <-- netfact /Inetpub/wwwroot/netfact/syncomat/onlinehelp/110moredetail 130timeit4thline12sec.not
103.01.09 09:23 B C:\Documents and Settings\Chuck\Desktop\netfact-archive\syncomat\onlinehelp\110moredetail\140timeitsaveas.gif <-- netfact /Inetpub/wwwroot/netfact/syncomat/onlinehelp/110moredetail 140timeitsaveas.gif
103.01.09 09:23 B C:\Documents and Settings\Chuck\Desktop\netfact-archive\syncomat\onlinehelp\110moredetail\140timeitsaveas.htm <-- netfact /Inetpub/wwwroot/netfact/syncomat/onlinehelp/110moredetail 140timeitsaveas.htm
103.01.09 09:23 B C:\Documents and Settings\Chuck\Desktop\netfact-archive\syncomat\onlinehelp\110moredetail\140timeitsaveas.not <-- netfact /Inetpub/wwwroot/netfact/syncomat/onlinehelp/110moredetail 140timeitsaveas.not
103.01.09 09:23 B C:\Documents and Settings\Chuck\Desktop\netfact-archive\syncomat\onlinehelp\110moredetail\150timeiturltest.gif <-- netfact /Inetpub/wwwroot/netfact/syncomat/onlinehelp/110moredetail 150timeiturltest.gif
103.01.09 09:23 B C:\Documents and Settings\Chuck\Desktop\netfact-archive\syncomat\onlinehelp\110moredetail\150timeiturltest.htm <-- netfact /Inetpub/wwwroot/netfact/syncomat/onlinehelp/110moredetail 150timeiturltest.htm
103.01.09 09:23 B C:\Documents and Settings\Chuck\Desktop\netfact-archive\syncomat\onlinehelp\110moredetail\150timeiturltest.not <-- netfact /Inetpub/wwwroot/netfact/syncomat/onlinehelp/110moredetail 150timeiturltest.not
103.01.09 09:23 B C:\Documents and Settings\Chuck\Desktop\netfact-archive\syncomat\onlinehelp\110moredetail\160timeithandtime.gif <-- netfact /Inetpub/wwwroot/netfact/syncomat/onlinehelp/110moredetail 160timeithandtime.gif
103.01.09 09:23 B C:\Documents and Settings\Chuck\Desktop\netfact-archive\syncomat\onlinehelp\110moredetail\160timeithandtime.htm <-- netfact /Inetpub/wwwroot/netfact/syncomat/onlinehelp/110moredetail 160timeithandtime.htm
103.01.09 09:23 B C:\Documents and Settings\Chuck\Desktop\netfact-archive\syncomat\onlinehelp\110moredetail\160timeithandtime.not <-- netfact /Inetpub/wwwroot/netfact/syncomat/onlinehelp/110moredetail 160timeithandtime.not
103.01.09 09:23 B C:\Documents and Settings\Chuck\Desktop\netfact-archive\syncomat\onlinehelp\110moredetail\170timeittype4lines.gif <-- netfact /Inetpub/wwwroot/netfact/syncomat/onlinehelp/110moredetail 170timeittype4lines.gif
103.01.09 09:23 B C:\Documents and Settings\Chuck\Desktop\netfact-archive\syncomat\onlinehelp\110moredetail\170timeittype4lines.htm <-- netfact /Inetpub/wwwroot/netfact/syncomat/onlinehelp/110moredetail 170timeittype4lines.htm
103.01.09 09:23 B C:\Documents and Settings\Chuck\Desktop\netfact-archive\syncomat\onlinehelp\110moredetail\170timeittype4lines.not <-- netfact /Inetpub/wwwroot/netfact/syncomat/onlinehelp/110moredetail 170timeittype4lines.not
103.01.09 09:23 B C:\Documents and Settings\Chuck\Desktop\netfact-archive\syncomat\onlinehelp\110moredetail\index.htm <-- netfact /Inetpub/wwwroot/netfact/syncomat/onlinehelp/110moredetail index.htm
103.01.09 09:23 B C:\Documents and Settings\Chuck\Desktop\netfact-archive\syncomat\onlinehelp\110moredetail\indexbot.not <-- netfact /Inetpub/wwwroot/netfact/syncomat/onlinehelp/110moredetail indexbot.not
103.01.09 09:23 B C:\Documents and Settings\Chuck\Desktop\netfact-archive\syncomat\onlinehelp\110moredetail\indextop.not <-- netfact /Inetpub/wwwroot/netfact/syncomat/onlinehelp/110moredetail indextop.not
