103.01.09 09:23 B C:\Documents and Settings\Chuck\Desktop\netfact-archive\syncomat\about.htm <-- netfact /Inetpub/wwwroot/netfact/syncomat about.htm
103.01.09 09:23 B C:\Documents and Settings\Chuck\Desktop\netfact-archive\syncomat\amazon.gif <-- netfact /Inetpub/wwwroot/netfact/syncomat amazon.gif
103.01.09 09:23 B C:\Documents and Settings\Chuck\Desktop\netfact-archive\syncomat\bot.htm <-- netfact /Inetpub/wwwroot/netfact/syncomat bot.htm
103.01.09 09:23 B C:\Documents and Settings\Chuck\Desktop\netfact-archive\syncomat\buycom.gif <-- netfact /Inetpub/wwwroot/netfact/syncomat buycom.gif
103.01.09 09:23 B C:\Documents and Settings\Chuck\Desktop\netfact-archive\syncomat\copyright.htm <-- netfact /Inetpub/wwwroot/netfact/syncomat copyright.htm
103.01.09 09:23 B C:\Documents and Settings\Chuck\Desktop\netfact-archive\syncomat\faq.htm <-- netfact /Inetpub/wwwroot/netfact/syncomat faq.htm
103.01.09 09:23 B C:\Documents and Settings\Chuck\Desktop\netfact-archive\syncomat\faq.txt <-- netfact /Inetpub/wwwroot/netfact/syncomat faq.txt
103.01.09 09:23 B C:\Documents and Settings\Chuck\Desktop\netfact-archive\syncomat\gallery.htm <-- netfact /Inetpub/wwwroot/netfact/syncomat gallery.htm
103.01.09 09:23 B C:\Documents and Settings\Chuck\Desktop\netfact-archive\syncomat\index.htm <-- netfact /Inetpub/wwwroot/netfact/syncomat index.htm
103.01.09 09:23 B C:\Documents and Settings\Chuck\Desktop\netfact-archive\syncomat\irez.gif <-- netfact /Inetpub/wwwroot/netfact/syncomat irez.gif
103.01.09 09:23 B C:\Documents and Settings\Chuck\Desktop\netfact-archive\syncomat\lecture.gif <-- netfact /Inetpub/wwwroot/netfact/syncomat lecture.gif
103.01.09 09:23 B C:\Documents and Settings\Chuck\Desktop\netfact-archive\syncomat\logo.gif <-- netfact /Inetpub/wwwroot/netfact/syncomat logo.gif
103.01.09 09:23 B C:\Documents and Settings\Chuck\Desktop\netfact-archive\syncomat\main.htm <-- netfact /Inetpub/wwwroot/netfact/syncomat main.htm
103.01.09 09:23 B C:\Documents and Settings\Chuck\Desktop\netfact-archive\syncomat\nav.htm <-- netfact /Inetpub/wwwroot/netfact/syncomat nav.htm
103.01.09 09:23 B C:\Documents and Settings\Chuck\Desktop\netfact-archive\syncomat\register.htm <-- netfact /Inetpub/wwwroot/netfact/syncomat register.htm
103.01.09 09:23 B C:\Documents and Settings\Chuck\Desktop\netfact-archive\syncomat\rp7_button.gif <-- netfact /Inetpub/wwwroot/netfact/syncomat rp7_button.gif
103.01.09 09:23 B C:\Documents and Settings\Chuck\Desktop\netfact-archive\syncomat\signup.htm <-- netfact /Inetpub/wwwroot/netfact/syncomat signup.htm
103.01.09 09:23 B C:\Documents and Settings\Chuck\Desktop\netfact-archive\syncomat\snap1.gif <-- netfact /Inetpub/wwwroot/netfact/syncomat snap1.gif
103.01.09 09:23 B C:\Documents and Settings\Chuck\Desktop\netfact-archive\syncomat\snap2.gif <-- netfact /Inetpub/wwwroot/netfact/syncomat snap2.gif
103.01.09 09:23 B C:\Documents and Settings\Chuck\Desktop\netfact-archive\syncomat\support.htm <-- netfact /Inetpub/wwwroot/netfact/syncomat support.htm
103.01.09 09:23 B C:\Documents and Settings\Chuck\Desktop\netfact-archive\syncomat\sync2-a7.htm <-- netfact /Inetpub/wwwroot/netfact/syncomat sync2-a7.htm
103.01.09 09:23 B C:\Documents and Settings\Chuck\Desktop\netfact-archive\syncomat\top.htm <-- netfact /Inetpub/wwwroot/netfact/syncomat top.htm
103.01.09 09:23 B C:\Documents and Settings\Chuck\Desktop\netfact-archive\syncomat\winfiles.gif <-- netfact /Inetpub/wwwroot/netfact/syncomat winfiles.gif
