100.04.23 00:19 B C:\My Documents\CRS\syncomat\help\030installrealproducer\010downloadreal7.gif --> www.netfact.com /inetpub/wwwroot/netfact/syncomat/help/030installrealproducer 010downloadreal7.gif
100.04.23 00:19 B C:\My Documents\CRS\syncomat\help\030installrealproducer\010downloadreal7.htm --> www.netfact.com /inetpub/wwwroot/netfact/syncomat/help/030installrealproducer 010downloadreal7.htm
100.04.23 00:19 B C:\My Documents\CRS\syncomat\help\030installrealproducer\010downloadreal7.txt --> www.netfact.com /inetpub/wwwroot/netfact/syncomat/help/030installrealproducer 010downloadreal7.txt
100.04.23 00:19 B C:\My Documents\CRS\syncomat\help\030installrealproducer\020downloadfillout.gif --> www.netfact.com /inetpub/wwwroot/netfact/syncomat/help/030installrealproducer 020downloadfillout.gif
100.04.23 00:19 B C:\My Documents\CRS\syncomat\help\030installrealproducer\020downloadfillout.htm --> www.netfact.com /inetpub/wwwroot/netfact/syncomat/help/030installrealproducer 020downloadfillout.htm
100.04.23 00:20 B C:\My Documents\CRS\syncomat\help\030installrealproducer\020downloadfillout.txt --> www.netfact.com /inetpub/wwwroot/netfact/syncomat/help/030installrealproducer 020downloadfillout.txt
100.04.23 00:20 B C:\My Documents\CRS\syncomat\help\030installrealproducer\025downloadstart.gif --> www.netfact.com /inetpub/wwwroot/netfact/syncomat/help/030installrealproducer 025downloadstart.gif
100.04.23 00:20 B C:\My Documents\CRS\syncomat\help\030installrealproducer\025downloadstart.htm --> www.netfact.com /inetpub/wwwroot/netfact/syncomat/help/030installrealproducer 025downloadstart.htm
100.04.23 00:20 B C:\My Documents\CRS\syncomat\help\030installrealproducer\025downloadstart.txt --> www.netfact.com /inetpub/wwwroot/netfact/syncomat/help/030installrealproducer 025downloadstart.txt
100.04.23 00:20 B C:\My Documents\CRS\syncomat\help\030installrealproducer\027downloadsaveas.gif --> www.netfact.com /inetpub/wwwroot/netfact/syncomat/help/030installrealproducer 027downloadsaveas.gif
100.04.23 00:20 B C:\My Documents\CRS\syncomat\help\030installrealproducer\027downloadsaveas.htm --> www.netfact.com /inetpub/wwwroot/netfact/syncomat/help/030installrealproducer 027downloadsaveas.htm
100.04.23 00:20 B C:\My Documents\CRS\syncomat\help\030installrealproducer\027downloadsaveas.txt --> www.netfact.com /inetpub/wwwroot/netfact/syncomat/help/030installrealproducer 027downloadsaveas.txt
100.04.23 00:20 B C:\My Documents\CRS\syncomat\help\030installrealproducer\030downloadwhichdir.gif --> www.netfact.com /inetpub/wwwroot/netfact/syncomat/help/030installrealproducer 030downloadwhichdir.gif
100.04.23 00:20 B C:\My Documents\CRS\syncomat\help\030installrealproducer\030downloadwhichdir.htm --> www.netfact.com /inetpub/wwwroot/netfact/syncomat/help/030installrealproducer 030downloadwhichdir.htm
100.04.23 00:20 B C:\My Documents\CRS\syncomat\help\030installrealproducer\030downloadwhichdir.txt --> www.netfact.com /inetpub/wwwroot/netfact/syncomat/help/030installrealproducer 030downloadwhichdir.txt
100.04.23 00:20 B C:\My Documents\CRS\syncomat\help\030installrealproducer\032downloading.gif --> www.netfact.com /inetpub/wwwroot/netfact/syncomat/help/030installrealproducer 032downloading.gif
100.04.23 00:20 B C:\My Documents\CRS\syncomat\help\030installrealproducer\032downloading.htm --> www.netfact.com /inetpub/wwwroot/netfact/syncomat/help/030installrealproducer 032downloading.htm
100.04.23 00:20 B C:\My Documents\CRS\syncomat\help\030installrealproducer\032downloading.txt --> www.netfact.com /inetpub/wwwroot/netfact/syncomat/help/030installrealproducer 032downloading.txt
100.04.23 00:20 B C:\My Documents\CRS\syncomat\help\030installrealproducer\040launchrp7setup.gif --> www.netfact.com /inetpub/wwwroot/netfact/syncomat/help/030installrealproducer 040launchrp7setup.gif
100.04.23 00:20 B C:\My Documents\CRS\syncomat\help\030installrealproducer\040launchrp7setup.htm --> www.netfact.com /inetpub/wwwroot/netfact/syncomat/help/030installrealproducer 040launchrp7setup.htm
100.04.23 00:20 B C:\My Documents\CRS\syncomat\help\030installrealproducer\040launchrp7setup.txt --> www.netfact.com /inetpub/wwwroot/netfact/syncomat/help/030installrealproducer 040launchrp7setup.txt
100.04.23 00:20 B C:\My Documents\CRS\syncomat\help\030installrealproducer\050prepareinstall.gif --> www.netfact.com /inetpub/wwwroot/netfact/syncomat/help/030installrealproducer 050prepareinstall.gif
100.04.23 00:20 B C:\My Documents\CRS\syncomat\help\030installrealproducer\050prepareinstall.htm --> www.netfact.com /inetpub/wwwroot/netfact/syncomat/help/030installrealproducer 050prepareinstall.htm
100.04.23 00:20 B C:\My Documents\CRS\syncomat\help\030installrealproducer\050prepareinstall.txt --> www.netfact.com /inetpub/wwwroot/netfact/syncomat/help/030installrealproducer 050prepareinstall.txt
100.04.23 00:20 B C:\My Documents\CRS\syncomat\help\030installrealproducer\060acceptlicense.gif --> www.netfact.com /inetpub/wwwroot/netfact/syncomat/help/030installrealproducer 060acceptlicense.gif
100.04.23 00:20 B C:\My Documents\CRS\syncomat\help\030installrealproducer\060acceptlicense.htm --> www.netfact.com /inetpub/wwwroot/netfact/syncomat/help/030installrealproducer 060acceptlicense.htm
100.04.23 00:20 B C:\My Documents\CRS\syncomat\help\030installrealproducer\060acceptlicense.txt --> www.netfact.com /inetpub/wwwroot/netfact/syncomat/help/030installrealproducer 060acceptlicense.txt
100.04.23 00:20 B C:\My Documents\CRS\syncomat\help\030installrealproducer\070emailanddir.gif --> www.netfact.com /inetpub/wwwroot/netfact/syncomat/help/030installrealproducer 070emailanddir.gif
100.04.23 00:20 B C:\My Documents\CRS\syncomat\help\030installrealproducer\070emailanddir.htm --> www.netfact.com /inetpub/wwwroot/netfact/syncomat/help/030installrealproducer 070emailanddir.htm
100.04.23 00:20 B C:\My Documents\CRS\syncomat\help\030installrealproducer\070emailanddir.txt --> www.netfact.com /inetpub/wwwroot/netfact/syncomat/help/030installrealproducer 070emailanddir.txt
100.04.23 00:20 B C:\My Documents\CRS\syncomat\help\030installrealproducer\080installingrealproducer.gif --> www.netfact.com /inetpub/wwwroot/netfact/syncomat/help/030installrealproducer 080installingrealproducer.gif
100.04.23 00:20 B C:\My Documents\CRS\syncomat\help\030installrealproducer\080installingrealproducer.htm --> www.netfact.com /inetpub/wwwroot/netfact/syncomat/help/030installrealproducer 080installingrealproducer.htm
100.04.23 00:20 B C:\My Documents\CRS\syncomat\help\030installrealproducer\080installingrealproducer.txt --> www.netfact.com /inetpub/wwwroot/netfact/syncomat/help/030installrealproducer 080installingrealproducer.txt
100.04.23 00:21 B C:\My Documents\CRS\syncomat\help\030installrealproducer\090nowizards.gif --> www.netfact.com /inetpub/wwwroot/netfact/syncomat/help/030installrealproducer 090nowizards.gif
100.04.23 00:21 B C:\My Documents\CRS\syncomat\help\030installrealproducer\090nowizards.htm --> www.netfact.com /inetpub/wwwroot/netfact/syncomat/help/030installrealproducer 090nowizards.htm
100.04.23 00:21 B C:\My Documents\CRS\syncomat\help\030installrealproducer\090nowizards.txt --> www.netfact.com /inetpub/wwwroot/netfact/syncomat/help/030installrealproducer 090nowizards.txt
100.04.23 00:21 B C:\My Documents\CRS\syncomat\help\030installrealproducer\100inputmediaoutputfile.gif --> www.netfact.com /inetpub/wwwroot/netfact/syncomat/help/030installrealproducer 100inputmediaoutputfile.gif
100.04.23 00:21 B C:\My Documents\CRS\syncomat\help\030installrealproducer\100inputmediaoutputfile.htm --> www.netfact.com /inetpub/wwwroot/netfact/syncomat/help/030installrealproducer 100inputmediaoutputfile.htm
100.04.23 00:21 B C:\My Documents\CRS\syncomat\help\030installrealproducer\100inputmediaoutputfile.txt --> www.netfact.com /inetpub/wwwroot/netfact/syncomat/help/030installrealproducer 100inputmediaoutputfile.txt
100.04.23 00:21 B C:\My Documents\CRS\syncomat\help\030installrealproducer\110readytocapture.gif --> www.netfact.com /inetpub/wwwroot/netfact/syncomat/help/030installrealproducer 110readytocapture.gif
100.04.23 09:17 B C:\My Documents\CRS\syncomat\help\030installrealproducer\010downloadreal7.gif --> www.netfact.com /inetpub/wwwroot/netfact/syncomat/help/030installrealproducer 010downloadreal7.gif
100.04.23 09:17 B C:\My Documents\CRS\syncomat\help\030installrealproducer\010downloadreal7.htm --> www.netfact.com /inetpub/wwwroot/netfact/syncomat/help/030installrealproducer 010downloadreal7.htm
100.04.23 09:17 B C:\My Documents\CRS\syncomat\help\030installrealproducer\010downloadreal7.txt --> www.netfact.com /inetpub/wwwroot/netfact/syncomat/help/030installrealproducer 010downloadreal7.txt
100.04.23 09:17 B C:\My Documents\CRS\syncomat\help\030installrealproducer\020downloadfillout.gif --> www.netfact.com /inetpub/wwwroot/netfact/syncomat/help/030installrealproducer 020downloadfillout.gif
100.04.23 09:17 B C:\My Documents\CRS\syncomat\help\030installrealproducer\020downloadfillout.htm --> www.netfact.com /inetpub/wwwroot/netfact/syncomat/help/030installrealproducer 020downloadfillout.htm
100.04.23 09:17 B C:\My Documents\CRS\syncomat\help\030installrealproducer\020downloadfillout.txt --> www.netfact.com /inetpub/wwwroot/netfact/syncomat/help/030installrealproducer 020downloadfillout.txt
100.04.23 09:17 B C:\My Documents\CRS\syncomat\help\030installrealproducer\025downloadstart.gif --> www.netfact.com /inetpub/wwwroot/netfact/syncomat/help/030installrealproducer 025downloadstart.gif
100.04.23 09:17 B C:\My Documents\CRS\syncomat\help\030installrealproducer\025downloadstart.htm --> www.netfact.com /inetpub/wwwroot/netfact/syncomat/help/030installrealproducer 025downloadstart.htm
100.04.23 09:17 B C:\My Documents\CRS\syncomat\help\030installrealproducer\025downloadstart.txt --> www.netfact.com /inetpub/wwwroot/netfact/syncomat/help/030installrealproducer 025downloadstart.txt
100.04.23 09:17 B C:\My Documents\CRS\syncomat\help\030installrealproducer\027downloadsaveas.gif --> www.netfact.com /inetpub/wwwroot/netfact/syncomat/help/030installrealproducer 027downloadsaveas.gif
100.04.23 09:17 B C:\My Documents\CRS\syncomat\help\030installrealproducer\027downloadsaveas.htm --> www.netfact.com /inetpub/wwwroot/netfact/syncomat/help/030installrealproducer 027downloadsaveas.htm
100.04.23 09:17 B C:\My Documents\CRS\syncomat\help\030installrealproducer\027downloadsaveas.txt --> www.netfact.com /inetpub/wwwroot/netfact/syncomat/help/030installrealproducer 027downloadsaveas.txt
100.04.23 09:17 B C:\My Documents\CRS\syncomat\help\030installrealproducer\030downloadwhichdir.gif --> www.netfact.com /inetpub/wwwroot/netfact/syncomat/help/030installrealproducer 030downloadwhichdir.gif
100.04.23 09:17 B C:\My Documents\CRS\syncomat\help\030installrealproducer\030downloadwhichdir.htm --> www.netfact.com /inetpub/wwwroot/netfact/syncomat/help/030installrealproducer 030downloadwhichdir.htm
100.04.23 09:17 B C:\My Documents\CRS\syncomat\help\030installrealproducer\030downloadwhichdir.txt --> www.netfact.com /inetpub/wwwroot/netfact/syncomat/help/030installrealproducer 030downloadwhichdir.txt
100.04.23 09:17 B C:\My Documents\CRS\syncomat\help\030installrealproducer\032downloading.gif --> www.netfact.com /inetpub/wwwroot/netfact/syncomat/help/030installrealproducer 032downloading.gif
100.04.23 09:17 B C:\My Documents\CRS\syncomat\help\030installrealproducer\032downloading.htm --> www.netfact.com /inetpub/wwwroot/netfact/syncomat/help/030installrealproducer 032downloading.htm
100.04.23 09:17 B C:\My Documents\CRS\syncomat\help\030installrealproducer\032downloading.txt --> www.netfact.com /inetpub/wwwroot/netfact/syncomat/help/030installrealproducer 032downloading.txt
100.04.23 09:17 B C:\My Documents\CRS\syncomat\help\030installrealproducer\040launchrp7setup.gif --> www.netfact.com /inetpub/wwwroot/netfact/syncomat/help/030installrealproducer 040launchrp7setup.gif
100.04.23 09:17 B C:\My Documents\CRS\syncomat\help\030installrealproducer\040launchrp7setup.htm --> www.netfact.com /inetpub/wwwroot/netfact/syncomat/help/030installrealproducer 040launchrp7setup.htm
100.04.23 09:17 B C:\My Documents\CRS\syncomat\help\030installrealproducer\040launchrp7setup.txt --> www.netfact.com /inetpub/wwwroot/netfact/syncomat/help/030installrealproducer 040launchrp7setup.txt
100.04.23 09:17 B C:\My Documents\CRS\syncomat\help\030installrealproducer\050prepareinstall.gif --> www.netfact.com /inetpub/wwwroot/netfact/syncomat/help/030installrealproducer 050prepareinstall.gif
100.04.23 09:17 B C:\My Documents\CRS\syncomat\help\030installrealproducer\050prepareinstall.htm --> www.netfact.com /inetpub/wwwroot/netfact/syncomat/help/030installrealproducer 050prepareinstall.htm
100.04.23 09:17 B C:\My Documents\CRS\syncomat\help\030installrealproducer\050prepareinstall.txt --> www.netfact.com /inetpub/wwwroot/netfact/syncomat/help/030installrealproducer 050prepareinstall.txt
100.04.23 09:17 B C:\My Documents\CRS\syncomat\help\030installrealproducer\060acceptlicense.gif --> www.netfact.com /inetpub/wwwroot/netfact/syncomat/help/030installrealproducer 060acceptlicense.gif
100.04.23 09:17 B C:\My Documents\CRS\syncomat\help\030installrealproducer\060acceptlicense.htm --> www.netfact.com /inetpub/wwwroot/netfact/syncomat/help/030installrealproducer 060acceptlicense.htm
100.04.23 09:17 B C:\My Documents\CRS\syncomat\help\030installrealproducer\060acceptlicense.txt --> www.netfact.com /inetpub/wwwroot/netfact/syncomat/help/030installrealproducer 060acceptlicense.txt
100.04.23 09:17 B C:\My Documents\CRS\syncomat\help\030installrealproducer\070emailanddir.gif --> www.netfact.com /inetpub/wwwroot/netfact/syncomat/help/030installrealproducer 070emailanddir.gif
100.04.23 09:17 B C:\My Documents\CRS\syncomat\help\030installrealproducer\070emailanddir.htm --> www.netfact.com /inetpub/wwwroot/netfact/syncomat/help/030installrealproducer 070emailanddir.htm
100.04.23 09:17 B C:\My Documents\CRS\syncomat\help\030installrealproducer\070emailanddir.txt --> www.netfact.com /inetpub/wwwroot/netfact/syncomat/help/030installrealproducer 070emailanddir.txt
100.04.23 09:17 B C:\My Documents\CRS\syncomat\help\030installrealproducer\080installingrealproducer.gif --> www.netfact.com /inetpub/wwwroot/netfact/syncomat/help/030installrealproducer 080installingrealproducer.gif
100.04.23 09:17 B C:\My Documents\CRS\syncomat\help\030installrealproducer\080installingrealproducer.htm --> www.netfact.com /inetpub/wwwroot/netfact/syncomat/help/030installrealproducer 080installingrealproducer.htm
100.04.23 09:17 B C:\My Documents\CRS\syncomat\help\030installrealproducer\080installingrealproducer.txt --> www.netfact.com /inetpub/wwwroot/netfact/syncomat/help/030installrealproducer 080installingrealproducer.txt
100.04.23 09:18 B C:\My Documents\CRS\syncomat\help\030installrealproducer\090nowizards.gif --> www.netfact.com /inetpub/wwwroot/netfact/syncomat/help/030installrealproducer 090nowizards.gif
100.04.23 09:18 B C:\My Documents\CRS\syncomat\help\030installrealproducer\090nowizards.htm --> www.netfact.com /inetpub/wwwroot/netfact/syncomat/help/030installrealproducer 090nowizards.htm
100.04.23 09:18 B C:\My Documents\CRS\syncomat\help\030installrealproducer\090nowizards.txt --> www.netfact.com /inetpub/wwwroot/netfact/syncomat/help/030installrealproducer 090nowizards.txt
100.04.23 09:18 B C:\My Documents\CRS\syncomat\help\030installrealproducer\100inputmediaoutputfile.gif --> www.netfact.com /inetpub/wwwroot/netfact/syncomat/help/030installrealproducer 100inputmediaoutputfile.gif
100.04.23 09:18 B C:\My Documents\CRS\syncomat\help\030installrealproducer\100inputmediaoutputfile.htm --> www.netfact.com /inetpub/wwwroot/netfact/syncomat/help/030installrealproducer 100inputmediaoutputfile.htm
100.04.23 09:18 B C:\My Documents\CRS\syncomat\help\030installrealproducer\100inputmediaoutputfile.txt --> www.netfact.com /inetpub/wwwroot/netfact/syncomat/help/030installrealproducer 100inputmediaoutputfile.txt
100.04.23 09:18 B C:\My Documents\CRS\syncomat\help\030installrealproducer\110readytocapture.gif --> www.netfact.com /inetpub/wwwroot/netfact/syncomat/help/030installrealproducer 110readytocapture.gif
100.04.23 09:19 B C:\My Documents\CRS\syncomat\help\030installrealproducer\010downloadreal7.gif --> www.netfact.com /inetpub/wwwroot/netfact/syncomat/help/030installrealproducer 010downloadreal7.gif
100.04.23 09:19 B C:\My Documents\CRS\syncomat\help\030installrealproducer\010downloadreal7.htm --> www.netfact.com /inetpub/wwwroot/netfact/syncomat/help/030installrealproducer 010downloadreal7.htm
100.04.23 09:19 B C:\My Documents\CRS\syncomat\help\030installrealproducer\010downloadreal7.txt --> www.netfact.com /inetpub/wwwroot/netfact/syncomat/help/030installrealproducer 010downloadreal7.txt
100.04.23 09:19 B C:\My Documents\CRS\syncomat\help\030installrealproducer\020downloadfillout.gif --> www.netfact.com /inetpub/wwwroot/netfact/syncomat/help/030installrealproducer 020downloadfillout.gif
100.04.23 09:19 B C:\My Documents\CRS\syncomat\help\030installrealproducer\020downloadfillout.htm --> www.netfact.com /inetpub/wwwroot/netfact/syncomat/help/030installrealproducer 020downloadfillout.htm
100.04.23 09:19 B C:\My Documents\CRS\syncomat\help\030installrealproducer\020downloadfillout.txt --> www.netfact.com /inetpub/wwwroot/netfact/syncomat/help/030installrealproducer 020downloadfillout.txt
100.04.23 09:19 B C:\My Documents\CRS\syncomat\help\030installrealproducer\025downloadstart.gif --> www.netfact.com /inetpub/wwwroot/netfact/syncomat/help/030installrealproducer 025downloadstart.gif
100.04.23 09:19 B C:\My Documents\CRS\syncomat\help\030installrealproducer\025downloadstart.htm --> www.netfact.com /inetpub/wwwroot/netfact/syncomat/help/030installrealproducer 025downloadstart.htm
100.04.23 09:19 B C:\My Documents\CRS\syncomat\help\030installrealproducer\025downloadstart.txt --> www.netfact.com /inetpub/wwwroot/netfact/syncomat/help/030installrealproducer 025downloadstart.txt
100.04.23 09:19 B C:\My Documents\CRS\syncomat\help\030installrealproducer\027downloadsaveas.gif --> www.netfact.com /inetpub/wwwroot/netfact/syncomat/help/030installrealproducer 027downloadsaveas.gif
100.04.23 09:19 B C:\My Documents\CRS\syncomat\help\030installrealproducer\027downloadsaveas.htm --> www.netfact.com /inetpub/wwwroot/netfact/syncomat/help/030installrealproducer 027downloadsaveas.htm
100.04.23 09:19 B C:\My Documents\CRS\syncomat\help\030installrealproducer\027downloadsaveas.txt --> www.netfact.com /inetpub/wwwroot/netfact/syncomat/help/030installrealproducer 027downloadsaveas.txt
100.04.23 09:19 B C:\My Documents\CRS\syncomat\help\030installrealproducer\030downloadwhichdir.gif --> www.netfact.com /inetpub/wwwroot/netfact/syncomat/help/030installrealproducer 030downloadwhichdir.gif
100.04.23 09:19 B C:\My Documents\CRS\syncomat\help\030installrealproducer\030downloadwhichdir.htm --> www.netfact.com /inetpub/wwwroot/netfact/syncomat/help/030installrealproducer 030downloadwhichdir.htm
100.04.23 09:19 B C:\My Documents\CRS\syncomat\help\030installrealproducer\030downloadwhichdir.txt --> www.netfact.com /inetpub/wwwroot/netfact/syncomat/help/030installrealproducer 030downloadwhichdir.txt
100.04.23 09:20 B C:\My Documents\CRS\syncomat\help\030installrealproducer\032downloading.gif --> www.netfact.com /inetpub/wwwroot/netfact/syncomat/help/030installrealproducer 032downloading.gif
100.04.23 09:20 B C:\My Documents\CRS\syncomat\help\030installrealproducer\032downloading.htm --> www.netfact.com /inetpub/wwwroot/netfact/syncomat/help/030installrealproducer 032downloading.htm
100.04.23 09:20 B C:\My Documents\CRS\syncomat\help\030installrealproducer\032downloading.txt --> www.netfact.com /inetpub/wwwroot/netfact/syncomat/help/030installrealproducer 032downloading.txt
100.04.23 09:20 B C:\My Documents\CRS\syncomat\help\030installrealproducer\040launchrp7setup.gif --> www.netfact.com /inetpub/wwwroot/netfact/syncomat/help/030installrealproducer 040launchrp7setup.gif
100.04.23 09:20 B C:\My Documents\CRS\syncomat\help\030installrealproducer\040launchrp7setup.htm --> www.netfact.com /inetpub/wwwroot/netfact/syncomat/help/030installrealproducer 040launchrp7setup.htm
100.04.23 09:20 B C:\My Documents\CRS\syncomat\help\030installrealproducer\040launchrp7setup.txt --> www.netfact.com /inetpub/wwwroot/netfact/syncomat/help/030installrealproducer 040launchrp7setup.txt
100.04.23 09:20 B C:\My Documents\CRS\syncomat\help\030installrealproducer\050prepareinstall.gif --> www.netfact.com /inetpub/wwwroot/netfact/syncomat/help/030installrealproducer 050prepareinstall.gif
100.04.23 09:20 B C:\My Documents\CRS\syncomat\help\030installrealproducer\050prepareinstall.htm --> www.netfact.com /inetpub/wwwroot/netfact/syncomat/help/030installrealproducer 050prepareinstall.htm
100.04.23 09:20 B C:\My Documents\CRS\syncomat\help\030installrealproducer\050prepareinstall.txt --> www.netfact.com /inetpub/wwwroot/netfact/syncomat/help/030installrealproducer 050prepareinstall.txt
100.04.23 09:20 B C:\My Documents\CRS\syncomat\help\030installrealproducer\060acceptlicense.gif --> www.netfact.com /inetpub/wwwroot/netfact/syncomat/help/030installrealproducer 060acceptlicense.gif
100.04.23 09:20 B C:\My Documents\CRS\syncomat\help\030installrealproducer\060acceptlicense.htm --> www.netfact.com /inetpub/wwwroot/netfact/syncomat/help/030installrealproducer 060acceptlicense.htm
100.04.23 09:20 B C:\My Documents\CRS\syncomat\help\030installrealproducer\060acceptlicense.txt --> www.netfact.com /inetpub/wwwroot/netfact/syncomat/help/030installrealproducer 060acceptlicense.txt
100.04.23 09:20 B C:\My Documents\CRS\syncomat\help\030installrealproducer\070emailanddir.gif --> www.netfact.com /inetpub/wwwroot/netfact/syncomat/help/030installrealproducer 070emailanddir.gif
100.04.23 09:20 B C:\My Documents\CRS\syncomat\help\030installrealproducer\070emailanddir.htm --> www.netfact.com /inetpub/wwwroot/netfact/syncomat/help/030installrealproducer 070emailanddir.htm
100.04.23 09:20 B C:\My Documents\CRS\syncomat\help\030installrealproducer\070emailanddir.txt --> www.netfact.com /inetpub/wwwroot/netfact/syncomat/help/030installrealproducer 070emailanddir.txt
100.04.23 09:20 B C:\My Documents\CRS\syncomat\help\030installrealproducer\080installingrealproducer.gif --> www.netfact.com /inetpub/wwwroot/netfact/syncomat/help/030installrealproducer 080installingrealproducer.gif
100.04.23 09:20 B C:\My Documents\CRS\syncomat\help\030installrealproducer\080installingrealproducer.htm --> www.netfact.com /inetpub/wwwroot/netfact/syncomat/help/030installrealproducer 080installingrealproducer.htm
100.04.23 09:20 B C:\My Documents\CRS\syncomat\help\030installrealproducer\080installingrealproducer.txt --> www.netfact.com /inetpub/wwwroot/netfact/syncomat/help/030installrealproducer 080installingrealproducer.txt
100.04.23 09:20 B C:\My Documents\CRS\syncomat\help\030installrealproducer\090nowizards.gif --> www.netfact.com /inetpub/wwwroot/netfact/syncomat/help/030installrealproducer 090nowizards.gif
100.04.23 09:20 B C:\My Documents\CRS\syncomat\help\030installrealproducer\090nowizards.htm --> www.netfact.com /inetpub/wwwroot/netfact/syncomat/help/030installrealproducer 090nowizards.htm
100.04.23 09:20 B C:\My Documents\CRS\syncomat\help\030installrealproducer\090nowizards.txt --> www.netfact.com /inetpub/wwwroot/netfact/syncomat/help/030installrealproducer 090nowizards.txt
100.04.23 09:20 B C:\My Documents\CRS\syncomat\help\030installrealproducer\100inputmediaoutputfile.gif --> www.netfact.com /inetpub/wwwroot/netfact/syncomat/help/030installrealproducer 100inputmediaoutputfile.gif
100.04.23 09:20 B C:\My Documents\CRS\syncomat\help\030installrealproducer\100inputmediaoutputfile.htm --> www.netfact.com /inetpub/wwwroot/netfact/syncomat/help/030installrealproducer 100inputmediaoutputfile.htm
100.04.23 09:20 B C:\My Documents\CRS\syncomat\help\030installrealproducer\100inputmediaoutputfile.txt --> www.netfact.com /inetpub/wwwroot/netfact/syncomat/help/030installrealproducer 100inputmediaoutputfile.txt
100.04.23 09:20 B C:\My Documents\CRS\syncomat\help\030installrealproducer\110readytocapture.gif --> www.netfact.com /inetpub/wwwroot/netfact/syncomat/help/030installrealproducer 110readytocapture.gif
100.04.23 09:20 B C:\My Documents\CRS\syncomat\help\030installrealproducer\110readytocapture.htm --> www.netfact.com /inetpub/wwwroot/netfact/syncomat/help/030installrealproducer 110readytocapture.htm
100.04.23 09:20 B C:\My Documents\CRS\syncomat\help\030installrealproducer\110readytocapture.txt --> www.netfact.com /inetpub/wwwroot/netfact/syncomat/help/030installrealproducer 110readytocapture.txt
100.04.23 09:20 B C:\My Documents\CRS\syncomat\help\030installrealproducer\112selectrecording.gif --> www.netfact.com /inetpub/wwwroot/netfact/syncomat/help/030installrealproducer 112selectrecording.gif
100.04.23 09:20 B C:\My Documents\CRS\syncomat\help\030installrealproducer\112selectrecording.htm --> www.netfact.com /inetpub/wwwroot/netfact/syncomat/help/030installrealproducer 112selectrecording.htm
100.04.23 09:20 B C:\My Documents\CRS\syncomat\help\030installrealproducer\112selectrecording.txt --> www.netfact.com /inetpub/wwwroot/netfact/syncomat/help/030installrealproducer 112selectrecording.txt
100.04.23 09:20 B C:\My Documents\CRS\syncomat\help\030installrealproducer\114selectmicrophone.gif --> www.netfact.com /inetpub/wwwroot/netfact/syncomat/help/030installrealproducer 114selectmicrophone.gif
100.04.23 09:20 B C:\My Documents\CRS\syncomat\help\030installrealproducer\114selectmicrophone.htm --> www.netfact.com /inetpub/wwwroot/netfact/syncomat/help/030installrealproducer 114selectmicrophone.htm
100.04.23 09:20 B C:\My Documents\CRS\syncomat\help\030installrealproducer\114selectmicrophone.txt --> www.netfact.com /inetpub/wwwroot/netfact/syncomat/help/030installrealproducer 114selectmicrophone.txt
100.04.23 09:21 B C:\My Documents\CRS\syncomat\help\030installrealproducer\120capturingpressstop.gif --> www.netfact.com /inetpub/wwwroot/netfact/syncomat/help/030installrealproducer 120capturingpressstop.gif
100.04.23 09:22 B C:\My Documents\CRS\syncomat\help\030installrealproducer\130playing.gif --> www.netfact.com /inetpub/wwwroot/netfact/syncomat/help/030installrealproducer 130playing.gif
100.04.23 09:22 B C:\My Documents\CRS\syncomat\help\030installrealproducer\130playing.htm --> www.netfact.com /inetpub/wwwroot/netfact/syncomat/help/030installrealproducer 130playing.htm
100.04.23 09:22 B C:\My Documents\CRS\syncomat\help\030installrealproducer\130playing.txt --> www.netfact.com /inetpub/wwwroot/netfact/syncomat/help/030installrealproducer 130playing.txt
100.04.23 09:22 B C:\My Documents\CRS\syncomat\help\030installrealproducer\index.htm --> www.netfact.com /inetpub/wwwroot/netfact/syncomat/help/030installrealproducer index.htm
100.04.23 09:22 B C:\My Documents\CRS\syncomat\help\030installrealproducer\indexbot.txt --> www.netfact.com /inetpub/wwwroot/netfact/syncomat/help/030installrealproducer indexbot.txt
100.04.23 09:22 B C:\My Documents\CRS\syncomat\help\030installrealproducer\indextop.txt --> www.netfact.com /inetpub/wwwroot/netfact/syncomat/help/030installrealproducer indextop.txt
100.04.23 09:22 B C:\My Documents\CRS\syncomat\help\030installrealproducer\120capturingpressstop.htm --> www.netfact.com /inetpub/wwwroot/netfact/syncomat/help/030installrealproducer 120capturingpressstop.htm
100.04.23 09:22 B C:\My Documents\CRS\syncomat\help\030installrealproducer\120capturingpressstop.txt --> www.netfact.com /inetpub/wwwroot/netfact/syncomat/help/030installrealproducer 120capturingpressstop.txt
100.04.23 09:22 B C:\My Documents\CRS\syncomat\help\030installrealproducer\120capturingpressstop.gif --> www.netfact.com /inetpub/wwwroot/netfact/syncomat/help/030installrealproducer 120capturingpressstop.gif
100.04.24 21:33 B C:\My Documents\CRS\syncomat\website\onlinehelp\030installrealproducer\020downloadfillout.htm --> www.netfact.com /inetpub/wwwroot/netfact/syncomat/onlinehelp/030installrealproducer 020downloadfillout.htm
100.04.24 21:33 B C:\My Documents\CRS\syncomat\website\onlinehelp\030installrealproducer\020downloadfillout.txt --> www.netfact.com /inetpub/wwwroot/netfact/syncomat/onlinehelp/030installrealproducer 020downloadfillout.txt
100.04.24 21:33 B C:\My Documents\CRS\syncomat\website\onlinehelp\030installrealproducer\index.htm --> www.netfact.com /inetpub/wwwroot/netfact/syncomat/onlinehelp/030installrealproducer index.htm
100.04.29 16:08 B C:\My Documents\CRS\syncomat\website\onlinehelp\030installrealproducer\010downloadreal7.gif --> www.netfact.com /inetpub/wwwroot/netfact/syncomat/onlinehelp/030installrealproducer 010downloadreal7.gif
100.04.29 16:08 B C:\My Documents\CRS\syncomat\website\onlinehelp\030installrealproducer\010downloadreal7.htm --> www.netfact.com /inetpub/wwwroot/netfact/syncomat/onlinehelp/030installrealproducer 010downloadreal7.htm
100.04.29 16:08 B C:\My Documents\CRS\syncomat\website\onlinehelp\030installrealproducer\010downloadreal7.not --> www.netfact.com /inetpub/wwwroot/netfact/syncomat/onlinehelp/030installrealproducer 010downloadreal7.not
100.04.29 16:08 B C:\My Documents\CRS\syncomat\website\onlinehelp\030installrealproducer\020downloadfillout.gif --> www.netfact.com /inetpub/wwwroot/netfact/syncomat/onlinehelp/030installrealproducer 020downloadfillout.gif
100.04.29 16:08 B C:\My Documents\CRS\syncomat\website\onlinehelp\030installrealproducer\020downloadfillout.htm --> www.netfact.com /inetpub/wwwroot/netfact/syncomat/onlinehelp/030installrealproducer 020downloadfillout.htm
100.04.29 16:08 B C:\My Documents\CRS\syncomat\website\onlinehelp\030installrealproducer\020downloadfillout.not --> www.netfact.com /inetpub/wwwroot/netfact/syncomat/onlinehelp/030installrealproducer 020downloadfillout.not
100.04.29 16:08 B C:\My Documents\CRS\syncomat\website\onlinehelp\030installrealproducer\025downloadstart.gif --> www.netfact.com /inetpub/wwwroot/netfact/syncomat/onlinehelp/030installrealproducer 025downloadstart.gif
100.04.29 16:08 B C:\My Documents\CRS\syncomat\website\onlinehelp\030installrealproducer\025downloadstart.htm --> www.netfact.com /inetpub/wwwroot/netfact/syncomat/onlinehelp/030installrealproducer 025downloadstart.htm
100.04.29 16:08 B C:\My Documents\CRS\syncomat\website\onlinehelp\030installrealproducer\025downloadstart.not --> www.netfact.com /inetpub/wwwroot/netfact/syncomat/onlinehelp/030installrealproducer 025downloadstart.not
100.04.29 16:08 B C:\My Documents\CRS\syncomat\website\onlinehelp\030installrealproducer\027downloadsaveas.gif --> www.netfact.com /inetpub/wwwroot/netfact/syncomat/onlinehelp/030installrealproducer 027downloadsaveas.gif
100.04.29 16:08 B C:\My Documents\CRS\syncomat\website\onlinehelp\030installrealproducer\027downloadsaveas.htm --> www.netfact.com /inetpub/wwwroot/netfact/syncomat/onlinehelp/030installrealproducer 027downloadsaveas.htm
100.04.29 16:08 B C:\My Documents\CRS\syncomat\website\onlinehelp\030installrealproducer\027downloadsaveas.not --> www.netfact.com /inetpub/wwwroot/netfact/syncomat/onlinehelp/030installrealproducer 027downloadsaveas.not
100.04.29 16:08 B C:\My Documents\CRS\syncomat\website\onlinehelp\030installrealproducer\030downloadwhichdir.gif --> www.netfact.com /inetpub/wwwroot/netfact/syncomat/onlinehelp/030installrealproducer 030downloadwhichdir.gif
100.04.29 16:08 B C:\My Documents\CRS\syncomat\website\onlinehelp\030installrealproducer\030downloadwhichdir.htm --> www.netfact.com /inetpub/wwwroot/netfact/syncomat/onlinehelp/030installrealproducer 030downloadwhichdir.htm
100.04.29 16:08 B C:\My Documents\CRS\syncomat\website\onlinehelp\030installrealproducer\030downloadwhichdir.not --> www.netfact.com /inetpub/wwwroot/netfact/syncomat/onlinehelp/030installrealproducer 030downloadwhichdir.not
100.04.29 16:09 B C:\My Documents\CRS\syncomat\website\onlinehelp\030installrealproducer\032downloading.gif --> www.netfact.com /inetpub/wwwroot/netfact/syncomat/onlinehelp/030installrealproducer 032downloading.gif
100.04.29 16:09 B C:\My Documents\CRS\syncomat\website\onlinehelp\030installrealproducer\032downloading.htm --> www.netfact.com /inetpub/wwwroot/netfact/syncomat/onlinehelp/030installrealproducer 032downloading.htm
100.04.29 16:09 B C:\My Documents\CRS\syncomat\website\onlinehelp\030installrealproducer\032downloading.not --> www.netfact.com /inetpub/wwwroot/netfact/syncomat/onlinehelp/030installrealproducer 032downloading.not
100.04.29 16:09 B C:\My Documents\CRS\syncomat\website\onlinehelp\030installrealproducer\040launchrp7setup.gif --> www.netfact.com /inetpub/wwwroot/netfact/syncomat/onlinehelp/030installrealproducer 040launchrp7setup.gif
100.04.29 16:09 B C:\My Documents\CRS\syncomat\website\onlinehelp\030installrealproducer\040launchrp7setup.htm --> www.netfact.com /inetpub/wwwroot/netfact/syncomat/onlinehelp/030installrealproducer 040launchrp7setup.htm
100.04.29 16:09 B C:\My Documents\CRS\syncomat\website\onlinehelp\030installrealproducer\040launchrp7setup.not --> www.netfact.com /inetpub/wwwroot/netfact/syncomat/onlinehelp/030installrealproducer 040launchrp7setup.not
100.04.29 16:09 B C:\My Documents\CRS\syncomat\website\onlinehelp\030installrealproducer\050prepareinstall.gif --> www.netfact.com /inetpub/wwwroot/netfact/syncomat/onlinehelp/030installrealproducer 050prepareinstall.gif
100.04.29 16:09 B C:\My Documents\CRS\syncomat\website\onlinehelp\030installrealproducer\050prepareinstall.htm --> www.netfact.com /inetpub/wwwroot/netfact/syncomat/onlinehelp/030installrealproducer 050prepareinstall.htm
100.04.29 16:09 B C:\My Documents\CRS\syncomat\website\onlinehelp\030installrealproducer\050prepareinstall.not --> www.netfact.com /inetpub/wwwroot/netfact/syncomat/onlinehelp/030installrealproducer 050prepareinstall.not
100.04.29 16:09 B C:\My Documents\CRS\syncomat\website\onlinehelp\030installrealproducer\060acceptlicense.gif --> www.netfact.com /inetpub/wwwroot/netfact/syncomat/onlinehelp/030installrealproducer 060acceptlicense.gif
100.04.29 16:09 B C:\My Documents\CRS\syncomat\website\onlinehelp\030installrealproducer\060acceptlicense.htm --> www.netfact.com /inetpub/wwwroot/netfact/syncomat/onlinehelp/030installrealproducer 060acceptlicense.htm
100.04.29 16:09 B C:\My Documents\CRS\syncomat\website\onlinehelp\030installrealproducer\060acceptlicense.not --> www.netfact.com /inetpub/wwwroot/netfact/syncomat/onlinehelp/030installrealproducer 060acceptlicense.not
100.04.29 16:09 B C:\My Documents\CRS\syncomat\website\onlinehelp\030installrealproducer\070emailanddir.gif --> www.netfact.com /inetpub/wwwroot/netfact/syncomat/onlinehelp/030installrealproducer 070emailanddir.gif
100.04.29 16:09 B C:\My Documents\CRS\syncomat\website\onlinehelp\030installrealproducer\070emailanddir.htm --> www.netfact.com /inetpub/wwwroot/netfact/syncomat/onlinehelp/030installrealproducer 070emailanddir.htm
100.04.29 16:09 B C:\My Documents\CRS\syncomat\website\onlinehelp\030installrealproducer\070emailanddir.not --> www.netfact.com /inetpub/wwwroot/netfact/syncomat/onlinehelp/030installrealproducer 070emailanddir.not
100.04.29 16:09 B C:\My Documents\CRS\syncomat\website\onlinehelp\030installrealproducer\080installingrealproducer.gif --> www.netfact.com /inetpub/wwwroot/netfact/syncomat/onlinehelp/030installrealproducer 080installingrealproducer.gif
100.04.29 16:09 B C:\My Documents\CRS\syncomat\website\onlinehelp\030installrealproducer\080installingrealproducer.htm --> www.netfact.com /inetpub/wwwroot/netfact/syncomat/onlinehelp/030installrealproducer 080installingrealproducer.htm
100.04.29 16:09 B C:\My Documents\CRS\syncomat\website\onlinehelp\030installrealproducer\080installingrealproducer.not --> www.netfact.com /inetpub/wwwroot/netfact/syncomat/onlinehelp/030installrealproducer 080installingrealproducer.not
100.04.29 16:09 B C:\My Documents\CRS\syncomat\website\onlinehelp\030installrealproducer\090nowizards.gif --> www.netfact.com /inetpub/wwwroot/netfact/syncomat/onlinehelp/030installrealproducer 090nowizards.gif
100.04.29 16:09 B C:\My Documents\CRS\syncomat\website\onlinehelp\030installrealproducer\090nowizards.htm --> www.netfact.com /inetpub/wwwroot/netfact/syncomat/onlinehelp/030installrealproducer 090nowizards.htm
100.04.29 16:09 B C:\My Documents\CRS\syncomat\website\onlinehelp\030installrealproducer\090nowizards.not --> www.netfact.com /inetpub/wwwroot/netfact/syncomat/onlinehelp/030installrealproducer 090nowizards.not
100.04.29 16:09 B C:\My Documents\CRS\syncomat\website\onlinehelp\030installrealproducer\100inputmediaoutputfile.gif --> www.netfact.com /inetpub/wwwroot/netfact/syncomat/onlinehelp/030installrealproducer 100inputmediaoutputfile.gif
100.04.29 16:09 B C:\My Documents\CRS\syncomat\website\onlinehelp\030installrealproducer\100inputmediaoutputfile.htm --> www.netfact.com /inetpub/wwwroot/netfact/syncomat/onlinehelp/030installrealproducer 100inputmediaoutputfile.htm
100.04.29 16:09 B C:\My Documents\CRS\syncomat\website\onlinehelp\030installrealproducer\100inputmediaoutputfile.not --> www.netfact.com /inetpub/wwwroot/netfact/syncomat/onlinehelp/030installrealproducer 100inputmediaoutputfile.not
100.04.29 16:09 B C:\My Documents\CRS\syncomat\website\onlinehelp\030installrealproducer\110readytocapture.gif --> www.netfact.com /inetpub/wwwroot/netfact/syncomat/onlinehelp/030installrealproducer 110readytocapture.gif
100.04.29 16:09 B C:\My Documents\CRS\syncomat\website\onlinehelp\030installrealproducer\110readytocapture.htm --> www.netfact.com /inetpub/wwwroot/netfact/syncomat/onlinehelp/030installrealproducer 110readytocapture.htm
100.04.29 16:09 B C:\My Documents\CRS\syncomat\website\onlinehelp\030installrealproducer\110readytocapture.not --> www.netfact.com /inetpub/wwwroot/netfact/syncomat/onlinehelp/030installrealproducer 110readytocapture.not
100.04.29 16:09 B C:\My Documents\CRS\syncomat\website\onlinehelp\030installrealproducer\112selectrecording.gif --> www.netfact.com /inetpub/wwwroot/netfact/syncomat/onlinehelp/030installrealproducer 112selectrecording.gif
100.04.29 16:09 B C:\My Documents\CRS\syncomat\website\onlinehelp\030installrealproducer\112selectrecording.htm --> www.netfact.com /inetpub/wwwroot/netfact/syncomat/onlinehelp/030installrealproducer 112selectrecording.htm
100.04.29 16:09 B C:\My Documents\CRS\syncomat\website\onlinehelp\030installrealproducer\112selectrecording.not --> www.netfact.com /inetpub/wwwroot/netfact/syncomat/onlinehelp/030installrealproducer 112selectrecording.not
100.04.29 16:09 B C:\My Documents\CRS\syncomat\website\onlinehelp\030installrealproducer\114selectmicrophone.gif --> www.netfact.com /inetpub/wwwroot/netfact/syncomat/onlinehelp/030installrealproducer 114selectmicrophone.gif
100.04.29 16:09 B C:\My Documents\CRS\syncomat\website\onlinehelp\030installrealproducer\114selectmicrophone.htm --> www.netfact.com /inetpub/wwwroot/netfact/syncomat/onlinehelp/030installrealproducer 114selectmicrophone.htm
100.04.29 16:10 B C:\My Documents\CRS\syncomat\website\onlinehelp\030installrealproducer\114selectmicrophone.not --> www.netfact.com /inetpub/wwwroot/netfact/syncomat/onlinehelp/030installrealproducer 114selectmicrophone.not
100.04.29 16:10 B C:\My Documents\CRS\syncomat\website\onlinehelp\030installrealproducer\120capturingpressstop.gif --> www.netfact.com /inetpub/wwwroot/netfact/syncomat/onlinehelp/030installrealproducer 120capturingpressstop.gif
100.04.29 16:10 B C:\My Documents\CRS\syncomat\website\onlinehelp\030installrealproducer\120capturingpressstop.htm --> www.netfact.com /inetpub/wwwroot/netfact/syncomat/onlinehelp/030installrealproducer 120capturingpressstop.htm
100.04.29 16:10 B C:\My Documents\CRS\syncomat\website\onlinehelp\030installrealproducer\120capturingpressstop.not --> www.netfact.com /inetpub/wwwroot/netfact/syncomat/onlinehelp/030installrealproducer 120capturingpressstop.not
100.04.29 16:10 B C:\My Documents\CRS\syncomat\website\onlinehelp\030installrealproducer\130playing.gif --> www.netfact.com /inetpub/wwwroot/netfact/syncomat/onlinehelp/030installrealproducer 130playing.gif
100.04.29 16:10 B C:\My Documents\CRS\syncomat\website\onlinehelp\030installrealproducer\130playing.htm --> www.netfact.com /inetpub/wwwroot/netfact/syncomat/onlinehelp/030installrealproducer 130playing.htm
100.04.29 16:10 B C:\My Documents\CRS\syncomat\website\onlinehelp\030installrealproducer\130playing.not --> www.netfact.com /inetpub/wwwroot/netfact/syncomat/onlinehelp/030installrealproducer 130playing.not
100.04.29 16:10 B C:\My Documents\CRS\syncomat\website\onlinehelp\030installrealproducer\index.htm --> www.netfact.com /inetpub/wwwroot/netfact/syncomat/onlinehelp/030installrealproducer index.htm
100.04.29 16:10 B C:\My Documents\CRS\syncomat\website\onlinehelp\030installrealproducer\indexbot.not --> www.netfact.com /inetpub/wwwroot/netfact/syncomat/onlinehelp/030installrealproducer indexbot.not
100.04.29 16:10 B C:\My Documents\CRS\syncomat\website\onlinehelp\030installrealproducer\indextop.not --> www.netfact.com /inetpub/wwwroot/netfact/syncomat/onlinehelp/030installrealproducer indextop.not
103.01.09 09:22 B C:\Documents and Settings\Chuck\Desktop\netfact-archive\syncomat\onlinehelp\030installrealproducer\WS_FTP.LOG <-- netfact /Inetpub/wwwroot/netfact/syncomat/onlinehelp/030installrealproducer WS_FTP.LOG
