100.06.08 19:10 B D:\Inetpub\wwwroot\netfact\csev\syncomat\users\beta.1 <--  /afs/engin.umich.edu/u/c/s/csev/Public/html/syncomat/users beta.1
100.06.08 19:10 B D:\Inetpub\wwwroot\netfact\csev\syncomat\users\betalist <--  /afs/engin.umich.edu/u/c/s/csev/Public/html/syncomat/users betalist
100.06.08 19:10 B D:\Inetpub\wwwroot\netfact\csev\syncomat\users\betamu <--  /afs/engin.umich.edu/u/c/s/csev/Public/html/syncomat/users betamu
100.06.08 19:10 B D:\Inetpub\wwwroot\netfact\csev\syncomat\users\checklist <--  /afs/engin.umich.edu/u/c/s/csev/Public/html/syncomat/users checklist
100.06.08 19:10 B D:\Inetpub\wwwroot\netfact\csev\syncomat\users\list <--  /afs/engin.umich.edu/u/c/s/csev/Public/html/syncomat/users list
100.06.08 19:10 B D:\Inetpub\wwwroot\netfact\csev\syncomat\users\msg.1 <--  /afs/engin.umich.edu/u/c/s/csev/Public/html/syncomat/users msg.1
100.06.08 19:10 B D:\Inetpub\wwwroot\netfact\csev\syncomat\users\msg.10 <--  /afs/engin.umich.edu/u/c/s/csev/Public/html/syncomat/users msg.10
100.06.08 19:10 B D:\Inetpub\wwwroot\netfact\csev\syncomat\users\msg.11 <--  /afs/engin.umich.edu/u/c/s/csev/Public/html/syncomat/users msg.11
100.06.08 19:10 B D:\Inetpub\wwwroot\netfact\csev\syncomat\users\msg.12 <--  /afs/engin.umich.edu/u/c/s/csev/Public/html/syncomat/users msg.12
100.06.08 19:10 B D:\Inetpub\wwwroot\netfact\csev\syncomat\users\msg.13 <--  /afs/engin.umich.edu/u/c/s/csev/Public/html/syncomat/users msg.13
100.06.08 19:10 B D:\Inetpub\wwwroot\netfact\csev\syncomat\users\msg.14 <--  /afs/engin.umich.edu/u/c/s/csev/Public/html/syncomat/users msg.14
100.06.08 19:10 B D:\Inetpub\wwwroot\netfact\csev\syncomat\users\msg.15 <--  /afs/engin.umich.edu/u/c/s/csev/Public/html/syncomat/users msg.15
100.06.08 19:10 B D:\Inetpub\wwwroot\netfact\csev\syncomat\users\msg.16 <--  /afs/engin.umich.edu/u/c/s/csev/Public/html/syncomat/users msg.16
100.06.08 19:10 B D:\Inetpub\wwwroot\netfact\csev\syncomat\users\msg.17 <--  /afs/engin.umich.edu/u/c/s/csev/Public/html/syncomat/users msg.17
100.06.08 19:10 B D:\Inetpub\wwwroot\netfact\csev\syncomat\users\msg.18 <--  /afs/engin.umich.edu/u/c/s/csev/Public/html/syncomat/users msg.18
100.06.08 19:10 B D:\Inetpub\wwwroot\netfact\csev\syncomat\users\msg.19 <--  /afs/engin.umich.edu/u/c/s/csev/Public/html/syncomat/users msg.19
100.06.08 19:10 B D:\Inetpub\wwwroot\netfact\csev\syncomat\users\msg.2 <--  /afs/engin.umich.edu/u/c/s/csev/Public/html/syncomat/users msg.2
100.06.08 19:10 B D:\Inetpub\wwwroot\netfact\csev\syncomat\users\msg.20 <--  /afs/engin.umich.edu/u/c/s/csev/Public/html/syncomat/users msg.20
100.06.08 19:10 B D:\Inetpub\wwwroot\netfact\csev\syncomat\users\msg.21 <--  /afs/engin.umich.edu/u/c/s/csev/Public/html/syncomat/users msg.21
100.06.08 19:10 B D:\Inetpub\wwwroot\netfact\csev\syncomat\users\msg.22 <--  /afs/engin.umich.edu/u/c/s/csev/Public/html/syncomat/users msg.22
100.06.08 19:10 B D:\Inetpub\wwwroot\netfact\csev\syncomat\users\msg.23 <--  /afs/engin.umich.edu/u/c/s/csev/Public/html/syncomat/users msg.23
100.06.08 19:10 B D:\Inetpub\wwwroot\netfact\csev\syncomat\users\msg.24 <--  /afs/engin.umich.edu/u/c/s/csev/Public/html/syncomat/users msg.24
100.06.08 19:10 B D:\Inetpub\wwwroot\netfact\csev\syncomat\users\msg.25 <--  /afs/engin.umich.edu/u/c/s/csev/Public/html/syncomat/users msg.25
100.06.08 19:10 B D:\Inetpub\wwwroot\netfact\csev\syncomat\users\msg.26 <--  /afs/engin.umich.edu/u/c/s/csev/Public/html/syncomat/users msg.26
100.06.08 19:10 B D:\Inetpub\wwwroot\netfact\csev\syncomat\users\msg.3 <--  /afs/engin.umich.edu/u/c/s/csev/Public/html/syncomat/users msg.3
100.06.08 19:10 B D:\Inetpub\wwwroot\netfact\csev\syncomat\users\msg.4 <--  /afs/engin.umich.edu/u/c/s/csev/Public/html/syncomat/users msg.4
100.06.08 19:10 B D:\Inetpub\wwwroot\netfact\csev\syncomat\users\msg.5 <--  /afs/engin.umich.edu/u/c/s/csev/Public/html/syncomat/users msg.5
100.06.08 19:10 B D:\Inetpub\wwwroot\netfact\csev\syncomat\users\msg.6 <--  /afs/engin.umich.edu/u/c/s/csev/Public/html/syncomat/users msg.6
100.06.08 19:10 B D:\Inetpub\wwwroot\netfact\csev\syncomat\users\msg.7 <--  /afs/engin.umich.edu/u/c/s/csev/Public/html/syncomat/users msg.7
100.06.08 19:10 B D:\Inetpub\wwwroot\netfact\csev\syncomat\users\msg.8 <--  /afs/engin.umich.edu/u/c/s/csev/Public/html/syncomat/users msg.8
100.06.08 19:10 B D:\Inetpub\wwwroot\netfact\csev\syncomat\users\msg.9 <--  /afs/engin.umich.edu/u/c/s/csev/Public/html/syncomat/users msg.9
100.06.08 19:10 B D:\Inetpub\wwwroot\netfact\csev\syncomat\users\mu <--  /afs/engin.umich.edu/u/c/s/csev/Public/html/syncomat/users mu
100.06.08 19:10 B D:\Inetpub\wwwroot\netfact\csev\syncomat\users\zzz <--  /afs/engin.umich.edu/u/c/s/csev/Public/html/syncomat/users zzz
102.11.17 13:06 B C:\temp\csev\syncomat\users\WS_FTP.LOG <-- netfact /Inetpub/wwwroot/netfact/csev/syncomat/users WS_FTP.LOG
102.11.17 13:06 B C:\temp\csev\syncomat\users\zzz <-- netfact /Inetpub/wwwroot/netfact/csev/syncomat/users zzz
