103.01.09 09:22 B C:\Documents and Settings\Chuck\Desktop\netfact-archive\syncomat\onlinehelp\050syncomatlecture\010startuppressnew.gif <-- netfact /Inetpub/wwwroot/netfact/syncomat/onlinehelp/050syncomatlecture 010startuppressnew.gif
103.01.09 09:22 B C:\Documents and Settings\Chuck\Desktop\netfact-archive\syncomat\onlinehelp\050syncomatlecture\010startuppressnew.htm <-- netfact /Inetpub/wwwroot/netfact/syncomat/onlinehelp/050syncomatlecture 010startuppressnew.htm
103.01.09 09:22 B C:\Documents and Settings\Chuck\Desktop\netfact-archive\syncomat\onlinehelp\050syncomatlecture\010startuppressnew.not <-- netfact /Inetpub/wwwroot/netfact/syncomat/onlinehelp/050syncomatlecture 010startuppressnew.not
103.01.09 09:22 B C:\Documents and Settings\Chuck\Desktop\netfact-archive\syncomat\onlinehelp\050syncomatlecture\020newlecturesdir.gif <-- netfact /Inetpub/wwwroot/netfact/syncomat/onlinehelp/050syncomatlecture 020newlecturesdir.gif
103.01.09 09:22 B C:\Documents and Settings\Chuck\Desktop\netfact-archive\syncomat\onlinehelp\050syncomatlecture\020newlecturesdir.htm <-- netfact /Inetpub/wwwroot/netfact/syncomat/onlinehelp/050syncomatlecture 020newlecturesdir.htm
103.01.09 09:22 B C:\Documents and Settings\Chuck\Desktop\netfact-archive\syncomat\onlinehelp\050syncomatlecture\020newlecturesdir.not <-- netfact /Inetpub/wwwroot/netfact/syncomat/onlinehelp/050syncomatlecture 020newlecturesdir.not
103.01.09 09:22 B C:\Documents and Settings\Chuck\Desktop\netfact-archive\syncomat\onlinehelp\050syncomatlecture\030selectdirpressnewdir.gif <-- netfact /Inetpub/wwwroot/netfact/syncomat/onlinehelp/050syncomatlecture 030selectdirpressnewdir.gif
103.01.09 09:22 B C:\Documents and Settings\Chuck\Desktop\netfact-archive\syncomat\onlinehelp\050syncomatlecture\030selectdirpressnewdir.htm <-- netfact /Inetpub/wwwroot/netfact/syncomat/onlinehelp/050syncomatlecture 030selectdirpressnewdir.htm
103.01.09 09:22 B C:\Documents and Settings\Chuck\Desktop\netfact-archive\syncomat\onlinehelp\050syncomatlecture\030selectdirpressnewdir.not <-- netfact /Inetpub/wwwroot/netfact/syncomat/onlinehelp/050syncomatlecture 030selectdirpressnewdir.not
103.01.09 09:22 B C:\Documents and Settings\Chuck\Desktop\netfact-archive\syncomat\onlinehelp\050syncomatlecture\040maketestdir.gif <-- netfact /Inetpub/wwwroot/netfact/syncomat/onlinehelp/050syncomatlecture 040maketestdir.gif
103.01.09 09:22 B C:\Documents and Settings\Chuck\Desktop\netfact-archive\syncomat\onlinehelp\050syncomatlecture\040maketestdir.htm <-- netfact /Inetpub/wwwroot/netfact/syncomat/onlinehelp/050syncomatlecture 040maketestdir.htm
103.01.09 09:22 B C:\Documents and Settings\Chuck\Desktop\netfact-archive\syncomat\onlinehelp\050syncomatlecture\040maketestdir.not <-- netfact /Inetpub/wwwroot/netfact/syncomat/onlinehelp/050syncomatlecture 040maketestdir.not
103.01.09 09:22 B C:\Documents and Settings\Chuck\Desktop\netfact-archive\syncomat\onlinehelp\050syncomatlecture\050selectdirectorypressok.gif <-- netfact /Inetpub/wwwroot/netfact/syncomat/onlinehelp/050syncomatlecture 050selectdirectorypressok.gif
103.01.09 09:22 B C:\Documents and Settings\Chuck\Desktop\netfact-archive\syncomat\onlinehelp\050syncomatlecture\050selectdirectorypressok.htm <-- netfact /Inetpub/wwwroot/netfact/syncomat/onlinehelp/050syncomatlecture 050selectdirectorypressok.htm
103.01.09 09:22 B C:\Documents and Settings\Chuck\Desktop\netfact-archive\syncomat\onlinehelp\050syncomatlecture\050selectdirectorypressok.not <-- netfact /Inetpub/wwwroot/netfact/syncomat/onlinehelp/050syncomatlecture 050selectdirectorypressok.not
103.01.09 09:22 B C:\Documents and Settings\Chuck\Desktop\netfact-archive\syncomat\onlinehelp\050syncomatlecture\060selectpptislit.gif <-- netfact /Inetpub/wwwroot/netfact/syncomat/onlinehelp/050syncomatlecture 060selectpptislit.gif
103.01.09 09:22 B C:\Documents and Settings\Chuck\Desktop\netfact-archive\syncomat\onlinehelp\050syncomatlecture\060selectpptislit.htm <-- netfact /Inetpub/wwwroot/netfact/syncomat/onlinehelp/050syncomatlecture 060selectpptislit.htm
103.01.09 09:22 B C:\Documents and Settings\Chuck\Desktop\netfact-archive\syncomat\onlinehelp\050syncomatlecture\060selectpptislit.not <-- netfact /Inetpub/wwwroot/netfact/syncomat/onlinehelp/050syncomatlecture 060selectpptislit.not
103.01.09 09:22 B C:\Documents and Settings\Chuck\Desktop\netfact-archive\syncomat\onlinehelp\050syncomatlecture\070picafile.gif <-- netfact /Inetpub/wwwroot/netfact/syncomat/onlinehelp/050syncomatlecture 070picafile.gif
103.01.09 09:22 B C:\Documents and Settings\Chuck\Desktop\netfact-archive\syncomat\onlinehelp\050syncomatlecture\070picafile.htm <-- netfact /Inetpub/wwwroot/netfact/syncomat/onlinehelp/050syncomatlecture 070picafile.htm
103.01.09 09:22 B C:\Documents and Settings\Chuck\Desktop\netfact-archive\syncomat\onlinehelp\050syncomatlecture\070picafile.not <-- netfact /Inetpub/wwwroot/netfact/syncomat/onlinehelp/050syncomatlecture 070picafile.not
103.01.09 09:22 B C:\Documents and Settings\Chuck\Desktop\netfact-archive\syncomat\onlinehelp\050syncomatlecture\080slidemismatch.gif <-- netfact /Inetpub/wwwroot/netfact/syncomat/onlinehelp/050syncomatlecture 080slidemismatch.gif
103.01.09 09:22 B C:\Documents and Settings\Chuck\Desktop\netfact-archive\syncomat\onlinehelp\050syncomatlecture\080slidemismatch.htm <-- netfact /Inetpub/wwwroot/netfact/syncomat/onlinehelp/050syncomatlecture 080slidemismatch.htm
103.01.09 09:22 B C:\Documents and Settings\Chuck\Desktop\netfact-archive\syncomat\onlinehelp\050syncomatlecture\080slidemismatch.not <-- netfact /Inetpub/wwwroot/netfact/syncomat/onlinehelp/050syncomatlecture 080slidemismatch.not
103.01.09 09:22 B C:\Documents and Settings\Chuck\Desktop\netfact-archive\syncomat\onlinehelp\050syncomatlecture\090selectsizeandconvert.gif <-- netfact /Inetpub/wwwroot/netfact/syncomat/onlinehelp/050syncomatlecture 090selectsizeandconvert.gif
103.01.09 09:22 B C:\Documents and Settings\Chuck\Desktop\netfact-archive\syncomat\onlinehelp\050syncomatlecture\090selectsizeandconvert.htm <-- netfact /Inetpub/wwwroot/netfact/syncomat/onlinehelp/050syncomatlecture 090selectsizeandconvert.htm
103.01.09 09:22 B C:\Documents and Settings\Chuck\Desktop\netfact-archive\syncomat\onlinehelp\050syncomatlecture\090selectsizeandconvert.not <-- netfact /Inetpub/wwwroot/netfact/syncomat/onlinehelp/050syncomatlecture 090selectsizeandconvert.not
103.01.09 09:22 B C:\Documents and Settings\Chuck\Desktop\netfact-archive\syncomat\onlinehelp\050syncomatlecture\100convertedseeplus.gif <-- netfact /Inetpub/wwwroot/netfact/syncomat/onlinehelp/050syncomatlecture 100convertedseeplus.gif
103.01.09 09:22 B C:\Documents and Settings\Chuck\Desktop\netfact-archive\syncomat\onlinehelp\050syncomatlecture\100convertedseeplus.htm <-- netfact /Inetpub/wwwroot/netfact/syncomat/onlinehelp/050syncomatlecture 100convertedseeplus.htm
103.01.09 09:22 B C:\Documents and Settings\Chuck\Desktop\netfact-archive\syncomat\onlinehelp\050syncomatlecture\100convertedseeplus.not <-- netfact /Inetpub/wwwroot/netfact/syncomat/onlinehelp/050syncomatlecture 100convertedseeplus.not
103.01.09 09:22 B C:\Documents and Settings\Chuck\Desktop\netfact-archive\syncomat\onlinehelp\050syncomatlecture\110selectvideocheck.gif <-- netfact /Inetpub/wwwroot/netfact/syncomat/onlinehelp/050syncomatlecture 110selectvideocheck.gif
103.01.09 09:22 B C:\Documents and Settings\Chuck\Desktop\netfact-archive\syncomat\onlinehelp\050syncomatlecture\110selectvideocheck.htm <-- netfact /Inetpub/wwwroot/netfact/syncomat/onlinehelp/050syncomatlecture 110selectvideocheck.htm
103.01.09 09:22 B C:\Documents and Settings\Chuck\Desktop\netfact-archive\syncomat\onlinehelp\050syncomatlecture\110selectvideocheck.not <-- netfact /Inetpub/wwwroot/netfact/syncomat/onlinehelp/050syncomatlecture 110selectvideocheck.not
103.01.09 09:22 B C:\Documents and Settings\Chuck\Desktop\netfact-archive\syncomat\onlinehelp\050syncomatlecture\120pickdriverandpresssetup.gif <-- netfact /Inetpub/wwwroot/netfact/syncomat/onlinehelp/050syncomatlecture 120pickdriverandpresssetup.gif
103.01.09 09:22 B C:\Documents and Settings\Chuck\Desktop\netfact-archive\syncomat\onlinehelp\050syncomatlecture\120pickdriverandpresssetup.htm <-- netfact /Inetpub/wwwroot/netfact/syncomat/onlinehelp/050syncomatlecture 120pickdriverandpresssetup.htm
103.01.09 09:22 B C:\Documents and Settings\Chuck\Desktop\netfact-archive\syncomat\onlinehelp\050syncomatlecture\120pickdriverandpresssetup.not <-- netfact /Inetpub/wwwroot/netfact/syncomat/onlinehelp/050syncomatlecture 120pickdriverandpresssetup.not
103.01.09 09:22 B C:\Documents and Settings\Chuck\Desktop\netfact-archive\syncomat\onlinehelp\050syncomatlecture\130setupcompletepresssource.gif <-- netfact /Inetpub/wwwroot/netfact/syncomat/onlinehelp/050syncomatlecture 130setupcompletepresssource.gif
103.01.09 09:22 B C:\Documents and Settings\Chuck\Desktop\netfact-archive\syncomat\onlinehelp\050syncomatlecture\130setupcompletepresssource.htm <-- netfact /Inetpub/wwwroot/netfact/syncomat/onlinehelp/050syncomatlecture 130setupcompletepresssource.htm
103.01.09 09:22 B C:\Documents and Settings\Chuck\Desktop\netfact-archive\syncomat\onlinehelp\050syncomatlecture\130setupcompletepresssource.not <-- netfact /Inetpub/wwwroot/netfact/syncomat/onlinehelp/050syncomatlecture 130setupcompletepresssource.not
103.01.09 09:22 B C:\Documents and Settings\Chuck\Desktop\netfact-archive\syncomat\onlinehelp\050syncomatlecture\140sourcedialog.gif <-- netfact /Inetpub/wwwroot/netfact/syncomat/onlinehelp/050syncomatlecture 140sourcedialog.gif
103.01.09 09:22 B C:\Documents and Settings\Chuck\Desktop\netfact-archive\syncomat\onlinehelp\050syncomatlecture\140sourcedialog.htm <-- netfact /Inetpub/wwwroot/netfact/syncomat/onlinehelp/050syncomatlecture 140sourcedialog.htm
103.01.09 09:22 B C:\Documents and Settings\Chuck\Desktop\netfact-archive\syncomat\onlinehelp\050syncomatlecture\140sourcedialog.not <-- netfact /Inetpub/wwwroot/netfact/syncomat/onlinehelp/050syncomatlecture 140sourcedialog.not
103.01.09 09:22 B C:\Documents and Settings\Chuck\Desktop\netfact-archive\syncomat\onlinehelp\050syncomatlecture\150formatdialog.gif <-- netfact /Inetpub/wwwroot/netfact/syncomat/onlinehelp/050syncomatlecture 150formatdialog.gif
103.01.09 09:22 B C:\Documents and Settings\Chuck\Desktop\netfact-archive\syncomat\onlinehelp\050syncomatlecture\150formatdialog.htm <-- netfact /Inetpub/wwwroot/netfact/syncomat/onlinehelp/050syncomatlecture 150formatdialog.htm
103.01.09 09:22 B C:\Documents and Settings\Chuck\Desktop\netfact-archive\syncomat\onlinehelp\050syncomatlecture\150formatdialog.not <-- netfact /Inetpub/wwwroot/netfact/syncomat/onlinehelp/050syncomatlecture 150formatdialog.not
103.01.09 09:22 B C:\Documents and Settings\Chuck\Desktop\netfact-archive\syncomat\onlinehelp\050syncomatlecture\160compressiondialog.gif <-- netfact /Inetpub/wwwroot/netfact/syncomat/onlinehelp/050syncomatlecture 160compressiondialog.gif
103.01.09 09:22 B C:\Documents and Settings\Chuck\Desktop\netfact-archive\syncomat\onlinehelp\050syncomatlecture\160compressiondialog.htm <-- netfact /Inetpub/wwwroot/netfact/syncomat/onlinehelp/050syncomatlecture 160compressiondialog.htm
103.01.09 09:22 B C:\Documents and Settings\Chuck\Desktop\netfact-archive\syncomat\onlinehelp\050syncomatlecture\160compressiondialog.not <-- netfact /Inetpub/wwwroot/netfact/syncomat/onlinehelp/050syncomatlecture 160compressiondialog.not
103.01.09 09:22 B C:\Documents and Settings\Chuck\Desktop\netfact-archive\syncomat\onlinehelp\050syncomatlecture\170pressdone.gif <-- netfact /Inetpub/wwwroot/netfact/syncomat/onlinehelp/050syncomatlecture 170pressdone.gif
103.01.09 09:22 B C:\Documents and Settings\Chuck\Desktop\netfact-archive\syncomat\onlinehelp\050syncomatlecture\170pressdone.htm <-- netfact /Inetpub/wwwroot/netfact/syncomat/onlinehelp/050syncomatlecture 170pressdone.htm
103.01.09 09:22 B C:\Documents and Settings\Chuck\Desktop\netfact-archive\syncomat\onlinehelp\050syncomatlecture\170pressdone.not <-- netfact /Inetpub/wwwroot/netfact/syncomat/onlinehelp/050syncomatlecture 170pressdone.not
103.01.09 09:22 B C:\Documents and Settings\Chuck\Desktop\netfact-archive\syncomat\onlinehelp\050syncomatlecture\180readytopressplus.gif <-- netfact /Inetpub/wwwroot/netfact/syncomat/onlinehelp/050syncomatlecture 180readytopressplus.gif
103.01.09 09:22 B C:\Documents and Settings\Chuck\Desktop\netfact-archive\syncomat\onlinehelp\050syncomatlecture\180readytopressplus.htm <-- netfact /Inetpub/wwwroot/netfact/syncomat/onlinehelp/050syncomatlecture 180readytopressplus.htm
103.01.09 09:22 B C:\Documents and Settings\Chuck\Desktop\netfact-archive\syncomat\onlinehelp\050syncomatlecture\180readytopressplus.not <-- netfact /Inetpub/wwwroot/netfact/syncomat/onlinehelp/050syncomatlecture 180readytopressplus.not
103.01.09 09:22 B C:\Documents and Settings\Chuck\Desktop\netfact-archive\syncomat\onlinehelp\050syncomatlecture\190seethefirstslide.gif <-- netfact /Inetpub/wwwroot/netfact/syncomat/onlinehelp/050syncomatlecture 190seethefirstslide.gif
103.01.09 09:22 B C:\Documents and Settings\Chuck\Desktop\netfact-archive\syncomat\onlinehelp\050syncomatlecture\190seethefirstslide.htm <-- netfact /Inetpub/wwwroot/netfact/syncomat/onlinehelp/050syncomatlecture 190seethefirstslide.htm
103.01.09 09:22 B C:\Documents and Settings\Chuck\Desktop\netfact-archive\syncomat\onlinehelp\050syncomatlecture\190seethefirstslide.not <-- netfact /Inetpub/wwwroot/netfact/syncomat/onlinehelp/050syncomatlecture 190seethefirstslide.not
103.01.09 09:22 B C:\Documents and Settings\Chuck\Desktop\netfact-archive\syncomat\onlinehelp\050syncomatlecture\200readytodiskpub.gif <-- netfact /Inetpub/wwwroot/netfact/syncomat/onlinehelp/050syncomatlecture 200readytodiskpub.gif
103.01.09 09:22 B C:\Documents and Settings\Chuck\Desktop\netfact-archive\syncomat\onlinehelp\050syncomatlecture\200readytodiskpub.htm <-- netfact /Inetpub/wwwroot/netfact/syncomat/onlinehelp/050syncomatlecture 200readytodiskpub.htm
103.01.09 09:22 B C:\Documents and Settings\Chuck\Desktop\netfact-archive\syncomat\onlinehelp\050syncomatlecture\200readytodiskpub.not <-- netfact /Inetpub/wwwroot/netfact/syncomat/onlinehelp/050syncomatlecture 200readytodiskpub.not
103.01.09 09:22 B C:\Documents and Settings\Chuck\Desktop\netfact-archive\syncomat\onlinehelp\050syncomatlecture\210newsynccd.gif <-- netfact /Inetpub/wwwroot/netfact/syncomat/onlinehelp/050syncomatlecture 210newsynccd.gif
103.01.09 09:22 B C:\Documents and Settings\Chuck\Desktop\netfact-archive\syncomat\onlinehelp\050syncomatlecture\210newsynccd.htm <-- netfact /Inetpub/wwwroot/netfact/syncomat/onlinehelp/050syncomatlecture 210newsynccd.htm
103.01.09 09:22 B C:\Documents and Settings\Chuck\Desktop\netfact-archive\syncomat\onlinehelp\050syncomatlecture\210newsynccd.not <-- netfact /Inetpub/wwwroot/netfact/syncomat/onlinehelp/050syncomatlecture 210newsynccd.not
103.01.09 09:22 B C:\Documents and Settings\Chuck\Desktop\netfact-archive\syncomat\onlinehelp\050syncomatlecture\220justselectit.gif <-- netfact /Inetpub/wwwroot/netfact/syncomat/onlinehelp/050syncomatlecture 220justselectit.gif
103.01.09 09:22 B C:\Documents and Settings\Chuck\Desktop\netfact-archive\syncomat\onlinehelp\050syncomatlecture\220justselectit.htm <-- netfact /Inetpub/wwwroot/netfact/syncomat/onlinehelp/050syncomatlecture 220justselectit.htm
103.01.09 09:22 B C:\Documents and Settings\Chuck\Desktop\netfact-archive\syncomat\onlinehelp\050syncomatlecture\220justselectit.not <-- netfact /Inetpub/wwwroot/netfact/syncomat/onlinehelp/050syncomatlecture 220justselectit.not
103.01.09 09:22 B C:\Documents and Settings\Chuck\Desktop\netfact-archive\syncomat\onlinehelp\050syncomatlecture\225cleanoutsynccd.gif <-- netfact /Inetpub/wwwroot/netfact/syncomat/onlinehelp/050syncomatlecture 225cleanoutsynccd.gif
103.01.09 09:22 B C:\Documents and Settings\Chuck\Desktop\netfact-archive\syncomat\onlinehelp\050syncomatlecture\225cleanoutsynccd.htm <-- netfact /Inetpub/wwwroot/netfact/syncomat/onlinehelp/050syncomatlecture 225cleanoutsynccd.htm
103.01.09 09:22 B C:\Documents and Settings\Chuck\Desktop\netfact-archive\syncomat\onlinehelp\050syncomatlecture\225cleanoutsynccd.not <-- netfact /Inetpub/wwwroot/netfact/syncomat/onlinehelp/050syncomatlecture 225cleanoutsynccd.not
103.01.09 09:22 B C:\Documents and Settings\Chuck\Desktop\netfact-archive\syncomat\onlinehelp\050syncomatlecture\230publishing.gif <-- netfact /Inetpub/wwwroot/netfact/syncomat/onlinehelp/050syncomatlecture 230publishing.gif
103.01.09 09:22 B C:\Documents and Settings\Chuck\Desktop\netfact-archive\syncomat\onlinehelp\050syncomatlecture\230publishing.htm <-- netfact /Inetpub/wwwroot/netfact/syncomat/onlinehelp/050syncomatlecture 230publishing.htm
103.01.09 09:22 B C:\Documents and Settings\Chuck\Desktop\netfact-archive\syncomat\onlinehelp\050syncomatlecture\230publishing.not <-- netfact /Inetpub/wwwroot/netfact/syncomat/onlinehelp/050syncomatlecture 230publishing.not
103.01.09 09:22 B C:\Documents and Settings\Chuck\Desktop\netfact-archive\syncomat\onlinehelp\050syncomatlecture\240pressdisktst.gif <-- netfact /Inetpub/wwwroot/netfact/syncomat/onlinehelp/050syncomatlecture 240pressdisktst.gif
103.01.09 09:22 B C:\Documents and Settings\Chuck\Desktop\netfact-archive\syncomat\onlinehelp\050syncomatlecture\240pressdisktst.htm <-- netfact /Inetpub/wwwroot/netfact/syncomat/onlinehelp/050syncomatlecture 240pressdisktst.htm
103.01.09 09:22 B C:\Documents and Settings\Chuck\Desktop\netfact-archive\syncomat\onlinehelp\050syncomatlecture\240pressdisktst.not <-- netfact /Inetpub/wwwroot/netfact/syncomat/onlinehelp/050syncomatlecture 240pressdisktst.not
103.01.09 09:22 B C:\Documents and Settings\Chuck\Desktop\netfact-archive\syncomat\onlinehelp\050syncomatlecture\250presspubweb.gif <-- netfact /Inetpub/wwwroot/netfact/syncomat/onlinehelp/050syncomatlecture 250presspubweb.gif
103.01.09 09:22 B C:\Documents and Settings\Chuck\Desktop\netfact-archive\syncomat\onlinehelp\050syncomatlecture\250presspubweb.htm <-- netfact /Inetpub/wwwroot/netfact/syncomat/onlinehelp/050syncomatlecture 250presspubweb.htm
103.01.09 09:22 B C:\Documents and Settings\Chuck\Desktop\netfact-archive\syncomat\onlinehelp\050syncomatlecture\250presspubweb.not <-- netfact /Inetpub/wwwroot/netfact/syncomat/onlinehelp/050syncomatlecture 250presspubweb.not
103.01.09 09:22 B C:\Documents and Settings\Chuck\Desktop\netfact-archive\syncomat\onlinehelp\050syncomatlecture\260selectsyncweb.gif <-- netfact /Inetpub/wwwroot/netfact/syncomat/onlinehelp/050syncomatlecture 260selectsyncweb.gif
103.01.09 09:22 B C:\Documents and Settings\Chuck\Desktop\netfact-archive\syncomat\onlinehelp\050syncomatlecture\260selectsyncweb.htm <-- netfact /Inetpub/wwwroot/netfact/syncomat/onlinehelp/050syncomatlecture 260selectsyncweb.htm
103.01.09 09:22 B C:\Documents and Settings\Chuck\Desktop\netfact-archive\syncomat\onlinehelp\050syncomatlecture\260selectsyncweb.not <-- netfact /Inetpub/wwwroot/netfact/syncomat/onlinehelp/050syncomatlecture 260selectsyncweb.not
103.01.09 09:22 B C:\Documents and Settings\Chuck\Desktop\netfact-archive\syncomat\onlinehelp\050syncomatlecture\270enterurlforlecture.gif <-- netfact /Inetpub/wwwroot/netfact/syncomat/onlinehelp/050syncomatlecture 270enterurlforlecture.gif
103.01.09 09:22 B C:\Documents and Settings\Chuck\Desktop\netfact-archive\syncomat\onlinehelp\050syncomatlecture\270enterurlforlecture.htm <-- netfact /Inetpub/wwwroot/netfact/syncomat/onlinehelp/050syncomatlecture 270enterurlforlecture.htm
103.01.09 09:22 B C:\Documents and Settings\Chuck\Desktop\netfact-archive\syncomat\onlinehelp\050syncomatlecture\270enterurlforlecture.not <-- netfact /Inetpub/wwwroot/netfact/syncomat/onlinehelp/050syncomatlecture 270enterurlforlecture.not
103.01.09 09:22 B C:\Documents and Settings\Chuck\Desktop\netfact-archive\syncomat\onlinehelp\050syncomatlecture\280publishingweb.gif <-- netfact /Inetpub/wwwroot/netfact/syncomat/onlinehelp/050syncomatlecture 280publishingweb.gif
103.01.09 09:22 B C:\Documents and Settings\Chuck\Desktop\netfact-archive\syncomat\onlinehelp\050syncomatlecture\280publishingweb.htm <-- netfact /Inetpub/wwwroot/netfact/syncomat/onlinehelp/050syncomatlecture 280publishingweb.htm
103.01.09 09:22 B C:\Documents and Settings\Chuck\Desktop\netfact-archive\syncomat\onlinehelp\050syncomatlecture\280publishingweb.not <-- netfact /Inetpub/wwwroot/netfact/syncomat/onlinehelp/050syncomatlecture 280publishingweb.not
103.01.09 09:22 B C:\Documents and Settings\Chuck\Desktop\netfact-archive\syncomat\onlinehelp\050syncomatlecture\290pressupload.gif <-- netfact /Inetpub/wwwroot/netfact/syncomat/onlinehelp/050syncomatlecture 290pressupload.gif
103.01.09 09:22 B C:\Documents and Settings\Chuck\Desktop\netfact-archive\syncomat\onlinehelp\050syncomatlecture\290pressupload.htm <-- netfact /Inetpub/wwwroot/netfact/syncomat/onlinehelp/050syncomatlecture 290pressupload.htm
103.01.09 09:22 B C:\Documents and Settings\Chuck\Desktop\netfact-archive\syncomat\onlinehelp\050syncomatlecture\290pressupload.not <-- netfact /Inetpub/wwwroot/netfact/syncomat/onlinehelp/050syncomatlecture 290pressupload.not
103.01.09 09:22 B C:\Documents and Settings\Chuck\Desktop\netfact-archive\syncomat\onlinehelp\050syncomatlecture\300acctpwlogin.gif <-- netfact /Inetpub/wwwroot/netfact/syncomat/onlinehelp/050syncomatlecture 300acctpwlogin.gif
103.01.09 09:22 B C:\Documents and Settings\Chuck\Desktop\netfact-archive\syncomat\onlinehelp\050syncomatlecture\300acctpwlogin.htm <-- netfact /Inetpub/wwwroot/netfact/syncomat/onlinehelp/050syncomatlecture 300acctpwlogin.htm
103.01.09 09:22 B C:\Documents and Settings\Chuck\Desktop\netfact-archive\syncomat\onlinehelp\050syncomatlecture\300acctpwlogin.not <-- netfact /Inetpub/wwwroot/netfact/syncomat/onlinehelp/050syncomatlecture 300acctpwlogin.not
103.01.09 09:22 B C:\Documents and Settings\Chuck\Desktop\netfact-archive\syncomat\onlinehelp\050syncomatlecture\310lookingathomedirpressweb.gif <-- netfact /Inetpub/wwwroot/netfact/syncomat/onlinehelp/050syncomatlecture 310lookingathomedirpressweb.gif
103.01.09 09:22 B C:\Documents and Settings\Chuck\Desktop\netfact-archive\syncomat\onlinehelp\050syncomatlecture\310lookingathomedirpressweb.htm <-- netfact /Inetpub/wwwroot/netfact/syncomat/onlinehelp/050syncomatlecture 310lookingathomedirpressweb.htm
103.01.09 09:22 B C:\Documents and Settings\Chuck\Desktop\netfact-archive\syncomat\onlinehelp\050syncomatlecture\310lookingathomedirpressweb.not <-- netfact /Inetpub/wwwroot/netfact/syncomat/onlinehelp/050syncomatlecture 310lookingathomedirpressweb.not
103.01.09 09:22 B C:\Documents and Settings\Chuck\Desktop\netfact-archive\syncomat\onlinehelp\050syncomatlecture\320intestpressmkdir.gif <-- netfact /Inetpub/wwwroot/netfact/syncomat/onlinehelp/050syncomatlecture 320intestpressmkdir.gif
103.01.09 09:22 B C:\Documents and Settings\Chuck\Desktop\netfact-archive\syncomat\onlinehelp\050syncomatlecture\320intestpressmkdir.htm <-- netfact /Inetpub/wwwroot/netfact/syncomat/onlinehelp/050syncomatlecture 320intestpressmkdir.htm
103.01.09 09:22 B C:\Documents and Settings\Chuck\Desktop\netfact-archive\syncomat\onlinehelp\050syncomatlecture\320intestpressmkdir.not <-- netfact /Inetpub/wwwroot/netfact/syncomat/onlinehelp/050syncomatlecture 320intestpressmkdir.not
103.01.09 09:22 B C:\Documents and Settings\Chuck\Desktop\netfact-archive\syncomat\onlinehelp\050syncomatlecture\330enternewdirtest.gif <-- netfact /Inetpub/wwwroot/netfact/syncomat/onlinehelp/050syncomatlecture 330enternewdirtest.gif
103.01.09 09:22 B C:\Documents and Settings\Chuck\Desktop\netfact-archive\syncomat\onlinehelp\050syncomatlecture\330enternewdirtest.htm <-- netfact /Inetpub/wwwroot/netfact/syncomat/onlinehelp/050syncomatlecture 330enternewdirtest.htm
103.01.09 09:22 B C:\Documents and Settings\Chuck\Desktop\netfact-archive\syncomat\onlinehelp\050syncomatlecture\330enternewdirtest.not <-- netfact /Inetpub/wwwroot/netfact/syncomat/onlinehelp/050syncomatlecture 330enternewdirtest.not
103.01.09 09:22 B C:\Documents and Settings\Chuck\Desktop\netfact-archive\syncomat\onlinehelp\050syncomatlecture\340pressupload.gif <-- netfact /Inetpub/wwwroot/netfact/syncomat/onlinehelp/050syncomatlecture 340pressupload.gif
103.01.09 09:22 B C:\Documents and Settings\Chuck\Desktop\netfact-archive\syncomat\onlinehelp\050syncomatlecture\340pressupload.htm <-- netfact /Inetpub/wwwroot/netfact/syncomat/onlinehelp/050syncomatlecture 340pressupload.htm
103.01.09 09:22 B C:\Documents and Settings\Chuck\Desktop\netfact-archive\syncomat\onlinehelp\050syncomatlecture\340pressupload.not <-- netfact /Inetpub/wwwroot/netfact/syncomat/onlinehelp/050syncomatlecture 340pressupload.not
103.01.09 09:22 B C:\Documents and Settings\Chuck\Desktop\netfact-archive\syncomat\onlinehelp\050syncomatlecture\350uploading.gif <-- netfact /Inetpub/wwwroot/netfact/syncomat/onlinehelp/050syncomatlecture 350uploading.gif
103.01.09 09:22 B C:\Documents and Settings\Chuck\Desktop\netfact-archive\syncomat\onlinehelp\050syncomatlecture\350uploading.htm <-- netfact /Inetpub/wwwroot/netfact/syncomat/onlinehelp/050syncomatlecture 350uploading.htm
103.01.09 09:22 B C:\Documents and Settings\Chuck\Desktop\netfact-archive\syncomat\onlinehelp\050syncomatlecture\350uploading.not <-- netfact /Inetpub/wwwroot/netfact/syncomat/onlinehelp/050syncomatlecture 350uploading.not
103.01.09 09:22 B C:\Documents and Settings\Chuck\Desktop\netfact-archive\syncomat\onlinehelp\050syncomatlecture\360uploadcompletepressclose.gif <-- netfact /Inetpub/wwwroot/netfact/syncomat/onlinehelp/050syncomatlecture 360uploadcompletepressclose.gif
103.01.09 09:22 B C:\Documents and Settings\Chuck\Desktop\netfact-archive\syncomat\onlinehelp\050syncomatlecture\360uploadcompletepressclose.htm <-- netfact /Inetpub/wwwroot/netfact/syncomat/onlinehelp/050syncomatlecture 360uploadcompletepressclose.htm
103.01.09 09:22 B C:\Documents and Settings\Chuck\Desktop\netfact-archive\syncomat\onlinehelp\050syncomatlecture\360uploadcompletepressclose.not <-- netfact /Inetpub/wwwroot/netfact/syncomat/onlinehelp/050syncomatlecture 360uploadcompletepressclose.not
103.01.09 09:22 B C:\Documents and Settings\Chuck\Desktop\netfact-archive\syncomat\onlinehelp\050syncomatlecture\370presswebtest.gif <-- netfact /Inetpub/wwwroot/netfact/syncomat/onlinehelp/050syncomatlecture 370presswebtest.gif
103.01.09 09:22 B C:\Documents and Settings\Chuck\Desktop\netfact-archive\syncomat\onlinehelp\050syncomatlecture\370presswebtest.htm <-- netfact /Inetpub/wwwroot/netfact/syncomat/onlinehelp/050syncomatlecture 370presswebtest.htm
103.01.09 09:22 B C:\Documents and Settings\Chuck\Desktop\netfact-archive\syncomat\onlinehelp\050syncomatlecture\370presswebtest.not <-- netfact /Inetpub/wwwroot/netfact/syncomat/onlinehelp/050syncomatlecture 370presswebtest.not
103.01.09 09:22 B C:\Documents and Settings\Chuck\Desktop\netfact-archive\syncomat\onlinehelp\050syncomatlecture\index.htm <-- netfact /Inetpub/wwwroot/netfact/syncomat/onlinehelp/050syncomatlecture index.htm
103.01.09 09:22 B C:\Documents and Settings\Chuck\Desktop\netfact-archive\syncomat\onlinehelp\050syncomatlecture\indexbot.not <-- netfact /Inetpub/wwwroot/netfact/syncomat/onlinehelp/050syncomatlecture indexbot.not
103.01.09 09:22 B C:\Documents and Settings\Chuck\Desktop\netfact-archive\syncomat\onlinehelp\050syncomatlecture\indextop.not <-- netfact /Inetpub/wwwroot/netfact/syncomat/onlinehelp/050syncomatlecture indextop.not
