103.01.08 17:43 B C:\Documents and Settings\Chuck\Desktop\netfact-archive\syncomat\alpha\index.htm <-- netfact /Inetpub/wwwroot/netfact/syncomat/alpha index.htm
103.01.08 17:43 B C:\Documents and Settings\Chuck\Desktop\netfact-archive\syncomat\alpha\indexalpha.htm <-- netfact /Inetpub/wwwroot/netfact/syncomat/alpha indexalpha.htm
103.01.08 17:43 B C:\Documents and Settings\Chuck\Desktop\netfact-archive\syncomat\alpha\sync2-a2.htm <-- netfact /Inetpub/wwwroot/netfact/syncomat/alpha sync2-a2.htm
103.01.08 17:43 B C:\Documents and Settings\Chuck\Desktop\netfact-archive\syncomat\alpha\sync2-a2.zip <-- netfact /Inetpub/wwwroot/netfact/syncomat/alpha sync2-a2.zip
103.01.08 17:43 B C:\Documents and Settings\Chuck\Desktop\netfact-archive\syncomat\alpha\sync2-a3.htm <-- netfact /Inetpub/wwwroot/netfact/syncomat/alpha sync2-a3.htm
103.01.08 17:43 B C:\Documents and Settings\Chuck\Desktop\netfact-archive\syncomat\alpha\sync2-a3.zip <-- netfact /Inetpub/wwwroot/netfact/syncomat/alpha sync2-a3.zip
103.01.08 17:43 B C:\Documents and Settings\Chuck\Desktop\netfact-archive\syncomat\alpha\sync2-a4-code.zip <-- netfact /Inetpub/wwwroot/netfact/syncomat/alpha sync2-a4-code.zip
103.01.08 17:43 B C:\Documents and Settings\Chuck\Desktop\netfact-archive\syncomat\alpha\sync2-a4.htm <-- netfact /Inetpub/wwwroot/netfact/syncomat/alpha sync2-a4.htm
103.01.08 17:44 B C:\Documents and Settings\Chuck\Desktop\netfact-archive\syncomat\alpha\sync2-a4.zip <-- netfact /Inetpub/wwwroot/netfact/syncomat/alpha sync2-a4.zip
103.01.08 17:44 B C:\Documents and Settings\Chuck\Desktop\netfact-archive\syncomat\alpha\sync2-a5.htm <-- netfact /Inetpub/wwwroot/netfact/syncomat/alpha sync2-a5.htm
103.01.08 17:44 B C:\Documents and Settings\Chuck\Desktop\netfact-archive\syncomat\alpha\sync2-a5.zip <-- netfact /Inetpub/wwwroot/netfact/syncomat/alpha sync2-a5.zip
103.01.08 17:44 B C:\Documents and Settings\Chuck\Desktop\netfact-archive\syncomat\alpha\sync2-a6.htm <-- netfact /Inetpub/wwwroot/netfact/syncomat/alpha sync2-a6.htm
103.01.08 17:44 B C:\Documents and Settings\Chuck\Desktop\netfact-archive\syncomat\alpha\sync2-a6.zip <-- netfact /Inetpub/wwwroot/netfact/syncomat/alpha sync2-a6.zip
103.01.08 17:44 B C:\Documents and Settings\Chuck\Desktop\netfact-archive\syncomat\alpha\sync2-a7.htm <-- netfact /Inetpub/wwwroot/netfact/syncomat/alpha sync2-a7.htm
103.01.08 17:45 B C:\Documents and Settings\Chuck\Desktop\netfact-archive\syncomat\alpha\sync2-a7.zip <-- netfact /Inetpub/wwwroot/netfact/syncomat/alpha sync2-a7.zip
103.01.08 17:45 B C:\Documents and Settings\Chuck\Desktop\netfact-archive\syncomat\alpha\sync2-a7a.zip <-- netfact /Inetpub/wwwroot/netfact/syncomat/alpha sync2-a7a.zip
103.01.08 17:45 B C:\Documents and Settings\Chuck\Desktop\netfact-archive\syncomat\alpha\sync2-a8.htm <-- netfact /Inetpub/wwwroot/netfact/syncomat/alpha sync2-a8.htm
103.01.08 17:45 B C:\Documents and Settings\Chuck\Desktop\netfact-archive\syncomat\alpha\sync2-a8.zip <-- netfact /Inetpub/wwwroot/netfact/syncomat/alpha sync2-a8.zip
103.01.08 17:45 B C:\Documents and Settings\Chuck\Desktop\netfact-archive\syncomat\alpha\sync2-a9.htm <-- netfact /Inetpub/wwwroot/netfact/syncomat/alpha sync2-a9.htm
103.01.08 17:46 B C:\Documents and Settings\Chuck\Desktop\netfact-archive\syncomat\alpha\sync2-a9.zip <-- netfact /Inetpub/wwwroot/netfact/syncomat/alpha sync2-a9.zip
103.01.08 17:46 B C:\Documents and Settings\Chuck\Desktop\netfact-archive\syncomat\alpha\sync2-b1.htm <-- netfact /Inetpub/wwwroot/netfact/syncomat/alpha sync2-b1.htm
103.01.08 17:46 B C:\Documents and Settings\Chuck\Desktop\netfact-archive\syncomat\alpha\sync2-b1.zip <-- netfact /Inetpub/wwwroot/netfact/syncomat/alpha sync2-b1.zip
103.01.08 17:46 B C:\Documents and Settings\Chuck\Desktop\netfact-archive\syncomat\alpha\sync2-b2.htm <-- netfact /Inetpub/wwwroot/netfact/syncomat/alpha sync2-b2.htm
103.01.08 17:46 B C:\Documents and Settings\Chuck\Desktop\netfact-archive\syncomat\alpha\sync2-b2.zip <-- netfact /Inetpub/wwwroot/netfact/syncomat/alpha sync2-b2.zip
103.01.08 17:47 B C:\Documents and Settings\Chuck\Desktop\netfact-archive\syncomat\alpha\sync2-b2a.zip <-- netfact /Inetpub/wwwroot/netfact/syncomat/alpha sync2-b2a.zip
103.01.08 17:47 B C:\Documents and Settings\Chuck\Desktop\netfact-archive\syncomat\alpha\sync2-b3.htm <-- netfact /Inetpub/wwwroot/netfact/syncomat/alpha sync2-b3.htm
103.01.08 17:47 B C:\Documents and Settings\Chuck\Desktop\netfact-archive\syncomat\alpha\sync2-b3.zip <-- netfact /Inetpub/wwwroot/netfact/syncomat/alpha sync2-b3.zip
103.01.08 17:47 B C:\Documents and Settings\Chuck\Desktop\netfact-archive\syncomat\alpha\sync2-b3d.htm <-- netfact /Inetpub/wwwroot/netfact/syncomat/alpha sync2-b3d.htm
103.01.08 17:47 B C:\Documents and Settings\Chuck\Desktop\netfact-archive\syncomat\alpha\sync2-b3d.zip <-- netfact /Inetpub/wwwroot/netfact/syncomat/alpha sync2-b3d.zip
103.01.08 17:47 B C:\Documents and Settings\Chuck\Desktop\netfact-archive\syncomat\alpha\sync2-b4.htm <-- netfact /Inetpub/wwwroot/netfact/syncomat/alpha sync2-b4.htm
103.01.08 17:48 B C:\Documents and Settings\Chuck\Desktop\netfact-archive\syncomat\alpha\sync2-b4.zip <-- netfact /Inetpub/wwwroot/netfact/syncomat/alpha sync2-b4.zip
103.01.08 17:48 B C:\Documents and Settings\Chuck\Desktop\netfact-archive\syncomat\alpha\sync2-b5.htm <-- netfact /Inetpub/wwwroot/netfact/syncomat/alpha sync2-b5.htm
103.01.08 17:48 B C:\Documents and Settings\Chuck\Desktop\netfact-archive\syncomat\alpha\sync2-b5.zip <-- netfact /Inetpub/wwwroot/netfact/syncomat/alpha sync2-b5.zip
103.01.09 06:50 B C:\Documents and Settings\Chuck\Desktop\netfact-archive\syncomat\alpha\index.htm <-- netfact /Inetpub/wwwroot/netfact/syncomat/alpha index.htm
103.01.09 06:50 B C:\Documents and Settings\Chuck\Desktop\netfact-archive\syncomat\alpha\indexalpha.htm <-- netfact /Inetpub/wwwroot/netfact/syncomat/alpha indexalpha.htm
103.01.09 06:50 B C:\Documents and Settings\Chuck\Desktop\netfact-archive\syncomat\alpha\sync2-a2.htm <-- netfact /Inetpub/wwwroot/netfact/syncomat/alpha sync2-a2.htm
103.01.09 06:50 B C:\Documents and Settings\Chuck\Desktop\netfact-archive\syncomat\alpha\sync2-a2.zip <-- netfact /Inetpub/wwwroot/netfact/syncomat/alpha sync2-a2.zip
103.01.09 06:50 B C:\Documents and Settings\Chuck\Desktop\netfact-archive\syncomat\alpha\sync2-a3.htm <-- netfact /Inetpub/wwwroot/netfact/syncomat/alpha sync2-a3.htm
103.01.09 06:51 B C:\Documents and Settings\Chuck\Desktop\netfact-archive\syncomat\alpha\sync2-a3.zip <-- netfact /Inetpub/wwwroot/netfact/syncomat/alpha sync2-a3.zip
103.01.09 06:51 B C:\Documents and Settings\Chuck\Desktop\netfact-archive\syncomat\alpha\sync2-a4-code.zip <-- netfact /Inetpub/wwwroot/netfact/syncomat/alpha sync2-a4-code.zip
103.01.09 06:51 B C:\Documents and Settings\Chuck\Desktop\netfact-archive\syncomat\alpha\sync2-a4.htm <-- netfact /Inetpub/wwwroot/netfact/syncomat/alpha sync2-a4.htm
103.01.09 06:51 B C:\Documents and Settings\Chuck\Desktop\netfact-archive\syncomat\alpha\sync2-a4.zip <-- netfact /Inetpub/wwwroot/netfact/syncomat/alpha sync2-a4.zip
103.01.09 06:51 B C:\Documents and Settings\Chuck\Desktop\netfact-archive\syncomat\alpha\sync2-a5.htm <-- netfact /Inetpub/wwwroot/netfact/syncomat/alpha sync2-a5.htm
103.01.09 06:51 B C:\Documents and Settings\Chuck\Desktop\netfact-archive\syncomat\alpha\sync2-a5.zip <-- netfact /Inetpub/wwwroot/netfact/syncomat/alpha sync2-a5.zip
103.01.09 06:51 B C:\Documents and Settings\Chuck\Desktop\netfact-archive\syncomat\alpha\sync2-a6.htm <-- netfact /Inetpub/wwwroot/netfact/syncomat/alpha sync2-a6.htm
103.01.09 06:52 B C:\Documents and Settings\Chuck\Desktop\netfact-archive\syncomat\alpha\sync2-a6.zip <-- netfact /Inetpub/wwwroot/netfact/syncomat/alpha sync2-a6.zip
103.01.09 06:52 B C:\Documents and Settings\Chuck\Desktop\netfact-archive\syncomat\alpha\sync2-a7.htm <-- netfact /Inetpub/wwwroot/netfact/syncomat/alpha sync2-a7.htm
103.01.09 06:52 B C:\Documents and Settings\Chuck\Desktop\netfact-archive\syncomat\alpha\sync2-a7.zip <-- netfact /Inetpub/wwwroot/netfact/syncomat/alpha sync2-a7.zip
103.01.09 06:52 B C:\Documents and Settings\Chuck\Desktop\netfact-archive\syncomat\alpha\sync2-a7a.zip <-- netfact /Inetpub/wwwroot/netfact/syncomat/alpha sync2-a7a.zip
103.01.09 06:52 B C:\Documents and Settings\Chuck\Desktop\netfact-archive\syncomat\alpha\sync2-a8.htm <-- netfact /Inetpub/wwwroot/netfact/syncomat/alpha sync2-a8.htm
103.01.09 06:53 B C:\Documents and Settings\Chuck\Desktop\netfact-archive\syncomat\alpha\sync2-a8.zip <-- netfact /Inetpub/wwwroot/netfact/syncomat/alpha sync2-a8.zip
103.01.09 06:53 B C:\Documents and Settings\Chuck\Desktop\netfact-archive\syncomat\alpha\sync2-a9.htm <-- netfact /Inetpub/wwwroot/netfact/syncomat/alpha sync2-a9.htm
103.01.09 06:53 B C:\Documents and Settings\Chuck\Desktop\netfact-archive\syncomat\alpha\sync2-a9.zip <-- netfact /Inetpub/wwwroot/netfact/syncomat/alpha sync2-a9.zip
103.01.09 06:53 B C:\Documents and Settings\Chuck\Desktop\netfact-archive\syncomat\alpha\sync2-b1.htm <-- netfact /Inetpub/wwwroot/netfact/syncomat/alpha sync2-b1.htm
103.01.09 06:53 B C:\Documents and Settings\Chuck\Desktop\netfact-archive\syncomat\alpha\sync2-b1.zip <-- netfact /Inetpub/wwwroot/netfact/syncomat/alpha sync2-b1.zip
103.01.09 06:53 B C:\Documents and Settings\Chuck\Desktop\netfact-archive\syncomat\alpha\sync2-b2.htm <-- netfact /Inetpub/wwwroot/netfact/syncomat/alpha sync2-b2.htm
103.01.09 06:54 B C:\Documents and Settings\Chuck\Desktop\netfact-archive\syncomat\alpha\sync2-b2.zip <-- netfact /Inetpub/wwwroot/netfact/syncomat/alpha sync2-b2.zip
103.01.09 06:54 B C:\Documents and Settings\Chuck\Desktop\netfact-archive\syncomat\alpha\sync2-b2a.zip <-- netfact /Inetpub/wwwroot/netfact/syncomat/alpha sync2-b2a.zip
103.01.09 06:54 B C:\Documents and Settings\Chuck\Desktop\netfact-archive\syncomat\alpha\sync2-b3.htm <-- netfact /Inetpub/wwwroot/netfact/syncomat/alpha sync2-b3.htm
103.01.09 06:54 B C:\Documents and Settings\Chuck\Desktop\netfact-archive\syncomat\alpha\sync2-b3.zip <-- netfact /Inetpub/wwwroot/netfact/syncomat/alpha sync2-b3.zip
103.01.09 06:54 B C:\Documents and Settings\Chuck\Desktop\netfact-archive\syncomat\alpha\sync2-b3d.htm <-- netfact /Inetpub/wwwroot/netfact/syncomat/alpha sync2-b3d.htm
103.01.09 06:55 B C:\Documents and Settings\Chuck\Desktop\netfact-archive\syncomat\alpha\sync2-b3d.zip <-- netfact /Inetpub/wwwroot/netfact/syncomat/alpha sync2-b3d.zip
103.01.09 06:55 B C:\Documents and Settings\Chuck\Desktop\netfact-archive\syncomat\alpha\sync2-b4.htm <-- netfact /Inetpub/wwwroot/netfact/syncomat/alpha sync2-b4.htm
103.01.09 06:55 B C:\Documents and Settings\Chuck\Desktop\netfact-archive\syncomat\alpha\sync2-b4.zip <-- netfact /Inetpub/wwwroot/netfact/syncomat/alpha sync2-b4.zip
103.01.09 06:55 B C:\Documents and Settings\Chuck\Desktop\netfact-archive\syncomat\alpha\sync2-b5.htm <-- netfact /Inetpub/wwwroot/netfact/syncomat/alpha sync2-b5.htm
103.01.09 06:55 B C:\Documents and Settings\Chuck\Desktop\netfact-archive\syncomat\alpha\sync2-b5.zip <-- netfact /Inetpub/wwwroot/netfact/syncomat/alpha sync2-b5.zip
103.01.09 08:59 B C:\Documents and Settings\Chuck\Desktop\netfact-archive\syncomat\alpha\index.htm <-- netfact /Inetpub/wwwroot/netfact/syncomat/alpha index.htm
103.01.09 08:59 B C:\Documents and Settings\Chuck\Desktop\netfact-archive\syncomat\alpha\indexalpha.htm <-- netfact /Inetpub/wwwroot/netfact/syncomat/alpha indexalpha.htm
103.01.09 08:59 B C:\Documents and Settings\Chuck\Desktop\netfact-archive\syncomat\alpha\sync2-a2.htm <-- netfact /Inetpub/wwwroot/netfact/syncomat/alpha sync2-a2.htm
103.01.09 08:59 B C:\Documents and Settings\Chuck\Desktop\netfact-archive\syncomat\alpha\sync2-a2.zip <-- netfact /Inetpub/wwwroot/netfact/syncomat/alpha sync2-a2.zip
103.01.09 08:59 B C:\Documents and Settings\Chuck\Desktop\netfact-archive\syncomat\alpha\sync2-a3.htm <-- netfact /Inetpub/wwwroot/netfact/syncomat/alpha sync2-a3.htm
103.01.09 08:59 B C:\Documents and Settings\Chuck\Desktop\netfact-archive\syncomat\alpha\sync2-a3.zip <-- netfact /Inetpub/wwwroot/netfact/syncomat/alpha sync2-a3.zip
103.01.09 08:59 B C:\Documents and Settings\Chuck\Desktop\netfact-archive\syncomat\alpha\sync2-a4-code.zip <-- netfact /Inetpub/wwwroot/netfact/syncomat/alpha sync2-a4-code.zip
103.01.09 08:59 B C:\Documents and Settings\Chuck\Desktop\netfact-archive\syncomat\alpha\sync2-a4.htm <-- netfact /Inetpub/wwwroot/netfact/syncomat/alpha sync2-a4.htm
103.01.09 08:59 B C:\Documents and Settings\Chuck\Desktop\netfact-archive\syncomat\alpha\sync2-a4.zip <-- netfact /Inetpub/wwwroot/netfact/syncomat/alpha sync2-a4.zip
103.01.09 08:59 B C:\Documents and Settings\Chuck\Desktop\netfact-archive\syncomat\alpha\sync2-a5.htm <-- netfact /Inetpub/wwwroot/netfact/syncomat/alpha sync2-a5.htm
103.01.09 08:59 B C:\Documents and Settings\Chuck\Desktop\netfact-archive\syncomat\alpha\sync2-a5.zip <-- netfact /Inetpub/wwwroot/netfact/syncomat/alpha sync2-a5.zip
103.01.09 08:59 B C:\Documents and Settings\Chuck\Desktop\netfact-archive\syncomat\alpha\sync2-a6.htm <-- netfact /Inetpub/wwwroot/netfact/syncomat/alpha sync2-a6.htm
103.01.09 08:59 B C:\Documents and Settings\Chuck\Desktop\netfact-archive\syncomat\alpha\sync2-a6.zip <-- netfact /Inetpub/wwwroot/netfact/syncomat/alpha sync2-a6.zip
103.01.09 08:59 B C:\Documents and Settings\Chuck\Desktop\netfact-archive\syncomat\alpha\sync2-a7.htm <-- netfact /Inetpub/wwwroot/netfact/syncomat/alpha sync2-a7.htm
103.01.09 09:00 B C:\Documents and Settings\Chuck\Desktop\netfact-archive\syncomat\alpha\sync2-a7.zip <-- netfact /Inetpub/wwwroot/netfact/syncomat/alpha sync2-a7.zip
103.01.09 09:00 B C:\Documents and Settings\Chuck\Desktop\netfact-archive\syncomat\alpha\sync2-a7a.zip <-- netfact /Inetpub/wwwroot/netfact/syncomat/alpha sync2-a7a.zip
103.01.09 09:00 B C:\Documents and Settings\Chuck\Desktop\netfact-archive\syncomat\alpha\sync2-a8.htm <-- netfact /Inetpub/wwwroot/netfact/syncomat/alpha sync2-a8.htm
103.01.09 09:00 B C:\Documents and Settings\Chuck\Desktop\netfact-archive\syncomat\alpha\sync2-a8.zip <-- netfact /Inetpub/wwwroot/netfact/syncomat/alpha sync2-a8.zip
103.01.09 09:00 B C:\Documents and Settings\Chuck\Desktop\netfact-archive\syncomat\alpha\sync2-a9.htm <-- netfact /Inetpub/wwwroot/netfact/syncomat/alpha sync2-a9.htm
103.01.09 09:00 B C:\Documents and Settings\Chuck\Desktop\netfact-archive\syncomat\alpha\sync2-a9.zip <-- netfact /Inetpub/wwwroot/netfact/syncomat/alpha sync2-a9.zip
103.01.09 09:00 B C:\Documents and Settings\Chuck\Desktop\netfact-archive\syncomat\alpha\sync2-b1.htm <-- netfact /Inetpub/wwwroot/netfact/syncomat/alpha sync2-b1.htm
103.01.09 09:00 B C:\Documents and Settings\Chuck\Desktop\netfact-archive\syncomat\alpha\sync2-b1.zip <-- netfact /Inetpub/wwwroot/netfact/syncomat/alpha sync2-b1.zip
103.01.09 09:00 B C:\Documents and Settings\Chuck\Desktop\netfact-archive\syncomat\alpha\sync2-b2.htm <-- netfact /Inetpub/wwwroot/netfact/syncomat/alpha sync2-b2.htm
103.01.09 09:00 B C:\Documents and Settings\Chuck\Desktop\netfact-archive\syncomat\alpha\sync2-b2.zip <-- netfact /Inetpub/wwwroot/netfact/syncomat/alpha sync2-b2.zip
103.01.09 09:00 B C:\Documents and Settings\Chuck\Desktop\netfact-archive\syncomat\alpha\sync2-b2a.zip <-- netfact /Inetpub/wwwroot/netfact/syncomat/alpha sync2-b2a.zip
103.01.09 09:00 B C:\Documents and Settings\Chuck\Desktop\netfact-archive\syncomat\alpha\sync2-b3.htm <-- netfact /Inetpub/wwwroot/netfact/syncomat/alpha sync2-b3.htm
103.01.09 09:01 B C:\Documents and Settings\Chuck\Desktop\netfact-archive\syncomat\alpha\sync2-b3.zip <-- netfact /Inetpub/wwwroot/netfact/syncomat/alpha sync2-b3.zip
103.01.09 09:01 B C:\Documents and Settings\Chuck\Desktop\netfact-archive\syncomat\alpha\sync2-b3d.htm <-- netfact /Inetpub/wwwroot/netfact/syncomat/alpha sync2-b3d.htm
103.01.09 09:01 B C:\Documents and Settings\Chuck\Desktop\netfact-archive\syncomat\alpha\sync2-b3d.zip <-- netfact /Inetpub/wwwroot/netfact/syncomat/alpha sync2-b3d.zip
103.01.09 09:01 B C:\Documents and Settings\Chuck\Desktop\netfact-archive\syncomat\alpha\sync2-b4.htm <-- netfact /Inetpub/wwwroot/netfact/syncomat/alpha sync2-b4.htm
103.01.09 09:01 B C:\Documents and Settings\Chuck\Desktop\netfact-archive\syncomat\alpha\sync2-b4.zip <-- netfact /Inetpub/wwwroot/netfact/syncomat/alpha sync2-b4.zip
103.01.09 09:01 B C:\Documents and Settings\Chuck\Desktop\netfact-archive\syncomat\alpha\sync2-b5.htm <-- netfact /Inetpub/wwwroot/netfact/syncomat/alpha sync2-b5.htm
103.01.09 09:01 B C:\Documents and Settings\Chuck\Desktop\netfact-archive\syncomat\alpha\sync2-b5.zip <-- netfact /Inetpub/wwwroot/netfact/syncomat/alpha sync2-b5.zip
