100.04.23 09:15 B C:\My Documents\CRS\syncomat\help\040installsyncomat\060unzipopened.gif --> www.netfact.com /inetpub/wwwroot/netfact/syncomat/help/040installsyncomat 060unzipopened.gif
100.04.23 09:15 B C:\My Documents\CRS\syncomat\help\040installsyncomat\060unzipopened.htm --> www.netfact.com /inetpub/wwwroot/netfact/syncomat/help/040installsyncomat 060unzipopened.htm
100.04.23 09:15 B C:\My Documents\CRS\syncomat\help\040installsyncomat\060unzipopened.txt --> www.netfact.com /inetpub/wwwroot/netfact/syncomat/help/040installsyncomat 060unzipopened.txt
100.04.23 09:15 B C:\My Documents\CRS\syncomat\help\040installsyncomat\065extractto.gif --> www.netfact.com /inetpub/wwwroot/netfact/syncomat/help/040installsyncomat 065extractto.gif
100.04.23 09:15 B C:\My Documents\CRS\syncomat\help\040installsyncomat\065extractto.htm --> www.netfact.com /inetpub/wwwroot/netfact/syncomat/help/040installsyncomat 065extractto.htm
100.04.23 09:16 B C:\My Documents\CRS\syncomat\help\040installsyncomat\065extractto.txt --> www.netfact.com /inetpub/wwwroot/netfact/syncomat/help/040installsyncomat 065extractto.txt
100.04.23 09:16 B C:\My Documents\CRS\syncomat\help\040installsyncomat\070password.gif --> www.netfact.com /inetpub/wwwroot/netfact/syncomat/help/040installsyncomat 070password.gif
100.04.23 09:16 B C:\My Documents\CRS\syncomat\help\040installsyncomat\070password.htm --> www.netfact.com /inetpub/wwwroot/netfact/syncomat/help/040installsyncomat 070password.htm
100.04.23 09:16 B C:\My Documents\CRS\syncomat\help\040installsyncomat\070password.txt --> www.netfact.com /inetpub/wwwroot/netfact/syncomat/help/040installsyncomat 070password.txt
100.04.23 09:16 B C:\My Documents\CRS\syncomat\help\040installsyncomat\090finddirandlaunchsetup.gif --> www.netfact.com /inetpub/wwwroot/netfact/syncomat/help/040installsyncomat 090finddirandlaunchsetup.gif
100.04.23 09:16 B C:\My Documents\CRS\syncomat\help\040installsyncomat\090finddirandlaunchsetup.htm --> www.netfact.com /inetpub/wwwroot/netfact/syncomat/help/040installsyncomat 090finddirandlaunchsetup.htm
100.04.23 09:16 B C:\My Documents\CRS\syncomat\help\040installsyncomat\090finddirandlaunchsetup.txt --> www.netfact.com /inetpub/wwwroot/netfact/syncomat/help/040installsyncomat 090finddirandlaunchsetup.txt
100.04.23 09:16 B C:\My Documents\CRS\syncomat\help\040installsyncomat\100welcomemayneedreboot.gif --> www.netfact.com /inetpub/wwwroot/netfact/syncomat/help/040installsyncomat 100welcomemayneedreboot.gif
100.04.23 09:16 B C:\My Documents\CRS\syncomat\help\040installsyncomat\100welcomemayneedreboot.htm --> www.netfact.com /inetpub/wwwroot/netfact/syncomat/help/040installsyncomat 100welcomemayneedreboot.htm
100.04.23 09:16 B C:\My Documents\CRS\syncomat\help\040installsyncomat\100welcomemayneedreboot.txt --> www.netfact.com /inetpub/wwwroot/netfact/syncomat/help/040installsyncomat 100welcomemayneedreboot.txt
100.04.23 09:16 B C:\My Documents\CRS\syncomat\help\040installsyncomat\110clickonthebigicon.gif --> www.netfact.com /inetpub/wwwroot/netfact/syncomat/help/040installsyncomat 110clickonthebigicon.gif
100.04.23 09:16 B C:\My Documents\CRS\syncomat\help\040installsyncomat\110clickonthebigicon.htm --> www.netfact.com /inetpub/wwwroot/netfact/syncomat/help/040installsyncomat 110clickonthebigicon.htm
100.04.23 09:16 B C:\My Documents\CRS\syncomat\help\040installsyncomat\110clickonthebigicon.txt --> www.netfact.com /inetpub/wwwroot/netfact/syncomat/help/040installsyncomat 110clickonthebigicon.txt
100.04.23 09:16 B C:\My Documents\CRS\syncomat\help\040installsyncomat\120installisdone.gif --> www.netfact.com /inetpub/wwwroot/netfact/syncomat/help/040installsyncomat 120installisdone.gif
100.04.23 09:16 B C:\My Documents\CRS\syncomat\help\040installsyncomat\120installisdone.htm --> www.netfact.com /inetpub/wwwroot/netfact/syncomat/help/040installsyncomat 120installisdone.htm
100.04.23 09:16 B C:\My Documents\CRS\syncomat\help\040installsyncomat\120installisdone.txt --> www.netfact.com /inetpub/wwwroot/netfact/syncomat/help/040installsyncomat 120installisdone.txt
100.04.23 09:16 B C:\My Documents\CRS\syncomat\help\040installsyncomat\130youmustrestart.gif --> www.netfact.com /inetpub/wwwroot/netfact/syncomat/help/040installsyncomat 130youmustrestart.gif
100.04.23 09:16 B C:\My Documents\CRS\syncomat\help\040installsyncomat\130youmustrestart.htm --> www.netfact.com /inetpub/wwwroot/netfact/syncomat/help/040installsyncomat 130youmustrestart.htm
100.04.23 09:16 B C:\My Documents\CRS\syncomat\help\040installsyncomat\130youmustrestart.txt --> www.netfact.com /inetpub/wwwroot/netfact/syncomat/help/040installsyncomat 130youmustrestart.txt
100.04.23 09:16 B C:\My Documents\CRS\syncomat\help\040installsyncomat\index.htm --> www.netfact.com /inetpub/wwwroot/netfact/syncomat/help/040installsyncomat index.htm
100.04.23 09:16 B C:\My Documents\CRS\syncomat\help\040installsyncomat\indexbot.txt --> www.netfact.com /inetpub/wwwroot/netfact/syncomat/help/040installsyncomat indexbot.txt
100.04.23 09:16 B C:\My Documents\CRS\syncomat\help\040installsyncomat\indextop.txt --> www.netfact.com /inetpub/wwwroot/netfact/syncomat/help/040installsyncomat indextop.txt
100.04.29 16:19 B C:\My Documents\CRS\syncomat\website\onlinehelp\040installsyncomat\060unzipopened.gif --> www.netfact.com /inetpub/wwwroot/netfact/syncomat/onlinehelp/040installsyncomat 060unzipopened.gif
100.04.29 16:19 B C:\My Documents\CRS\syncomat\website\onlinehelp\040installsyncomat\060unzipopened.htm --> www.netfact.com /inetpub/wwwroot/netfact/syncomat/onlinehelp/040installsyncomat 060unzipopened.htm
100.04.29 16:19 B C:\My Documents\CRS\syncomat\website\onlinehelp\040installsyncomat\060unzipopened.not --> www.netfact.com /inetpub/wwwroot/netfact/syncomat/onlinehelp/040installsyncomat 060unzipopened.not
100.04.29 16:19 B C:\My Documents\CRS\syncomat\website\onlinehelp\040installsyncomat\065extractto.gif --> www.netfact.com /inetpub/wwwroot/netfact/syncomat/onlinehelp/040installsyncomat 065extractto.gif
100.04.29 16:19 B C:\My Documents\CRS\syncomat\website\onlinehelp\040installsyncomat\065extractto.htm --> www.netfact.com /inetpub/wwwroot/netfact/syncomat/onlinehelp/040installsyncomat 065extractto.htm
100.04.29 16:19 B C:\My Documents\CRS\syncomat\website\onlinehelp\040installsyncomat\065extractto.not --> www.netfact.com /inetpub/wwwroot/netfact/syncomat/onlinehelp/040installsyncomat 065extractto.not
100.04.29 16:19 B C:\My Documents\CRS\syncomat\website\onlinehelp\040installsyncomat\070password.gif --> www.netfact.com /inetpub/wwwroot/netfact/syncomat/onlinehelp/040installsyncomat 070password.gif
100.04.29 16:19 B C:\My Documents\CRS\syncomat\website\onlinehelp\040installsyncomat\070password.htm --> www.netfact.com /inetpub/wwwroot/netfact/syncomat/onlinehelp/040installsyncomat 070password.htm
100.04.29 16:19 B C:\My Documents\CRS\syncomat\website\onlinehelp\040installsyncomat\070password.not --> www.netfact.com /inetpub/wwwroot/netfact/syncomat/onlinehelp/040installsyncomat 070password.not
100.04.29 16:19 B C:\My Documents\CRS\syncomat\website\onlinehelp\040installsyncomat\090finddirandlaunchsetup.gif --> www.netfact.com /inetpub/wwwroot/netfact/syncomat/onlinehelp/040installsyncomat 090finddirandlaunchsetup.gif
100.04.29 16:19 B C:\My Documents\CRS\syncomat\website\onlinehelp\040installsyncomat\090finddirandlaunchsetup.htm --> www.netfact.com /inetpub/wwwroot/netfact/syncomat/onlinehelp/040installsyncomat 090finddirandlaunchsetup.htm
100.04.29 16:19 B C:\My Documents\CRS\syncomat\website\onlinehelp\040installsyncomat\090finddirandlaunchsetup.not --> www.netfact.com /inetpub/wwwroot/netfact/syncomat/onlinehelp/040installsyncomat 090finddirandlaunchsetup.not
100.04.29 16:19 B C:\My Documents\CRS\syncomat\website\onlinehelp\040installsyncomat\100welcomemayneedreboot.gif --> www.netfact.com /inetpub/wwwroot/netfact/syncomat/onlinehelp/040installsyncomat 100welcomemayneedreboot.gif
100.04.29 16:19 B C:\My Documents\CRS\syncomat\website\onlinehelp\040installsyncomat\100welcomemayneedreboot.htm --> www.netfact.com /inetpub/wwwroot/netfact/syncomat/onlinehelp/040installsyncomat 100welcomemayneedreboot.htm
100.04.29 16:19 B C:\My Documents\CRS\syncomat\website\onlinehelp\040installsyncomat\100welcomemayneedreboot.not --> www.netfact.com /inetpub/wwwroot/netfact/syncomat/onlinehelp/040installsyncomat 100welcomemayneedreboot.not
100.04.29 16:19 B C:\My Documents\CRS\syncomat\website\onlinehelp\040installsyncomat\110clickonthebigicon.gif --> www.netfact.com /inetpub/wwwroot/netfact/syncomat/onlinehelp/040installsyncomat 110clickonthebigicon.gif
100.04.29 16:19 B C:\My Documents\CRS\syncomat\website\onlinehelp\040installsyncomat\110clickonthebigicon.htm --> www.netfact.com /inetpub/wwwroot/netfact/syncomat/onlinehelp/040installsyncomat 110clickonthebigicon.htm
100.04.29 16:19 B C:\My Documents\CRS\syncomat\website\onlinehelp\040installsyncomat\110clickonthebigicon.not --> www.netfact.com /inetpub/wwwroot/netfact/syncomat/onlinehelp/040installsyncomat 110clickonthebigicon.not
100.04.29 16:19 B C:\My Documents\CRS\syncomat\website\onlinehelp\040installsyncomat\120installisdone.gif --> www.netfact.com /inetpub/wwwroot/netfact/syncomat/onlinehelp/040installsyncomat 120installisdone.gif
100.04.29 16:19 B C:\My Documents\CRS\syncomat\website\onlinehelp\040installsyncomat\120installisdone.htm --> www.netfact.com /inetpub/wwwroot/netfact/syncomat/onlinehelp/040installsyncomat 120installisdone.htm
100.04.29 16:19 B C:\My Documents\CRS\syncomat\website\onlinehelp\040installsyncomat\120installisdone.not --> www.netfact.com /inetpub/wwwroot/netfact/syncomat/onlinehelp/040installsyncomat 120installisdone.not
100.04.29 16:20 B C:\My Documents\CRS\syncomat\website\onlinehelp\040installsyncomat\130youmustrestart.gif --> www.netfact.com /inetpub/wwwroot/netfact/syncomat/onlinehelp/040installsyncomat 130youmustrestart.gif
100.04.29 16:20 B C:\My Documents\CRS\syncomat\website\onlinehelp\040installsyncomat\130youmustrestart.htm --> www.netfact.com /inetpub/wwwroot/netfact/syncomat/onlinehelp/040installsyncomat 130youmustrestart.htm
100.04.29 16:20 B C:\My Documents\CRS\syncomat\website\onlinehelp\040installsyncomat\130youmustrestart.not --> www.netfact.com /inetpub/wwwroot/netfact/syncomat/onlinehelp/040installsyncomat 130youmustrestart.not
100.04.29 16:20 B C:\My Documents\CRS\syncomat\website\onlinehelp\040installsyncomat\index.htm --> www.netfact.com /inetpub/wwwroot/netfact/syncomat/onlinehelp/040installsyncomat index.htm
100.04.29 16:20 B C:\My Documents\CRS\syncomat\website\onlinehelp\040installsyncomat\indexbot.not --> www.netfact.com /inetpub/wwwroot/netfact/syncomat/onlinehelp/040installsyncomat indexbot.not
100.04.29 16:20 B C:\My Documents\CRS\syncomat\website\onlinehelp\040installsyncomat\indextop.not --> www.netfact.com /inetpub/wwwroot/netfact/syncomat/onlinehelp/040installsyncomat indextop.not
103.01.09 09:22 B C:\Documents and Settings\Chuck\Desktop\netfact-archive\syncomat\onlinehelp\040installsyncomat\WS_FTP.LOG <-- netfact /Inetpub/wwwroot/netfact/syncomat/onlinehelp/040installsyncomat WS_FTP.LOG
