100.04.23 00:18 B C:\My Documents\CRS\syncomat\help\020installrealplayer\010downloadfree.gif --> www.netfact.com /inetpub/wwwroot/netfact/syncomat/help/020installrealplayer 010downloadfree.gif
100.04.23 00:18 B C:\My Documents\CRS\syncomat\help\020installrealplayer\010downloadfree.htm --> www.netfact.com /inetpub/wwwroot/netfact/syncomat/help/020installrealplayer 010downloadfree.htm
100.04.23 00:18 B C:\My Documents\CRS\syncomat\help\020installrealplayer\010downloadfree.txt --> www.netfact.com /inetpub/wwwroot/netfact/syncomat/help/020installrealplayer 010downloadfree.txt
100.04.23 00:18 B C:\My Documents\CRS\syncomat\help\020installrealplayer\020enteryourname.gif --> www.netfact.com /inetpub/wwwroot/netfact/syncomat/help/020installrealplayer 020enteryourname.gif
100.04.23 00:18 B C:\My Documents\CRS\syncomat\help\020installrealplayer\020enteryourname.htm --> www.netfact.com /inetpub/wwwroot/netfact/syncomat/help/020installrealplayer 020enteryourname.htm
100.04.23 00:18 B C:\My Documents\CRS\syncomat\help\020installrealplayer\020enteryourname.txt --> www.netfact.com /inetpub/wwwroot/netfact/syncomat/help/020installrealplayer 020enteryourname.txt
100.04.23 00:18 B C:\My Documents\CRS\syncomat\help\020installrealplayer\030shooseminimal.gif --> www.netfact.com /inetpub/wwwroot/netfact/syncomat/help/020installrealplayer 030shooseminimal.gif
100.04.23 00:18 B C:\My Documents\CRS\syncomat\help\020installrealplayer\030shooseminimal.htm --> www.netfact.com /inetpub/wwwroot/netfact/syncomat/help/020installrealplayer 030shooseminimal.htm
100.04.23 00:18 B C:\My Documents\CRS\syncomat\help\020installrealplayer\030shooseminimal.txt --> www.netfact.com /inetpub/wwwroot/netfact/syncomat/help/020installrealplayer 030shooseminimal.txt
100.04.23 00:18 B C:\My Documents\CRS\syncomat\help\020installrealplayer\040selectdownloadsite.gif --> www.netfact.com /inetpub/wwwroot/netfact/syncomat/help/020installrealplayer 040selectdownloadsite.gif
100.04.23 00:18 B C:\My Documents\CRS\syncomat\help\020installrealplayer\040selectdownloadsite.htm --> www.netfact.com /inetpub/wwwroot/netfact/syncomat/help/020installrealplayer 040selectdownloadsite.htm
100.04.23 00:18 B C:\My Documents\CRS\syncomat\help\020installrealplayer\040selectdownloadsite.txt --> www.netfact.com /inetpub/wwwroot/netfact/syncomat/help/020installrealplayer 040selectdownloadsite.txt
100.04.23 00:18 B C:\My Documents\CRS\syncomat\help\020installrealplayer\050savefiletodisk.gif --> www.netfact.com /inetpub/wwwroot/netfact/syncomat/help/020installrealplayer 050savefiletodisk.gif
100.04.23 00:18 B C:\My Documents\CRS\syncomat\help\020installrealplayer\050savefiletodisk.htm --> www.netfact.com /inetpub/wwwroot/netfact/syncomat/help/020installrealplayer 050savefiletodisk.htm
100.04.23 00:18 B C:\My Documents\CRS\syncomat\help\020installrealplayer\050savefiletodisk.txt --> www.netfact.com /inetpub/wwwroot/netfact/syncomat/help/020installrealplayer 050savefiletodisk.txt
100.04.23 00:18 B C:\My Documents\CRS\syncomat\help\020installrealplayer\060saveasname.gif --> www.netfact.com /inetpub/wwwroot/netfact/syncomat/help/020installrealplayer 060saveasname.gif
100.04.23 00:18 B C:\My Documents\CRS\syncomat\help\020installrealplayer\060saveasname.htm --> www.netfact.com /inetpub/wwwroot/netfact/syncomat/help/020installrealplayer 060saveasname.htm
100.04.23 00:18 B C:\My Documents\CRS\syncomat\help\020installrealplayer\060saveasname.txt --> www.netfact.com /inetpub/wwwroot/netfact/syncomat/help/020installrealplayer 060saveasname.txt
100.04.23 00:18 B C:\My Documents\CRS\syncomat\help\020installrealplayer\070launchrp7setup.gif --> www.netfact.com /inetpub/wwwroot/netfact/syncomat/help/020installrealplayer 070launchrp7setup.gif
100.04.23 00:18 B C:\My Documents\CRS\syncomat\help\020installrealplayer\070launchrp7setup.htm --> www.netfact.com /inetpub/wwwroot/netfact/syncomat/help/020installrealplayer 070launchrp7setup.htm
100.04.23 00:18 B C:\My Documents\CRS\syncomat\help\020installrealplayer\070launchrp7setup.txt --> www.netfact.com /inetpub/wwwroot/netfact/syncomat/help/020installrealplayer 070launchrp7setup.txt
100.04.23 00:18 B C:\My Documents\CRS\syncomat\help\020installrealplayer\080preparinginstall.gif --> www.netfact.com /inetpub/wwwroot/netfact/syncomat/help/020installrealplayer 080preparinginstall.gif
100.04.23 00:18 B C:\My Documents\CRS\syncomat\help\020installrealplayer\080preparinginstall.htm --> www.netfact.com /inetpub/wwwroot/netfact/syncomat/help/020installrealplayer 080preparinginstall.htm
100.04.23 00:18 B C:\My Documents\CRS\syncomat\help\020installrealplayer\080preparinginstall.txt --> www.netfact.com /inetpub/wwwroot/netfact/syncomat/help/020installrealplayer 080preparinginstall.txt
100.04.23 00:18 B C:\My Documents\CRS\syncomat\help\020installrealplayer\090welcometosetup.gif --> www.netfact.com /inetpub/wwwroot/netfact/syncomat/help/020installrealplayer 090welcometosetup.gif
100.04.23 00:18 B C:\My Documents\CRS\syncomat\help\020installrealplayer\090welcometosetup.htm --> www.netfact.com /inetpub/wwwroot/netfact/syncomat/help/020installrealplayer 090welcometosetup.htm
100.04.23 00:18 B C:\My Documents\CRS\syncomat\help\020installrealplayer\090welcometosetup.txt --> www.netfact.com /inetpub/wwwroot/netfact/syncomat/help/020installrealplayer 090welcometosetup.txt
100.04.23 00:18 B C:\My Documents\CRS\syncomat\help\020installrealplayer\100licenseaccept.gif --> www.netfact.com /inetpub/wwwroot/netfact/syncomat/help/020installrealplayer 100licenseaccept.gif
100.04.23 00:18 B C:\My Documents\CRS\syncomat\help\020installrealplayer\100licenseaccept.htm --> www.netfact.com /inetpub/wwwroot/netfact/syncomat/help/020installrealplayer 100licenseaccept.htm
100.04.23 00:18 B C:\My Documents\CRS\syncomat\help\020installrealplayer\100licenseaccept.txt --> www.netfact.com /inetpub/wwwroot/netfact/syncomat/help/020installrealplayer 100licenseaccept.txt
100.04.23 00:18 B C:\My Documents\CRS\syncomat\help\020installrealplayer\110selectfolderforinstall.gif --> www.netfact.com /inetpub/wwwroot/netfact/syncomat/help/020installrealplayer 110selectfolderforinstall.gif
100.04.23 00:18 B C:\My Documents\CRS\syncomat\help\020installrealplayer\110selectfolderforinstall.htm --> www.netfact.com /inetpub/wwwroot/netfact/syncomat/help/020installrealplayer 110selectfolderforinstall.htm
100.04.23 00:18 B C:\My Documents\CRS\syncomat\help\020installrealplayer\110selectfolderforinstall.txt --> www.netfact.com /inetpub/wwwroot/netfact/syncomat/help/020installrealplayer 110selectfolderforinstall.txt
100.04.23 00:18 B C:\My Documents\CRS\syncomat\help\020installrealplayer\120uncheckabunch.gif --> www.netfact.com /inetpub/wwwroot/netfact/syncomat/help/020installrealplayer 120uncheckabunch.gif
100.04.23 00:18 B C:\My Documents\CRS\syncomat\help\020installrealplayer\120uncheckabunch.htm --> www.netfact.com /inetpub/wwwroot/netfact/syncomat/help/020installrealplayer 120uncheckabunch.htm
100.04.23 00:18 B C:\My Documents\CRS\syncomat\help\020installrealplayer\120uncheckabunch.txt --> www.netfact.com /inetpub/wwwroot/netfact/syncomat/help/020installrealplayer 120uncheckabunch.txt
100.04.23 00:18 B C:\My Documents\CRS\syncomat\help\020installrealplayer\130installing.gif --> www.netfact.com /inetpub/wwwroot/netfact/syncomat/help/020installrealplayer 130installing.gif
100.04.23 00:19 B C:\My Documents\CRS\syncomat\help\020installrealplayer\130installing.htm --> www.netfact.com /inetpub/wwwroot/netfact/syncomat/help/020installrealplayer 130installing.htm
100.04.23 00:19 B C:\My Documents\CRS\syncomat\help\020installrealplayer\130installing.txt --> www.netfact.com /inetpub/wwwroot/netfact/syncomat/help/020installrealplayer 130installing.txt
100.04.23 00:19 B C:\My Documents\CRS\syncomat\help\020installrealplayer\140playerconfigemail.gif --> www.netfact.com /inetpub/wwwroot/netfact/syncomat/help/020installrealplayer 140playerconfigemail.gif
100.04.23 00:19 B C:\My Documents\CRS\syncomat\help\020installrealplayer\140playerconfigemail.htm --> www.netfact.com /inetpub/wwwroot/netfact/syncomat/help/020installrealplayer 140playerconfigemail.htm
100.04.23 00:19 B C:\My Documents\CRS\syncomat\help\020installrealplayer\140playerconfigemail.txt --> www.netfact.com /inetpub/wwwroot/netfact/syncomat/help/020installrealplayer 140playerconfigemail.txt
100.04.23 00:19 B C:\My Documents\CRS\syncomat\help\020installrealplayer\150playerspeed.gif --> www.netfact.com /inetpub/wwwroot/netfact/syncomat/help/020installrealplayer 150playerspeed.gif
100.04.23 00:19 B C:\My Documents\CRS\syncomat\help\020installrealplayer\150playerspeed.htm --> www.netfact.com /inetpub/wwwroot/netfact/syncomat/help/020installrealplayer 150playerspeed.htm
100.04.23 00:19 B C:\My Documents\CRS\syncomat\help\020installrealplayer\150playerspeed.txt --> www.netfact.com /inetpub/wwwroot/netfact/syncomat/help/020installrealplayer 150playerspeed.txt
100.04.23 00:19 B C:\My Documents\CRS\syncomat\help\020installrealplayer\160nothanks.gif --> www.netfact.com /inetpub/wwwroot/netfact/syncomat/help/020installrealplayer 160nothanks.gif
100.04.23 00:19 B C:\My Documents\CRS\syncomat\help\020installrealplayer\160nothanks.htm --> www.netfact.com /inetpub/wwwroot/netfact/syncomat/help/020installrealplayer 160nothanks.htm
100.04.23 00:19 B C:\My Documents\CRS\syncomat\help\020installrealplayer\160nothanks.txt --> www.netfact.com /inetpub/wwwroot/netfact/syncomat/help/020installrealplayer 160nothanks.txt
100.04.23 00:19 B C:\My Documents\CRS\syncomat\help\020installrealplayer\170reallynothanks.gif --> www.netfact.com /inetpub/wwwroot/netfact/syncomat/help/020installrealplayer 170reallynothanks.gif
100.04.23 00:19 B C:\My Documents\CRS\syncomat\help\020installrealplayer\170reallynothanks.htm --> www.netfact.com /inetpub/wwwroot/netfact/syncomat/help/020installrealplayer 170reallynothanks.htm
100.04.23 00:19 B C:\My Documents\CRS\syncomat\help\020installrealplayer\170reallynothanks.txt --> www.netfact.com /inetpub/wwwroot/netfact/syncomat/help/020installrealplayer 170reallynothanks.txt
100.04.23 00:19 B C:\My Documents\CRS\syncomat\help\020installrealplayer\index.htm --> www.netfact.com /inetpub/wwwroot/netfact/syncomat/help/020installrealplayer index.htm
100.04.23 00:19 B C:\My Documents\CRS\syncomat\help\020installrealplayer\indexbot.txt --> www.netfact.com /inetpub/wwwroot/netfact/syncomat/help/020installrealplayer indexbot.txt
100.04.23 00:19 B C:\My Documents\CRS\syncomat\help\020installrealplayer\indextop.txt --> www.netfact.com /inetpub/wwwroot/netfact/syncomat/help/020installrealplayer indextop.txt
100.04.24 21:32 B C:\My Documents\CRS\syncomat\website\onlinehelp\020installrealplayer\020enteryourname.htm --> www.netfact.com /inetpub/wwwroot/netfact/syncomat/onlinehelp/020installrealplayer 020enteryourname.htm
100.04.24 21:32 B C:\My Documents\CRS\syncomat\website\onlinehelp\020installrealplayer\020enteryourname.txt --> www.netfact.com /inetpub/wwwroot/netfact/syncomat/onlinehelp/020installrealplayer 020enteryourname.txt
100.04.24 21:34 B C:\My Documents\CRS\syncomat\website\onlinehelp\020installrealplayer\index.htm --> www.netfact.com /inetpub/wwwroot/netfact/syncomat/onlinehelp/020installrealplayer index.htm
100.04.29 16:03 B C:\My Documents\CRS\syncomat\website\onlinehelp\020installrealplayer\010downloadfree.gif --> www.netfact.com /inetpub/wwwroot/netfact/syncomat/onlinehelp/020installrealplayer 010downloadfree.gif
100.04.29 16:03 B C:\My Documents\CRS\syncomat\website\onlinehelp\020installrealplayer\010downloadfree.htm --> www.netfact.com /inetpub/wwwroot/netfact/syncomat/onlinehelp/020installrealplayer 010downloadfree.htm
100.04.29 16:03 B C:\My Documents\CRS\syncomat\website\onlinehelp\020installrealplayer\010downloadfree.not --> www.netfact.com /inetpub/wwwroot/netfact/syncomat/onlinehelp/020installrealplayer 010downloadfree.not
100.04.29 16:03 B C:\My Documents\CRS\syncomat\website\onlinehelp\020installrealplayer\020enteryourname.gif --> www.netfact.com /inetpub/wwwroot/netfact/syncomat/onlinehelp/020installrealplayer 020enteryourname.gif
100.04.29 16:03 B C:\My Documents\CRS\syncomat\website\onlinehelp\020installrealplayer\020enteryourname.htm --> www.netfact.com /inetpub/wwwroot/netfact/syncomat/onlinehelp/020installrealplayer 020enteryourname.htm
100.04.29 16:03 B C:\My Documents\CRS\syncomat\website\onlinehelp\020installrealplayer\020enteryourname.not --> www.netfact.com /inetpub/wwwroot/netfact/syncomat/onlinehelp/020installrealplayer 020enteryourname.not
100.04.29 16:03 B C:\My Documents\CRS\syncomat\website\onlinehelp\020installrealplayer\030shooseminimal.gif --> www.netfact.com /inetpub/wwwroot/netfact/syncomat/onlinehelp/020installrealplayer 030shooseminimal.gif
100.04.29 16:03 B C:\My Documents\CRS\syncomat\website\onlinehelp\020installrealplayer\030shooseminimal.htm --> www.netfact.com /inetpub/wwwroot/netfact/syncomat/onlinehelp/020installrealplayer 030shooseminimal.htm
100.04.29 16:03 B C:\My Documents\CRS\syncomat\website\onlinehelp\020installrealplayer\030shooseminimal.not --> www.netfact.com /inetpub/wwwroot/netfact/syncomat/onlinehelp/020installrealplayer 030shooseminimal.not
100.04.29 16:03 B C:\My Documents\CRS\syncomat\website\onlinehelp\020installrealplayer\040selectdownloadsite.gif --> www.netfact.com /inetpub/wwwroot/netfact/syncomat/onlinehelp/020installrealplayer 040selectdownloadsite.gif
100.04.29 16:03 B C:\My Documents\CRS\syncomat\website\onlinehelp\020installrealplayer\040selectdownloadsite.htm --> www.netfact.com /inetpub/wwwroot/netfact/syncomat/onlinehelp/020installrealplayer 040selectdownloadsite.htm
100.04.29 16:03 B C:\My Documents\CRS\syncomat\website\onlinehelp\020installrealplayer\040selectdownloadsite.not --> www.netfact.com /inetpub/wwwroot/netfact/syncomat/onlinehelp/020installrealplayer 040selectdownloadsite.not
100.04.29 16:03 B C:\My Documents\CRS\syncomat\website\onlinehelp\020installrealplayer\050savefiletodisk.gif --> www.netfact.com /inetpub/wwwroot/netfact/syncomat/onlinehelp/020installrealplayer 050savefiletodisk.gif
100.04.29 16:03 B C:\My Documents\CRS\syncomat\website\onlinehelp\020installrealplayer\050savefiletodisk.htm --> www.netfact.com /inetpub/wwwroot/netfact/syncomat/onlinehelp/020installrealplayer 050savefiletodisk.htm
100.04.29 16:03 B C:\My Documents\CRS\syncomat\website\onlinehelp\020installrealplayer\050savefiletodisk.not --> www.netfact.com /inetpub/wwwroot/netfact/syncomat/onlinehelp/020installrealplayer 050savefiletodisk.not
100.04.29 16:03 B C:\My Documents\CRS\syncomat\website\onlinehelp\020installrealplayer\060saveasname.gif --> www.netfact.com /inetpub/wwwroot/netfact/syncomat/onlinehelp/020installrealplayer 060saveasname.gif
100.04.29 16:03 B C:\My Documents\CRS\syncomat\website\onlinehelp\020installrealplayer\060saveasname.htm --> www.netfact.com /inetpub/wwwroot/netfact/syncomat/onlinehelp/020installrealplayer 060saveasname.htm
100.04.29 16:03 B C:\My Documents\CRS\syncomat\website\onlinehelp\020installrealplayer\060saveasname.not --> www.netfact.com /inetpub/wwwroot/netfact/syncomat/onlinehelp/020installrealplayer 060saveasname.not
100.04.29 16:03 B C:\My Documents\CRS\syncomat\website\onlinehelp\020installrealplayer\070launchrp7setup.gif --> www.netfact.com /inetpub/wwwroot/netfact/syncomat/onlinehelp/020installrealplayer 070launchrp7setup.gif
100.04.29 16:03 B C:\My Documents\CRS\syncomat\website\onlinehelp\020installrealplayer\070launchrp7setup.htm --> www.netfact.com /inetpub/wwwroot/netfact/syncomat/onlinehelp/020installrealplayer 070launchrp7setup.htm
100.04.29 16:03 B C:\My Documents\CRS\syncomat\website\onlinehelp\020installrealplayer\070launchrp7setup.not --> www.netfact.com /inetpub/wwwroot/netfact/syncomat/onlinehelp/020installrealplayer 070launchrp7setup.not
100.04.29 16:03 B C:\My Documents\CRS\syncomat\website\onlinehelp\020installrealplayer\080preparinginstall.gif --> www.netfact.com /inetpub/wwwroot/netfact/syncomat/onlinehelp/020installrealplayer 080preparinginstall.gif
100.04.29 16:03 B C:\My Documents\CRS\syncomat\website\onlinehelp\020installrealplayer\080preparinginstall.htm --> www.netfact.com /inetpub/wwwroot/netfact/syncomat/onlinehelp/020installrealplayer 080preparinginstall.htm
100.04.29 16:03 B C:\My Documents\CRS\syncomat\website\onlinehelp\020installrealplayer\080preparinginstall.not --> www.netfact.com /inetpub/wwwroot/netfact/syncomat/onlinehelp/020installrealplayer 080preparinginstall.not
100.04.29 16:03 B C:\My Documents\CRS\syncomat\website\onlinehelp\020installrealplayer\090welcometosetup.gif --> www.netfact.com /inetpub/wwwroot/netfact/syncomat/onlinehelp/020installrealplayer 090welcometosetup.gif
100.04.29 16:03 B C:\My Documents\CRS\syncomat\website\onlinehelp\020installrealplayer\090welcometosetup.htm --> www.netfact.com /inetpub/wwwroot/netfact/syncomat/onlinehelp/020installrealplayer 090welcometosetup.htm
100.04.29 16:03 B C:\My Documents\CRS\syncomat\website\onlinehelp\020installrealplayer\090welcometosetup.not --> www.netfact.com /inetpub/wwwroot/netfact/syncomat/onlinehelp/020installrealplayer 090welcometosetup.not
100.04.29 16:03 B C:\My Documents\CRS\syncomat\website\onlinehelp\020installrealplayer\100licenseaccept.gif --> www.netfact.com /inetpub/wwwroot/netfact/syncomat/onlinehelp/020installrealplayer 100licenseaccept.gif
100.04.29 16:03 B C:\My Documents\CRS\syncomat\website\onlinehelp\020installrealplayer\100licenseaccept.htm --> www.netfact.com /inetpub/wwwroot/netfact/syncomat/onlinehelp/020installrealplayer 100licenseaccept.htm
100.04.29 16:03 B C:\My Documents\CRS\syncomat\website\onlinehelp\020installrealplayer\100licenseaccept.not --> www.netfact.com /inetpub/wwwroot/netfact/syncomat/onlinehelp/020installrealplayer 100licenseaccept.not
100.04.29 16:03 B C:\My Documents\CRS\syncomat\website\onlinehelp\020installrealplayer\110selectfolderforinstall.gif --> www.netfact.com /inetpub/wwwroot/netfact/syncomat/onlinehelp/020installrealplayer 110selectfolderforinstall.gif
100.04.29 16:03 B C:\My Documents\CRS\syncomat\website\onlinehelp\020installrealplayer\110selectfolderforinstall.htm --> www.netfact.com /inetpub/wwwroot/netfact/syncomat/onlinehelp/020installrealplayer 110selectfolderforinstall.htm
100.04.29 16:03 B C:\My Documents\CRS\syncomat\website\onlinehelp\020installrealplayer\110selectfolderforinstall.not --> www.netfact.com /inetpub/wwwroot/netfact/syncomat/onlinehelp/020installrealplayer 110selectfolderforinstall.not
100.04.29 16:04 B C:\My Documents\CRS\syncomat\website\onlinehelp\020installrealplayer\120uncheckabunch.gif --> www.netfact.com /inetpub/wwwroot/netfact/syncomat/onlinehelp/020installrealplayer 120uncheckabunch.gif
100.04.29 16:04 B C:\My Documents\CRS\syncomat\website\onlinehelp\020installrealplayer\120uncheckabunch.htm --> www.netfact.com /inetpub/wwwroot/netfact/syncomat/onlinehelp/020installrealplayer 120uncheckabunch.htm
100.04.29 16:04 B C:\My Documents\CRS\syncomat\website\onlinehelp\020installrealplayer\120uncheckabunch.not --> www.netfact.com /inetpub/wwwroot/netfact/syncomat/onlinehelp/020installrealplayer 120uncheckabunch.not
100.04.29 16:04 B C:\My Documents\CRS\syncomat\website\onlinehelp\020installrealplayer\130installing.gif --> www.netfact.com /inetpub/wwwroot/netfact/syncomat/onlinehelp/020installrealplayer 130installing.gif
100.04.29 16:04 B C:\My Documents\CRS\syncomat\website\onlinehelp\020installrealplayer\130installing.htm --> www.netfact.com /inetpub/wwwroot/netfact/syncomat/onlinehelp/020installrealplayer 130installing.htm
100.04.29 16:04 B C:\My Documents\CRS\syncomat\website\onlinehelp\020installrealplayer\130installing.not --> www.netfact.com /inetpub/wwwroot/netfact/syncomat/onlinehelp/020installrealplayer 130installing.not
100.04.29 16:04 B C:\My Documents\CRS\syncomat\website\onlinehelp\020installrealplayer\140playerconfigemail.gif --> www.netfact.com /inetpub/wwwroot/netfact/syncomat/onlinehelp/020installrealplayer 140playerconfigemail.gif
100.04.29 16:04 B C:\My Documents\CRS\syncomat\website\onlinehelp\020installrealplayer\140playerconfigemail.htm --> www.netfact.com /inetpub/wwwroot/netfact/syncomat/onlinehelp/020installrealplayer 140playerconfigemail.htm
100.04.29 16:04 B C:\My Documents\CRS\syncomat\website\onlinehelp\020installrealplayer\140playerconfigemail.not --> www.netfact.com /inetpub/wwwroot/netfact/syncomat/onlinehelp/020installrealplayer 140playerconfigemail.not
100.04.29 16:04 B C:\My Documents\CRS\syncomat\website\onlinehelp\020installrealplayer\150playerspeed.gif --> www.netfact.com /inetpub/wwwroot/netfact/syncomat/onlinehelp/020installrealplayer 150playerspeed.gif
100.04.29 16:04 B C:\My Documents\CRS\syncomat\website\onlinehelp\020installrealplayer\150playerspeed.htm --> www.netfact.com /inetpub/wwwroot/netfact/syncomat/onlinehelp/020installrealplayer 150playerspeed.htm
100.04.29 16:04 B C:\My Documents\CRS\syncomat\website\onlinehelp\020installrealplayer\150playerspeed.not --> www.netfact.com /inetpub/wwwroot/netfact/syncomat/onlinehelp/020installrealplayer 150playerspeed.not
100.04.29 16:04 B C:\My Documents\CRS\syncomat\website\onlinehelp\020installrealplayer\160nothanks.gif --> www.netfact.com /inetpub/wwwroot/netfact/syncomat/onlinehelp/020installrealplayer 160nothanks.gif
100.04.29 16:04 B C:\My Documents\CRS\syncomat\website\onlinehelp\020installrealplayer\160nothanks.htm --> www.netfact.com /inetpub/wwwroot/netfact/syncomat/onlinehelp/020installrealplayer 160nothanks.htm
100.04.29 16:04 B C:\My Documents\CRS\syncomat\website\onlinehelp\020installrealplayer\160nothanks.not --> www.netfact.com /inetpub/wwwroot/netfact/syncomat/onlinehelp/020installrealplayer 160nothanks.not
100.04.29 16:04 B C:\My Documents\CRS\syncomat\website\onlinehelp\020installrealplayer\170reallynothanks.gif --> www.netfact.com /inetpub/wwwroot/netfact/syncomat/onlinehelp/020installrealplayer 170reallynothanks.gif
100.04.29 16:04 B C:\My Documents\CRS\syncomat\website\onlinehelp\020installrealplayer\170reallynothanks.htm --> www.netfact.com /inetpub/wwwroot/netfact/syncomat/onlinehelp/020installrealplayer 170reallynothanks.htm
100.04.29 16:04 B C:\My Documents\CRS\syncomat\website\onlinehelp\020installrealplayer\170reallynothanks.not --> www.netfact.com /inetpub/wwwroot/netfact/syncomat/onlinehelp/020installrealplayer 170reallynothanks.not
100.04.29 16:04 B C:\My Documents\CRS\syncomat\website\onlinehelp\020installrealplayer\index.htm --> www.netfact.com /inetpub/wwwroot/netfact/syncomat/onlinehelp/020installrealplayer index.htm
100.04.29 16:04 B C:\My Documents\CRS\syncomat\website\onlinehelp\020installrealplayer\indexbot.not --> www.netfact.com /inetpub/wwwroot/netfact/syncomat/onlinehelp/020installrealplayer indexbot.not
100.04.29 16:04 B C:\My Documents\CRS\syncomat\website\onlinehelp\020installrealplayer\indextop.not --> www.netfact.com /inetpub/wwwroot/netfact/syncomat/onlinehelp/020installrealplayer indextop.not
103.01.09 09:21 B C:\Documents and Settings\Chuck\Desktop\netfact-archive\syncomat\onlinehelp\020installrealplayer\WS_FTP.LOG <-- netfact /Inetpub/wwwroot/netfact/syncomat/onlinehelp/020installrealplayer WS_FTP.LOG
