100.04.29 17:22 B C:\My Documents\CRS\syncomat\website\onlinehelp\070imagesnoppt\010gifseries.gif --> www.netfact.com /inetpub/wwwroot/netfact/syncomat/onlinehelp/070imagesnoppt 010gifseries.gif
100.04.29 17:22 B C:\My Documents\CRS\syncomat\website\onlinehelp\070imagesnoppt\010gifseries.htm --> www.netfact.com /inetpub/wwwroot/netfact/syncomat/onlinehelp/070imagesnoppt 010gifseries.htm
100.04.29 17:22 B C:\My Documents\CRS\syncomat\website\onlinehelp\070imagesnoppt\010gifseries.not --> www.netfact.com /inetpub/wwwroot/netfact/syncomat/onlinehelp/070imagesnoppt 010gifseries.not
100.04.29 17:22 B C:\My Documents\CRS\syncomat\website\onlinehelp\070imagesnoppt\020titlesfile.gif --> www.netfact.com /inetpub/wwwroot/netfact/syncomat/onlinehelp/070imagesnoppt 020titlesfile.gif
100.04.29 17:22 B C:\My Documents\CRS\syncomat\website\onlinehelp\070imagesnoppt\020titlesfile.htm --> www.netfact.com /inetpub/wwwroot/netfact/syncomat/onlinehelp/070imagesnoppt 020titlesfile.htm
100.04.29 17:22 B C:\My Documents\CRS\syncomat\website\onlinehelp\070imagesnoppt\020titlesfile.not --> www.netfact.com /inetpub/wwwroot/netfact/syncomat/onlinehelp/070imagesnoppt 020titlesfile.not
100.04.29 17:22 B C:\My Documents\CRS\syncomat\website\onlinehelp\070imagesnoppt\030notesfile.gif --> www.netfact.com /inetpub/wwwroot/netfact/syncomat/onlinehelp/070imagesnoppt 030notesfile.gif
100.04.29 17:22 B C:\My Documents\CRS\syncomat\website\onlinehelp\070imagesnoppt\030notesfile.htm --> www.netfact.com /inetpub/wwwroot/netfact/syncomat/onlinehelp/070imagesnoppt 030notesfile.htm
100.04.29 17:22 B C:\My Documents\CRS\syncomat\website\onlinehelp\070imagesnoppt\030notesfile.not --> www.netfact.com /inetpub/wwwroot/netfact/syncomat/onlinehelp/070imagesnoppt 030notesfile.not
100.04.29 17:22 B C:\My Documents\CRS\syncomat\website\onlinehelp\070imagesnoppt\040openlecturenotescan.gif --> www.netfact.com /inetpub/wwwroot/netfact/syncomat/onlinehelp/070imagesnoppt 040openlecturenotescan.gif
100.04.29 17:22 B C:\My Documents\CRS\syncomat\website\onlinehelp\070imagesnoppt\040openlecturenotescan.htm --> www.netfact.com /inetpub/wwwroot/netfact/syncomat/onlinehelp/070imagesnoppt 040openlecturenotescan.htm
100.04.29 17:22 B C:\My Documents\CRS\syncomat\website\onlinehelp\070imagesnoppt\040openlecturenotescan.not --> www.netfact.com /inetpub/wwwroot/netfact/syncomat/onlinehelp/070imagesnoppt 040openlecturenotescan.not
100.04.29 17:22 B C:\My Documents\CRS\syncomat\website\onlinehelp\070imagesnoppt\050readytostartpressplus.gif --> www.netfact.com /inetpub/wwwroot/netfact/syncomat/onlinehelp/070imagesnoppt 050readytostartpressplus.gif
100.04.29 17:22 B C:\My Documents\CRS\syncomat\website\onlinehelp\070imagesnoppt\050readytostartpressplus.htm --> www.netfact.com /inetpub/wwwroot/netfact/syncomat/onlinehelp/070imagesnoppt 050readytostartpressplus.htm
100.04.29 17:22 B C:\My Documents\CRS\syncomat\website\onlinehelp\070imagesnoppt\050readytostartpressplus.not --> www.netfact.com /inetpub/wwwroot/netfact/syncomat/onlinehelp/070imagesnoppt 050readytostartpressplus.not
100.04.29 17:22 B C:\My Documents\CRS\syncomat\website\onlinehelp\070imagesnoppt\060slide1resize.gif --> www.netfact.com /inetpub/wwwroot/netfact/syncomat/onlinehelp/070imagesnoppt 060slide1resize.gif
100.04.29 17:22 B C:\My Documents\CRS\syncomat\website\onlinehelp\070imagesnoppt\060slide1resize.htm --> www.netfact.com /inetpub/wwwroot/netfact/syncomat/onlinehelp/070imagesnoppt 060slide1resize.htm
100.04.29 17:22 B C:\My Documents\CRS\syncomat\website\onlinehelp\070imagesnoppt\060slide1resize.not --> www.netfact.com /inetpub/wwwroot/netfact/syncomat/onlinehelp/070imagesnoppt 060slide1resize.not
100.04.29 17:22 B C:\My Documents\CRS\syncomat\website\onlinehelp\070imagesnoppt\065directoryprepublish.gif --> www.netfact.com /inetpub/wwwroot/netfact/syncomat/onlinehelp/070imagesnoppt 065directoryprepublish.gif
100.04.29 17:22 B C:\My Documents\CRS\syncomat\website\onlinehelp\070imagesnoppt\065directoryprepublish.htm --> www.netfact.com /inetpub/wwwroot/netfact/syncomat/onlinehelp/070imagesnoppt 065directoryprepublish.htm
100.04.29 17:22 B C:\My Documents\CRS\syncomat\website\onlinehelp\070imagesnoppt\065directoryprepublish.not --> www.netfact.com /inetpub/wwwroot/netfact/syncomat/onlinehelp/070imagesnoppt 065directoryprepublish.not
100.04.29 17:22 B C:\My Documents\CRS\syncomat\website\onlinehelp\070imagesnoppt\070readytopublish.gif --> www.netfact.com /inetpub/wwwroot/netfact/syncomat/onlinehelp/070imagesnoppt 070readytopublish.gif
100.04.29 17:22 B C:\My Documents\CRS\syncomat\website\onlinehelp\070imagesnoppt\070readytopublish.htm --> www.netfact.com /inetpub/wwwroot/netfact/syncomat/onlinehelp/070imagesnoppt 070readytopublish.htm
100.04.29 17:22 B C:\My Documents\CRS\syncomat\website\onlinehelp\070imagesnoppt\070readytopublish.not --> www.netfact.com /inetpub/wwwroot/netfact/syncomat/onlinehelp/070imagesnoppt 070readytopublish.not
100.04.29 17:22 B C:\My Documents\CRS\syncomat\website\onlinehelp\070imagesnoppt\080testpublish.gif --> www.netfact.com /inetpub/wwwroot/netfact/syncomat/onlinehelp/070imagesnoppt 080testpublish.gif
100.04.29 17:22 B C:\My Documents\CRS\syncomat\website\onlinehelp\070imagesnoppt\080testpublish.htm --> www.netfact.com /inetpub/wwwroot/netfact/syncomat/onlinehelp/070imagesnoppt 080testpublish.htm
100.04.29 17:22 B C:\My Documents\CRS\syncomat\website\onlinehelp\070imagesnoppt\080testpublish.not --> www.netfact.com /inetpub/wwwroot/netfact/syncomat/onlinehelp/070imagesnoppt 080testpublish.not
100.04.29 17:23 B C:\My Documents\CRS\syncomat\website\onlinehelp\070imagesnoppt\index.htm --> www.netfact.com /inetpub/wwwroot/netfact/syncomat/onlinehelp/070imagesnoppt index.htm
100.04.29 17:23 B C:\My Documents\CRS\syncomat\website\onlinehelp\070imagesnoppt\indexbot.not --> www.netfact.com /inetpub/wwwroot/netfact/syncomat/onlinehelp/070imagesnoppt indexbot.not
100.04.29 17:23 B C:\My Documents\CRS\syncomat\website\onlinehelp\070imagesnoppt\indextop.not --> www.netfact.com /inetpub/wwwroot/netfact/syncomat/onlinehelp/070imagesnoppt indextop.not
100.06.18 21:10 B C:\My Documents\CRS\SYNCOMAT\website\onlinehelp\070imagesnoppt\010gifseries.gif --> arctic.cps.msu.edu /tmp/crs/help/070imagesnoppt 010gifseries.gif
100.06.18 21:10 B C:\My Documents\CRS\SYNCOMAT\website\onlinehelp\070imagesnoppt\010gifseries.htm --> arctic.cps.msu.edu /tmp/crs/help/070imagesnoppt 010gifseries.htm
100.06.18 21:10 B C:\My Documents\CRS\SYNCOMAT\website\onlinehelp\070imagesnoppt\010gifseries.not --> arctic.cps.msu.edu /tmp/crs/help/070imagesnoppt 010gifseries.not
100.06.18 21:10 B C:\My Documents\CRS\SYNCOMAT\website\onlinehelp\070imagesnoppt\020titlesfile.gif --> arctic.cps.msu.edu /tmp/crs/help/070imagesnoppt 020titlesfile.gif
100.06.18 21:10 B C:\My Documents\CRS\SYNCOMAT\website\onlinehelp\070imagesnoppt\020titlesfile.htm --> arctic.cps.msu.edu /tmp/crs/help/070imagesnoppt 020titlesfile.htm
100.06.18 21:10 B C:\My Documents\CRS\SYNCOMAT\website\onlinehelp\070imagesnoppt\020titlesfile.not --> arctic.cps.msu.edu /tmp/crs/help/070imagesnoppt 020titlesfile.not
100.06.18 21:10 B C:\My Documents\CRS\SYNCOMAT\website\onlinehelp\070imagesnoppt\030notesfile.gif --> arctic.cps.msu.edu /tmp/crs/help/070imagesnoppt 030notesfile.gif
100.06.18 21:10 B C:\My Documents\CRS\SYNCOMAT\website\onlinehelp\070imagesnoppt\030notesfile.htm --> arctic.cps.msu.edu /tmp/crs/help/070imagesnoppt 030notesfile.htm
100.06.18 21:10 B C:\My Documents\CRS\SYNCOMAT\website\onlinehelp\070imagesnoppt\030notesfile.not --> arctic.cps.msu.edu /tmp/crs/help/070imagesnoppt 030notesfile.not
100.06.18 21:10 B C:\My Documents\CRS\SYNCOMAT\website\onlinehelp\070imagesnoppt\040noslides.gif --> arctic.cps.msu.edu /tmp/crs/help/070imagesnoppt 040noslides.gif
100.06.18 21:10 B C:\My Documents\CRS\SYNCOMAT\website\onlinehelp\070imagesnoppt\040noslides.htm --> arctic.cps.msu.edu /tmp/crs/help/070imagesnoppt 040noslides.htm
100.06.18 21:10 B C:\My Documents\CRS\SYNCOMAT\website\onlinehelp\070imagesnoppt\040noslides.not --> arctic.cps.msu.edu /tmp/crs/help/070imagesnoppt 040noslides.not
100.06.18 21:10 B C:\My Documents\CRS\SYNCOMAT\website\onlinehelp\070imagesnoppt\043liberalnames.gif --> arctic.cps.msu.edu /tmp/crs/help/070imagesnoppt 043liberalnames.gif
100.06.18 21:10 B C:\My Documents\CRS\SYNCOMAT\website\onlinehelp\070imagesnoppt\043liberalnames.htm --> arctic.cps.msu.edu /tmp/crs/help/070imagesnoppt 043liberalnames.htm
100.06.18 21:10 B C:\My Documents\CRS\SYNCOMAT\website\onlinehelp\070imagesnoppt\043liberalnames.not --> arctic.cps.msu.edu /tmp/crs/help/070imagesnoppt 043liberalnames.not
100.06.18 21:10 B C:\My Documents\CRS\SYNCOMAT\website\onlinehelp\070imagesnoppt\045liberalison.gif --> arctic.cps.msu.edu /tmp/crs/help/070imagesnoppt 045liberalison.gif
100.06.18 21:10 B C:\My Documents\CRS\SYNCOMAT\website\onlinehelp\070imagesnoppt\045liberalison.htm --> arctic.cps.msu.edu /tmp/crs/help/070imagesnoppt 045liberalison.htm
100.06.18 21:10 B C:\My Documents\CRS\SYNCOMAT\website\onlinehelp\070imagesnoppt\045liberalison.not --> arctic.cps.msu.edu /tmp/crs/help/070imagesnoppt 045liberalison.not
100.06.18 21:10 B C:\My Documents\CRS\SYNCOMAT\website\onlinehelp\070imagesnoppt\047nowyouseeslides.gif --> arctic.cps.msu.edu /tmp/crs/help/070imagesnoppt 047nowyouseeslides.gif
100.06.18 21:10 B C:\My Documents\CRS\SYNCOMAT\website\onlinehelp\070imagesnoppt\047nowyouseeslides.htm --> arctic.cps.msu.edu /tmp/crs/help/070imagesnoppt 047nowyouseeslides.htm
100.06.18 21:10 B C:\My Documents\CRS\SYNCOMAT\website\onlinehelp\070imagesnoppt\047nowyouseeslides.not --> arctic.cps.msu.edu /tmp/crs/help/070imagesnoppt 047nowyouseeslides.not
100.06.18 21:11 B C:\My Documents\CRS\SYNCOMAT\website\onlinehelp\070imagesnoppt\050readytostartpressplus.gif --> arctic.cps.msu.edu /tmp/crs/help/070imagesnoppt 050readytostartpressplus.gif
100.06.18 21:11 B C:\My Documents\CRS\SYNCOMAT\website\onlinehelp\070imagesnoppt\050readytostartpressplus.htm --> arctic.cps.msu.edu /tmp/crs/help/070imagesnoppt 050readytostartpressplus.htm
100.06.18 21:11 B C:\My Documents\CRS\SYNCOMAT\website\onlinehelp\070imagesnoppt\050readytostartpressplus.not --> arctic.cps.msu.edu /tmp/crs/help/070imagesnoppt 050readytostartpressplus.not
100.06.18 21:11 B C:\My Documents\CRS\SYNCOMAT\website\onlinehelp\070imagesnoppt\060slide1resize.gif --> arctic.cps.msu.edu /tmp/crs/help/070imagesnoppt 060slide1resize.gif
100.06.18 21:11 B C:\My Documents\CRS\SYNCOMAT\website\onlinehelp\070imagesnoppt\060slide1resize.htm --> arctic.cps.msu.edu /tmp/crs/help/070imagesnoppt 060slide1resize.htm
100.06.18 21:11 B C:\My Documents\CRS\SYNCOMAT\website\onlinehelp\070imagesnoppt\060slide1resize.not --> arctic.cps.msu.edu /tmp/crs/help/070imagesnoppt 060slide1resize.not
100.06.18 21:11 B C:\My Documents\CRS\SYNCOMAT\website\onlinehelp\070imagesnoppt\065directoryprepublish.gif --> arctic.cps.msu.edu /tmp/crs/help/070imagesnoppt 065directoryprepublish.gif
100.06.18 21:11 B C:\My Documents\CRS\SYNCOMAT\website\onlinehelp\070imagesnoppt\065directoryprepublish.htm --> arctic.cps.msu.edu /tmp/crs/help/070imagesnoppt 065directoryprepublish.htm
100.06.18 21:11 B C:\My Documents\CRS\SYNCOMAT\website\onlinehelp\070imagesnoppt\065directoryprepublish.not --> arctic.cps.msu.edu /tmp/crs/help/070imagesnoppt 065directoryprepublish.not
100.06.18 21:11 B C:\My Documents\CRS\SYNCOMAT\website\onlinehelp\070imagesnoppt\070readytopublish.gif --> arctic.cps.msu.edu /tmp/crs/help/070imagesnoppt 070readytopublish.gif
100.06.18 21:11 B C:\My Documents\CRS\SYNCOMAT\website\onlinehelp\070imagesnoppt\070readytopublish.htm --> arctic.cps.msu.edu /tmp/crs/help/070imagesnoppt 070readytopublish.htm
100.06.18 21:11 B C:\My Documents\CRS\SYNCOMAT\website\onlinehelp\070imagesnoppt\070readytopublish.not --> arctic.cps.msu.edu /tmp/crs/help/070imagesnoppt 070readytopublish.not
100.06.18 21:11 B C:\My Documents\CRS\SYNCOMAT\website\onlinehelp\070imagesnoppt\080testpublish.gif --> arctic.cps.msu.edu /tmp/crs/help/070imagesnoppt 080testpublish.gif
100.06.18 21:11 B C:\My Documents\CRS\SYNCOMAT\website\onlinehelp\070imagesnoppt\080testpublish.htm --> arctic.cps.msu.edu /tmp/crs/help/070imagesnoppt 080testpublish.htm
100.06.18 21:11 B C:\My Documents\CRS\SYNCOMAT\website\onlinehelp\070imagesnoppt\080testpublish.not --> arctic.cps.msu.edu /tmp/crs/help/070imagesnoppt 080testpublish.not
100.06.18 21:11 B C:\My Documents\CRS\SYNCOMAT\website\onlinehelp\070imagesnoppt\index.htm --> arctic.cps.msu.edu /tmp/crs/help/070imagesnoppt index.htm
100.06.18 21:11 B C:\My Documents\CRS\SYNCOMAT\website\onlinehelp\070imagesnoppt\indexbot.not --> arctic.cps.msu.edu /tmp/crs/help/070imagesnoppt indexbot.not
100.06.18 21:11 B C:\My Documents\CRS\SYNCOMAT\website\onlinehelp\070imagesnoppt\indextop.not --> arctic.cps.msu.edu /tmp/crs/help/070imagesnoppt indextop.not
100.06.18 21:11 B C:\My Documents\CRS\SYNCOMAT\website\onlinehelp\070imagesnoppt\WS_FTP.LOG --> arctic.cps.msu.edu /tmp/crs/help/070imagesnoppt WS_FTP.LOG
100.06.18 22:26 B C:\My Documents\CRS\syncomat\website\onlinehelp\070imagesnoppt\010gifseries.gif --> www.netfact.com /inetpub/wwwroot/netfact/syncomat/onlinehelp/070imagesnoppt 010gifseries.gif
100.06.18 22:26 B C:\My Documents\CRS\syncomat\website\onlinehelp\070imagesnoppt\010gifseries.htm --> www.netfact.com /inetpub/wwwroot/netfact/syncomat/onlinehelp/070imagesnoppt 010gifseries.htm
100.06.18 22:26 B C:\My Documents\CRS\syncomat\website\onlinehelp\070imagesnoppt\010gifseries.not --> www.netfact.com /inetpub/wwwroot/netfact/syncomat/onlinehelp/070imagesnoppt 010gifseries.not
100.06.18 22:26 B C:\My Documents\CRS\syncomat\website\onlinehelp\070imagesnoppt\020titlesfile.gif --> www.netfact.com /inetpub/wwwroot/netfact/syncomat/onlinehelp/070imagesnoppt 020titlesfile.gif
100.06.18 22:26 B C:\My Documents\CRS\syncomat\website\onlinehelp\070imagesnoppt\020titlesfile.htm --> www.netfact.com /inetpub/wwwroot/netfact/syncomat/onlinehelp/070imagesnoppt 020titlesfile.htm
100.06.18 22:26 B C:\My Documents\CRS\syncomat\website\onlinehelp\070imagesnoppt\020titlesfile.not --> www.netfact.com /inetpub/wwwroot/netfact/syncomat/onlinehelp/070imagesnoppt 020titlesfile.not
100.06.18 22:26 B C:\My Documents\CRS\syncomat\website\onlinehelp\070imagesnoppt\030notesfile.gif --> www.netfact.com /inetpub/wwwroot/netfact/syncomat/onlinehelp/070imagesnoppt 030notesfile.gif
100.06.18 22:26 B C:\My Documents\CRS\syncomat\website\onlinehelp\070imagesnoppt\030notesfile.htm --> www.netfact.com /inetpub/wwwroot/netfact/syncomat/onlinehelp/070imagesnoppt 030notesfile.htm
100.06.18 22:26 B C:\My Documents\CRS\syncomat\website\onlinehelp\070imagesnoppt\030notesfile.not --> www.netfact.com /inetpub/wwwroot/netfact/syncomat/onlinehelp/070imagesnoppt 030notesfile.not
100.06.18 22:26 B C:\My Documents\CRS\syncomat\website\onlinehelp\070imagesnoppt\040noslides.gif --> www.netfact.com /inetpub/wwwroot/netfact/syncomat/onlinehelp/070imagesnoppt 040noslides.gif
100.06.18 22:26 B C:\My Documents\CRS\syncomat\website\onlinehelp\070imagesnoppt\040noslides.htm --> www.netfact.com /inetpub/wwwroot/netfact/syncomat/onlinehelp/070imagesnoppt 040noslides.htm
100.06.18 22:26 B C:\My Documents\CRS\syncomat\website\onlinehelp\070imagesnoppt\040noslides.not --> www.netfact.com /inetpub/wwwroot/netfact/syncomat/onlinehelp/070imagesnoppt 040noslides.not
100.06.18 22:26 B C:\My Documents\CRS\syncomat\website\onlinehelp\070imagesnoppt\043liberalnames.gif --> www.netfact.com /inetpub/wwwroot/netfact/syncomat/onlinehelp/070imagesnoppt 043liberalnames.gif
100.06.18 22:26 B C:\My Documents\CRS\syncomat\website\onlinehelp\070imagesnoppt\043liberalnames.htm --> www.netfact.com /inetpub/wwwroot/netfact/syncomat/onlinehelp/070imagesnoppt 043liberalnames.htm
100.06.18 22:26 B C:\My Documents\CRS\syncomat\website\onlinehelp\070imagesnoppt\043liberalnames.not --> www.netfact.com /inetpub/wwwroot/netfact/syncomat/onlinehelp/070imagesnoppt 043liberalnames.not
100.06.18 22:26 B C:\My Documents\CRS\syncomat\website\onlinehelp\070imagesnoppt\045liberalison.gif --> www.netfact.com /inetpub/wwwroot/netfact/syncomat/onlinehelp/070imagesnoppt 045liberalison.gif
100.06.18 22:26 B C:\My Documents\CRS\syncomat\website\onlinehelp\070imagesnoppt\045liberalison.htm --> www.netfact.com /inetpub/wwwroot/netfact/syncomat/onlinehelp/070imagesnoppt 045liberalison.htm
100.06.18 22:26 B C:\My Documents\CRS\syncomat\website\onlinehelp\070imagesnoppt\045liberalison.not --> www.netfact.com /inetpub/wwwroot/netfact/syncomat/onlinehelp/070imagesnoppt 045liberalison.not
100.06.18 22:26 B C:\My Documents\CRS\syncomat\website\onlinehelp\070imagesnoppt\047nowyouseeslides.gif --> www.netfact.com /inetpub/wwwroot/netfact/syncomat/onlinehelp/070imagesnoppt 047nowyouseeslides.gif
100.06.18 22:26 B C:\My Documents\CRS\syncomat\website\onlinehelp\070imagesnoppt\047nowyouseeslides.htm --> www.netfact.com /inetpub/wwwroot/netfact/syncomat/onlinehelp/070imagesnoppt 047nowyouseeslides.htm
100.06.18 22:26 B C:\My Documents\CRS\syncomat\website\onlinehelp\070imagesnoppt\047nowyouseeslides.not --> www.netfact.com /inetpub/wwwroot/netfact/syncomat/onlinehelp/070imagesnoppt 047nowyouseeslides.not
100.06.18 22:26 B C:\My Documents\CRS\syncomat\website\onlinehelp\070imagesnoppt\050readytostartpressplus.gif --> www.netfact.com /inetpub/wwwroot/netfact/syncomat/onlinehelp/070imagesnoppt 050readytostartpressplus.gif
100.06.18 22:26 B C:\My Documents\CRS\syncomat\website\onlinehelp\070imagesnoppt\050readytostartpressplus.htm --> www.netfact.com /inetpub/wwwroot/netfact/syncomat/onlinehelp/070imagesnoppt 050readytostartpressplus.htm
100.06.18 22:26 B C:\My Documents\CRS\syncomat\website\onlinehelp\070imagesnoppt\050readytostartpressplus.not --> www.netfact.com /inetpub/wwwroot/netfact/syncomat/onlinehelp/070imagesnoppt 050readytostartpressplus.not
100.06.18 22:26 B C:\My Documents\CRS\syncomat\website\onlinehelp\070imagesnoppt\060slide1resize.gif --> www.netfact.com /inetpub/wwwroot/netfact/syncomat/onlinehelp/070imagesnoppt 060slide1resize.gif
100.06.18 22:26 B C:\My Documents\CRS\syncomat\website\onlinehelp\070imagesnoppt\060slide1resize.htm --> www.netfact.com /inetpub/wwwroot/netfact/syncomat/onlinehelp/070imagesnoppt 060slide1resize.htm
100.06.18 22:26 B C:\My Documents\CRS\syncomat\website\onlinehelp\070imagesnoppt\060slide1resize.not --> www.netfact.com /inetpub/wwwroot/netfact/syncomat/onlinehelp/070imagesnoppt 060slide1resize.not
100.06.18 22:26 B C:\My Documents\CRS\syncomat\website\onlinehelp\070imagesnoppt\065directoryprepublish.gif --> www.netfact.com /inetpub/wwwroot/netfact/syncomat/onlinehelp/070imagesnoppt 065directoryprepublish.gif
100.06.18 22:26 B C:\My Documents\CRS\syncomat\website\onlinehelp\070imagesnoppt\065directoryprepublish.htm --> www.netfact.com /inetpub/wwwroot/netfact/syncomat/onlinehelp/070imagesnoppt 065directoryprepublish.htm
100.06.18 22:26 B C:\My Documents\CRS\syncomat\website\onlinehelp\070imagesnoppt\065directoryprepublish.not --> www.netfact.com /inetpub/wwwroot/netfact/syncomat/onlinehelp/070imagesnoppt 065directoryprepublish.not
100.06.18 22:26 B C:\My Documents\CRS\syncomat\website\onlinehelp\070imagesnoppt\070readytopublish.gif --> www.netfact.com /inetpub/wwwroot/netfact/syncomat/onlinehelp/070imagesnoppt 070readytopublish.gif
100.06.18 22:26 B C:\My Documents\CRS\syncomat\website\onlinehelp\070imagesnoppt\070readytopublish.htm --> www.netfact.com /inetpub/wwwroot/netfact/syncomat/onlinehelp/070imagesnoppt 070readytopublish.htm
100.06.18 22:26 B C:\My Documents\CRS\syncomat\website\onlinehelp\070imagesnoppt\070readytopublish.not --> www.netfact.com /inetpub/wwwroot/netfact/syncomat/onlinehelp/070imagesnoppt 070readytopublish.not
100.06.18 22:26 B C:\My Documents\CRS\syncomat\website\onlinehelp\070imagesnoppt\080testpublish.gif --> www.netfact.com /inetpub/wwwroot/netfact/syncomat/onlinehelp/070imagesnoppt 080testpublish.gif
100.06.18 22:26 B C:\My Documents\CRS\syncomat\website\onlinehelp\070imagesnoppt\080testpublish.htm --> www.netfact.com /inetpub/wwwroot/netfact/syncomat/onlinehelp/070imagesnoppt 080testpublish.htm
100.06.18 22:26 B C:\My Documents\CRS\syncomat\website\onlinehelp\070imagesnoppt\080testpublish.not --> www.netfact.com /inetpub/wwwroot/netfact/syncomat/onlinehelp/070imagesnoppt 080testpublish.not
100.06.18 22:26 B C:\My Documents\CRS\syncomat\website\onlinehelp\070imagesnoppt\index.htm --> www.netfact.com /inetpub/wwwroot/netfact/syncomat/onlinehelp/070imagesnoppt index.htm
100.06.18 22:26 B C:\My Documents\CRS\syncomat\website\onlinehelp\070imagesnoppt\indexbot.not --> www.netfact.com /inetpub/wwwroot/netfact/syncomat/onlinehelp/070imagesnoppt indexbot.not
100.06.18 22:26 B C:\My Documents\CRS\syncomat\website\onlinehelp\070imagesnoppt\indextop.not --> www.netfact.com /inetpub/wwwroot/netfact/syncomat/onlinehelp/070imagesnoppt indextop.not
103.01.09 09:23 B C:\Documents and Settings\Chuck\Desktop\netfact-archive\syncomat\onlinehelp\070imagesnoppt\WS_FTP.LOG <-- netfact /Inetpub/wwwroot/netfact/syncomat/onlinehelp/070imagesnoppt WS_FTP.LOG
