103.01.09 09:23 B C:\Documents and Settings\Chuck\Desktop\netfact-archive\syncomat\onlinehelp\100clipboard\010imgfiles.gif <-- netfact /Inetpub/wwwroot/netfact/syncomat/onlinehelp/100clipboard 010imgfiles.gif
103.01.09 09:23 B C:\Documents and Settings\Chuck\Desktop\netfact-archive\syncomat\onlinehelp\100clipboard\010imgfiles.htm <-- netfact /Inetpub/wwwroot/netfact/syncomat/onlinehelp/100clipboard 010imgfiles.htm
103.01.09 09:23 B C:\Documents and Settings\Chuck\Desktop\netfact-archive\syncomat\onlinehelp\100clipboard\010imgfiles.not <-- netfact /Inetpub/wwwroot/netfact/syncomat/onlinehelp/100clipboard 010imgfiles.not
103.01.09 09:23 B C:\Documents and Settings\Chuck\Desktop\netfact-archive\syncomat\onlinehelp\100clipboard\020choosedir.gif <-- netfact /Inetpub/wwwroot/netfact/syncomat/onlinehelp/100clipboard 020choosedir.gif
103.01.09 09:23 B C:\Documents and Settings\Chuck\Desktop\netfact-archive\syncomat\onlinehelp\100clipboard\020choosedir.htm <-- netfact /Inetpub/wwwroot/netfact/syncomat/onlinehelp/100clipboard 020choosedir.htm
103.01.09 09:23 B C:\Documents and Settings\Chuck\Desktop\netfact-archive\syncomat\onlinehelp\100clipboard\020choosedir.not <-- netfact /Inetpub/wwwroot/netfact/syncomat/onlinehelp/100clipboard 020choosedir.not
103.01.09 09:23 B C:\Documents and Settings\Chuck\Desktop\netfact-archive\syncomat\onlinehelp\100clipboard\030lecturing.gif <-- netfact /Inetpub/wwwroot/netfact/syncomat/onlinehelp/100clipboard 030lecturing.gif
103.01.09 09:23 B C:\Documents and Settings\Chuck\Desktop\netfact-archive\syncomat\onlinehelp\100clipboard\030lecturing.htm <-- netfact /Inetpub/wwwroot/netfact/syncomat/onlinehelp/100clipboard 030lecturing.htm
103.01.09 09:23 B C:\Documents and Settings\Chuck\Desktop\netfact-archive\syncomat\onlinehelp\100clipboard\030lecturing.not <-- netfact /Inetpub/wwwroot/netfact/syncomat/onlinehelp/100clipboard 030lecturing.not
103.01.09 09:23 B C:\Documents and Settings\Chuck\Desktop\netfact-archive\syncomat\onlinehelp\100clipboard\040dirafter.gif <-- netfact /Inetpub/wwwroot/netfact/syncomat/onlinehelp/100clipboard 040dirafter.gif
103.01.09 09:23 B C:\Documents and Settings\Chuck\Desktop\netfact-archive\syncomat\onlinehelp\100clipboard\040dirafter.htm <-- netfact /Inetpub/wwwroot/netfact/syncomat/onlinehelp/100clipboard 040dirafter.htm
103.01.09 09:23 B C:\Documents and Settings\Chuck\Desktop\netfact-archive\syncomat\onlinehelp\100clipboard\040dirafter.not <-- netfact /Inetpub/wwwroot/netfact/syncomat/onlinehelp/100clipboard 040dirafter.not
103.01.09 09:23 B C:\Documents and Settings\Chuck\Desktop\netfact-archive\syncomat\onlinehelp\100clipboard\050startsyncomatdoopen.gif <-- netfact /Inetpub/wwwroot/netfact/syncomat/onlinehelp/100clipboard 050startsyncomatdoopen.gif
103.01.09 09:23 B C:\Documents and Settings\Chuck\Desktop\netfact-archive\syncomat\onlinehelp\100clipboard\050startsyncomatdoopen.htm <-- netfact /Inetpub/wwwroot/netfact/syncomat/onlinehelp/100clipboard 050startsyncomatdoopen.htm
103.01.09 09:23 B C:\Documents and Settings\Chuck\Desktop\netfact-archive\syncomat\onlinehelp\100clipboard\050startsyncomatdoopen.not <-- netfact /Inetpub/wwwroot/netfact/syncomat/onlinehelp/100clipboard 050startsyncomatdoopen.not
103.01.09 09:23 B C:\Documents and Settings\Chuck\Desktop\netfact-archive\syncomat\onlinehelp\100clipboard\060selecttransferreddir.gif <-- netfact /Inetpub/wwwroot/netfact/syncomat/onlinehelp/100clipboard 060selecttransferreddir.gif
103.01.09 09:23 B C:\Documents and Settings\Chuck\Desktop\netfact-archive\syncomat\onlinehelp\100clipboard\060selecttransferreddir.htm <-- netfact /Inetpub/wwwroot/netfact/syncomat/onlinehelp/100clipboard 060selecttransferreddir.htm
103.01.09 09:23 B C:\Documents and Settings\Chuck\Desktop\netfact-archive\syncomat\onlinehelp\100clipboard\060selecttransferreddir.not <-- netfact /Inetpub/wwwroot/netfact/syncomat/onlinehelp/100clipboard 060selecttransferreddir.not
103.01.09 09:23 B C:\Documents and Settings\Chuck\Desktop\netfact-archive\syncomat\onlinehelp\100clipboard\070importclipboard.gif <-- netfact /Inetpub/wwwroot/netfact/syncomat/onlinehelp/100clipboard 070importclipboard.gif
103.01.09 09:23 B C:\Documents and Settings\Chuck\Desktop\netfact-archive\syncomat\onlinehelp\100clipboard\070importclipboard.htm <-- netfact /Inetpub/wwwroot/netfact/syncomat/onlinehelp/100clipboard 070importclipboard.htm
103.01.09 09:23 B C:\Documents and Settings\Chuck\Desktop\netfact-archive\syncomat\onlinehelp\100clipboard\070importclipboard.not <-- netfact /Inetpub/wwwroot/netfact/syncomat/onlinehelp/100clipboard 070importclipboard.not
103.01.09 09:23 B C:\Documents and Settings\Chuck\Desktop\netfact-archive\syncomat\onlinehelp\100clipboard\100encodingpressstart.gif <-- netfact /Inetpub/wwwroot/netfact/syncomat/onlinehelp/100clipboard 100encodingpressstart.gif
103.01.09 09:23 B C:\Documents and Settings\Chuck\Desktop\netfact-archive\syncomat\onlinehelp\100clipboard\100encodingpressstart.htm <-- netfact /Inetpub/wwwroot/netfact/syncomat/onlinehelp/100clipboard 100encodingpressstart.htm
103.01.09 09:23 B C:\Documents and Settings\Chuck\Desktop\netfact-archive\syncomat\onlinehelp\100clipboard\100encodingpressstart.not <-- netfact /Inetpub/wwwroot/netfact/syncomat/onlinehelp/100clipboard 100encodingpressstart.not
103.01.09 09:23 B C:\Documents and Settings\Chuck\Desktop\netfact-archive\syncomat\onlinehelp\100clipboard\110badformat.gif <-- netfact /Inetpub/wwwroot/netfact/syncomat/onlinehelp/100clipboard 110badformat.gif
103.01.09 09:23 B C:\Documents and Settings\Chuck\Desktop\netfact-archive\syncomat\onlinehelp\100clipboard\110badformat.htm <-- netfact /Inetpub/wwwroot/netfact/syncomat/onlinehelp/100clipboard 110badformat.htm
103.01.09 09:23 B C:\Documents and Settings\Chuck\Desktop\netfact-archive\syncomat\onlinehelp\100clipboard\110badformat.not <-- netfact /Inetpub/wwwroot/netfact/syncomat/onlinehelp/100clipboard 110badformat.not
103.01.09 09:23 B C:\Documents and Settings\Chuck\Desktop\netfact-archive\syncomat\onlinehelp\100clipboard\150rpstarted.gif <-- netfact /Inetpub/wwwroot/netfact/syncomat/onlinehelp/100clipboard 150rpstarted.gif
103.01.09 09:23 B C:\Documents and Settings\Chuck\Desktop\netfact-archive\syncomat\onlinehelp\100clipboard\150rpstarted.htm <-- netfact /Inetpub/wwwroot/netfact/syncomat/onlinehelp/100clipboard 150rpstarted.htm
103.01.09 09:23 B C:\Documents and Settings\Chuck\Desktop\netfact-archive\syncomat\onlinehelp\100clipboard\150rpstarted.not <-- netfact /Inetpub/wwwroot/netfact/syncomat/onlinehelp/100clipboard 150rpstarted.not
103.01.09 09:23 B C:\Documents and Settings\Chuck\Desktop\netfact-archive\syncomat\onlinehelp\100clipboard\160selectfile.gif <-- netfact /Inetpub/wwwroot/netfact/syncomat/onlinehelp/100clipboard 160selectfile.gif
103.01.09 09:23 B C:\Documents and Settings\Chuck\Desktop\netfact-archive\syncomat\onlinehelp\100clipboard\160selectfile.htm <-- netfact /Inetpub/wwwroot/netfact/syncomat/onlinehelp/100clipboard 160selectfile.htm
103.01.09 09:23 B C:\Documents and Settings\Chuck\Desktop\netfact-archive\syncomat\onlinehelp\100clipboard\160selectfile.not <-- netfact /Inetpub/wwwroot/netfact/syncomat/onlinehelp/100clipboard 160selectfile.not
103.01.09 09:23 B C:\Documents and Settings\Chuck\Desktop\netfact-archive\syncomat\onlinehelp\100clipboard\170encoding.gif <-- netfact /Inetpub/wwwroot/netfact/syncomat/onlinehelp/100clipboard 170encoding.gif
103.01.09 09:23 B C:\Documents and Settings\Chuck\Desktop\netfact-archive\syncomat\onlinehelp\100clipboard\170encoding.htm <-- netfact /Inetpub/wwwroot/netfact/syncomat/onlinehelp/100clipboard 170encoding.htm
103.01.09 09:23 B C:\Documents and Settings\Chuck\Desktop\netfact-archive\syncomat\onlinehelp\100clipboard\170encoding.not <-- netfact /Inetpub/wwwroot/netfact/syncomat/onlinehelp/100clipboard 170encoding.not
103.01.09 09:23 B C:\Documents and Settings\Chuck\Desktop\netfact-archive\syncomat\onlinehelp\100clipboard\180saveasrawmediarm.gif <-- netfact /Inetpub/wwwroot/netfact/syncomat/onlinehelp/100clipboard 180saveasrawmediarm.gif
103.01.09 09:23 B C:\Documents and Settings\Chuck\Desktop\netfact-archive\syncomat\onlinehelp\100clipboard\180saveasrawmediarm.htm <-- netfact /Inetpub/wwwroot/netfact/syncomat/onlinehelp/100clipboard 180saveasrawmediarm.htm
103.01.09 09:23 B C:\Documents and Settings\Chuck\Desktop\netfact-archive\syncomat\onlinehelp\100clipboard\180saveasrawmediarm.not <-- netfact /Inetpub/wwwroot/netfact/syncomat/onlinehelp/100clipboard 180saveasrawmediarm.not
103.01.09 09:23 B C:\Documents and Settings\Chuck\Desktop\netfact-archive\syncomat\onlinehelp\100clipboard\190dirwithrawmediarm.gif <-- netfact /Inetpub/wwwroot/netfact/syncomat/onlinehelp/100clipboard 190dirwithrawmediarm.gif
103.01.09 09:23 B C:\Documents and Settings\Chuck\Desktop\netfact-archive\syncomat\onlinehelp\100clipboard\190dirwithrawmediarm.htm <-- netfact /Inetpub/wwwroot/netfact/syncomat/onlinehelp/100clipboard 190dirwithrawmediarm.htm
103.01.09 09:23 B C:\Documents and Settings\Chuck\Desktop\netfact-archive\syncomat\onlinehelp\100clipboard\190dirwithrawmediarm.not <-- netfact /Inetpub/wwwroot/netfact/syncomat/onlinehelp/100clipboard 190dirwithrawmediarm.not
103.01.09 09:23 B C:\Documents and Settings\Chuck\Desktop\netfact-archive\syncomat\onlinehelp\100clipboard\200againreadytopublish.gif <-- netfact /Inetpub/wwwroot/netfact/syncomat/onlinehelp/100clipboard 200againreadytopublish.gif
103.01.09 09:23 B C:\Documents and Settings\Chuck\Desktop\netfact-archive\syncomat\onlinehelp\100clipboard\200againreadytopublish.htm <-- netfact /Inetpub/wwwroot/netfact/syncomat/onlinehelp/100clipboard 200againreadytopublish.htm
103.01.09 09:23 B C:\Documents and Settings\Chuck\Desktop\netfact-archive\syncomat\onlinehelp\100clipboard\200againreadytopublish.not <-- netfact /Inetpub/wwwroot/netfact/syncomat/onlinehelp/100clipboard 200againreadytopublish.not
103.01.09 09:23 B C:\Documents and Settings\Chuck\Desktop\netfact-archive\syncomat\onlinehelp\100clipboard\220processalldone.gif <-- netfact /Inetpub/wwwroot/netfact/syncomat/onlinehelp/100clipboard 220processalldone.gif
103.01.09 09:23 B C:\Documents and Settings\Chuck\Desktop\netfact-archive\syncomat\onlinehelp\100clipboard\220processalldone.htm <-- netfact /Inetpub/wwwroot/netfact/syncomat/onlinehelp/100clipboard 220processalldone.htm
103.01.09 09:23 B C:\Documents and Settings\Chuck\Desktop\netfact-archive\syncomat\onlinehelp\100clipboard\220processalldone.not <-- netfact /Inetpub/wwwroot/netfact/syncomat/onlinehelp/100clipboard 220processalldone.not
103.01.09 09:23 B C:\Documents and Settings\Chuck\Desktop\netfact-archive\syncomat\onlinehelp\100clipboard\230viewinglecture.gif <-- netfact /Inetpub/wwwroot/netfact/syncomat/onlinehelp/100clipboard 230viewinglecture.gif
103.01.09 09:23 B C:\Documents and Settings\Chuck\Desktop\netfact-archive\syncomat\onlinehelp\100clipboard\230viewinglecture.htm <-- netfact /Inetpub/wwwroot/netfact/syncomat/onlinehelp/100clipboard 230viewinglecture.htm
103.01.09 09:23 B C:\Documents and Settings\Chuck\Desktop\netfact-archive\syncomat\onlinehelp\100clipboard\230viewinglecture.not <-- netfact /Inetpub/wwwroot/netfact/syncomat/onlinehelp/100clipboard 230viewinglecture.not
103.01.09 09:23 B C:\Documents and Settings\Chuck\Desktop\netfact-archive\syncomat\onlinehelp\100clipboard\index.htm <-- netfact /Inetpub/wwwroot/netfact/syncomat/onlinehelp/100clipboard index.htm
103.01.09 09:23 B C:\Documents and Settings\Chuck\Desktop\netfact-archive\syncomat\onlinehelp\100clipboard\indexbot.not <-- netfact /Inetpub/wwwroot/netfact/syncomat/onlinehelp/100clipboard indexbot.not
103.01.09 09:23 B C:\Documents and Settings\Chuck\Desktop\netfact-archive\syncomat\onlinehelp\100clipboard\indextop.not <-- netfact /Inetpub/wwwroot/netfact/syncomat/onlinehelp/100clipboard indextop.not
