100.04.23 09:11 B C:\My Documents\CRS\syncomat\help\060syncomatref\010filemenu.gif --> www.netfact.com /inetpub/wwwroot/netfact/syncomat/help/060syncomatref 010filemenu.gif
100.04.23 09:11 B C:\My Documents\CRS\syncomat\help\060syncomatref\010filemenu.htm --> www.netfact.com /inetpub/wwwroot/netfact/syncomat/help/060syncomatref 010filemenu.htm
100.04.23 09:11 B C:\My Documents\CRS\syncomat\help\060syncomatref\010filemenu.txt --> www.netfact.com /inetpub/wwwroot/netfact/syncomat/help/060syncomatref 010filemenu.txt
100.04.23 09:11 B C:\My Documents\CRS\syncomat\help\060syncomatref\020optionsmenu.gif --> www.netfact.com /inetpub/wwwroot/netfact/syncomat/help/060syncomatref 020optionsmenu.gif
100.04.23 09:11 B C:\My Documents\CRS\syncomat\help\060syncomatref\020optionsmenu.htm --> www.netfact.com /inetpub/wwwroot/netfact/syncomat/help/060syncomatref 020optionsmenu.htm
100.04.23 09:11 B C:\My Documents\CRS\syncomat\help\060syncomatref\020optionsmenu.txt --> www.netfact.com /inetpub/wwwroot/netfact/syncomat/help/060syncomatref 020optionsmenu.txt
100.04.23 09:11 B C:\My Documents\CRS\syncomat\help\060syncomatref\030prefsmain.gif --> www.netfact.com /inetpub/wwwroot/netfact/syncomat/help/060syncomatref 030prefsmain.gif
100.04.23 09:11 B C:\My Documents\CRS\syncomat\help\060syncomatref\030prefsmain.htm --> www.netfact.com /inetpub/wwwroot/netfact/syncomat/help/060syncomatref 030prefsmain.htm
100.04.23 09:11 B C:\My Documents\CRS\syncomat\help\060syncomatref\030prefsmain.txt --> www.netfact.com /inetpub/wwwroot/netfact/syncomat/help/060syncomatref 030prefsmain.txt
100.04.23 09:11 B C:\My Documents\CRS\syncomat\help\060syncomatref\040prefsupload.gif --> www.netfact.com /inetpub/wwwroot/netfact/syncomat/help/060syncomatref 040prefsupload.gif
100.04.23 09:11 B C:\My Documents\CRS\syncomat\help\060syncomatref\040prefsupload.htm --> www.netfact.com /inetpub/wwwroot/netfact/syncomat/help/060syncomatref 040prefsupload.htm
100.04.23 09:11 B C:\My Documents\CRS\syncomat\help\060syncomatref\040prefsupload.txt --> www.netfact.com /inetpub/wwwroot/netfact/syncomat/help/060syncomatref 040prefsupload.txt
100.04.23 09:11 B C:\My Documents\CRS\syncomat\help\060syncomatref\045executemenu.gif --> www.netfact.com /inetpub/wwwroot/netfact/syncomat/help/060syncomatref 045executemenu.gif
100.04.23 09:11 B C:\My Documents\CRS\syncomat\help\060syncomatref\045executemenu.htm --> www.netfact.com /inetpub/wwwroot/netfact/syncomat/help/060syncomatref 045executemenu.htm
100.04.23 09:11 B C:\My Documents\CRS\syncomat\help\060syncomatref\045executemenu.txt --> www.netfact.com /inetpub/wwwroot/netfact/syncomat/help/060syncomatref 045executemenu.txt
100.04.23 09:11 B C:\My Documents\CRS\syncomat\help\060syncomatref\050testmenu.gif --> www.netfact.com /inetpub/wwwroot/netfact/syncomat/help/060syncomatref 050testmenu.gif
100.04.23 09:11 B C:\My Documents\CRS\syncomat\help\060syncomatref\050testmenu.htm --> www.netfact.com /inetpub/wwwroot/netfact/syncomat/help/060syncomatref 050testmenu.htm
100.04.23 09:11 B C:\My Documents\CRS\syncomat\help\060syncomatref\050testmenu.txt --> www.netfact.com /inetpub/wwwroot/netfact/syncomat/help/060syncomatref 050testmenu.txt
100.04.23 09:11 B C:\My Documents\CRS\syncomat\help\060syncomatref\060readytouploadrep.gif --> www.netfact.com /inetpub/wwwroot/netfact/syncomat/help/060syncomatref 060readytouploadrep.gif
100.04.23 09:11 B C:\My Documents\CRS\syncomat\help\060syncomatref\060readytouploadrep.htm --> www.netfact.com /inetpub/wwwroot/netfact/syncomat/help/060syncomatref 060readytouploadrep.htm
100.04.23 09:11 B C:\My Documents\CRS\syncomat\help\060syncomatref\060readytouploadrep.txt --> www.netfact.com /inetpub/wwwroot/netfact/syncomat/help/060syncomatref 060readytouploadrep.txt
100.04.23 09:11 B C:\My Documents\CRS\syncomat\help\060syncomatref\070uploadrepos.gif --> www.netfact.com /inetpub/wwwroot/netfact/syncomat/help/060syncomatref 070uploadrepos.gif
100.04.23 09:11 B C:\My Documents\CRS\syncomat\help\060syncomatref\070uploadrepos.htm --> www.netfact.com /inetpub/wwwroot/netfact/syncomat/help/060syncomatref 070uploadrepos.htm
100.04.23 09:11 B C:\My Documents\CRS\syncomat\help\060syncomatref\070uploadrepos.txt --> www.netfact.com /inetpub/wwwroot/netfact/syncomat/help/060syncomatref 070uploadrepos.txt
100.04.23 09:11 B C:\My Documents\CRS\syncomat\help\060syncomatref\index.htm --> www.netfact.com /inetpub/wwwroot/netfact/syncomat/help/060syncomatref index.htm
100.04.23 09:11 B C:\My Documents\CRS\syncomat\help\060syncomatref\indexbot.txt --> www.netfact.com /inetpub/wwwroot/netfact/syncomat/help/060syncomatref indexbot.txt
100.04.23 09:11 B C:\My Documents\CRS\syncomat\help\060syncomatref\indextop.txt --> www.netfact.com /inetpub/wwwroot/netfact/syncomat/help/060syncomatref indextop.txt
100.04.29 16:17 B C:\My Documents\CRS\syncomat\website\onlinehelp\060syncomatref\010filemenu.gif --> www.netfact.com /inetpub/wwwroot/netfact/syncomat/onlinehelp/060syncomatref 010filemenu.gif
100.04.29 16:17 B C:\My Documents\CRS\syncomat\website\onlinehelp\060syncomatref\010filemenu.htm --> www.netfact.com /inetpub/wwwroot/netfact/syncomat/onlinehelp/060syncomatref 010filemenu.htm
100.04.29 16:17 B C:\My Documents\CRS\syncomat\website\onlinehelp\060syncomatref\010filemenu.not --> www.netfact.com /inetpub/wwwroot/netfact/syncomat/onlinehelp/060syncomatref 010filemenu.not
100.04.29 16:17 B C:\My Documents\CRS\syncomat\website\onlinehelp\060syncomatref\020optionsmenu.gif --> www.netfact.com /inetpub/wwwroot/netfact/syncomat/onlinehelp/060syncomatref 020optionsmenu.gif
100.04.29 16:17 B C:\My Documents\CRS\syncomat\website\onlinehelp\060syncomatref\020optionsmenu.htm --> www.netfact.com /inetpub/wwwroot/netfact/syncomat/onlinehelp/060syncomatref 020optionsmenu.htm
100.04.29 16:17 B C:\My Documents\CRS\syncomat\website\onlinehelp\060syncomatref\020optionsmenu.not --> www.netfact.com /inetpub/wwwroot/netfact/syncomat/onlinehelp/060syncomatref 020optionsmenu.not
100.04.29 16:17 B C:\My Documents\CRS\syncomat\website\onlinehelp\060syncomatref\030prefsmain.gif --> www.netfact.com /inetpub/wwwroot/netfact/syncomat/onlinehelp/060syncomatref 030prefsmain.gif
100.04.29 16:17 B C:\My Documents\CRS\syncomat\website\onlinehelp\060syncomatref\030prefsmain.htm --> www.netfact.com /inetpub/wwwroot/netfact/syncomat/onlinehelp/060syncomatref 030prefsmain.htm
100.04.29 16:17 B C:\My Documents\CRS\syncomat\website\onlinehelp\060syncomatref\030prefsmain.not --> www.netfact.com /inetpub/wwwroot/netfact/syncomat/onlinehelp/060syncomatref 030prefsmain.not
100.04.29 16:18 B C:\My Documents\CRS\syncomat\website\onlinehelp\060syncomatref\040prefsupload.gif --> www.netfact.com /inetpub/wwwroot/netfact/syncomat/onlinehelp/060syncomatref 040prefsupload.gif
100.04.29 16:18 B C:\My Documents\CRS\syncomat\website\onlinehelp\060syncomatref\040prefsupload.htm --> www.netfact.com /inetpub/wwwroot/netfact/syncomat/onlinehelp/060syncomatref 040prefsupload.htm
100.04.29 16:18 B C:\My Documents\CRS\syncomat\website\onlinehelp\060syncomatref\040prefsupload.not --> www.netfact.com /inetpub/wwwroot/netfact/syncomat/onlinehelp/060syncomatref 040prefsupload.not
100.04.29 16:18 B C:\My Documents\CRS\syncomat\website\onlinehelp\060syncomatref\045executemenu.gif --> www.netfact.com /inetpub/wwwroot/netfact/syncomat/onlinehelp/060syncomatref 045executemenu.gif
100.04.29 16:18 B C:\My Documents\CRS\syncomat\website\onlinehelp\060syncomatref\045executemenu.htm --> www.netfact.com /inetpub/wwwroot/netfact/syncomat/onlinehelp/060syncomatref 045executemenu.htm
100.04.29 16:18 B C:\My Documents\CRS\syncomat\website\onlinehelp\060syncomatref\045executemenu.not --> www.netfact.com /inetpub/wwwroot/netfact/syncomat/onlinehelp/060syncomatref 045executemenu.not
100.04.29 16:18 B C:\My Documents\CRS\syncomat\website\onlinehelp\060syncomatref\050testmenu.gif --> www.netfact.com /inetpub/wwwroot/netfact/syncomat/onlinehelp/060syncomatref 050testmenu.gif
100.04.29 16:18 B C:\My Documents\CRS\syncomat\website\onlinehelp\060syncomatref\050testmenu.htm --> www.netfact.com /inetpub/wwwroot/netfact/syncomat/onlinehelp/060syncomatref 050testmenu.htm
100.04.29 16:18 B C:\My Documents\CRS\syncomat\website\onlinehelp\060syncomatref\050testmenu.not --> www.netfact.com /inetpub/wwwroot/netfact/syncomat/onlinehelp/060syncomatref 050testmenu.not
100.04.29 16:18 B C:\My Documents\CRS\syncomat\website\onlinehelp\060syncomatref\060readytouploadrep.gif --> www.netfact.com /inetpub/wwwroot/netfact/syncomat/onlinehelp/060syncomatref 060readytouploadrep.gif
100.04.29 16:18 B C:\My Documents\CRS\syncomat\website\onlinehelp\060syncomatref\060readytouploadrep.htm --> www.netfact.com /inetpub/wwwroot/netfact/syncomat/onlinehelp/060syncomatref 060readytouploadrep.htm
100.04.29 16:18 B C:\My Documents\CRS\syncomat\website\onlinehelp\060syncomatref\060readytouploadrep.not --> www.netfact.com /inetpub/wwwroot/netfact/syncomat/onlinehelp/060syncomatref 060readytouploadrep.not
100.04.29 16:18 B C:\My Documents\CRS\syncomat\website\onlinehelp\060syncomatref\070uploadrepos.gif --> www.netfact.com /inetpub/wwwroot/netfact/syncomat/onlinehelp/060syncomatref 070uploadrepos.gif
100.04.29 16:18 B C:\My Documents\CRS\syncomat\website\onlinehelp\060syncomatref\070uploadrepos.htm --> www.netfact.com /inetpub/wwwroot/netfact/syncomat/onlinehelp/060syncomatref 070uploadrepos.htm
100.04.29 16:18 B C:\My Documents\CRS\syncomat\website\onlinehelp\060syncomatref\070uploadrepos.not --> www.netfact.com /inetpub/wwwroot/netfact/syncomat/onlinehelp/060syncomatref 070uploadrepos.not
100.04.29 16:18 B C:\My Documents\CRS\syncomat\website\onlinehelp\060syncomatref\index.htm --> www.netfact.com /inetpub/wwwroot/netfact/syncomat/onlinehelp/060syncomatref index.htm
100.04.29 16:18 B C:\My Documents\CRS\syncomat\website\onlinehelp\060syncomatref\indexbot.not --> www.netfact.com /inetpub/wwwroot/netfact/syncomat/onlinehelp/060syncomatref indexbot.not
100.04.29 16:18 B C:\My Documents\CRS\syncomat\website\onlinehelp\060syncomatref\indextop.not --> www.netfact.com /inetpub/wwwroot/netfact/syncomat/onlinehelp/060syncomatref indextop.not
100.04.29 16:18 B C:\My Documents\CRS\syncomat\website\onlinehelp\060syncomatref\WS_FTP.LOG --> www.netfact.com /inetpub/wwwroot/netfact/syncomat/onlinehelp/060syncomatref WS_FTP.LOG
100.06.18 21:05 B C:\My Documents\CRS\syncomat\website\onlinehelp\060syncomatref\010filemenu.gif --> www.netfact.com /inetpub/wwwroot/netfact/syncomat/onlinehelp/060syncomatref 010filemenu.gif
100.06.18 21:05 B C:\My Documents\CRS\syncomat\website\onlinehelp\060syncomatref\010filemenu.htm --> www.netfact.com /inetpub/wwwroot/netfact/syncomat/onlinehelp/060syncomatref 010filemenu.htm
100.06.18 21:05 B C:\My Documents\CRS\syncomat\website\onlinehelp\060syncomatref\010filemenu.not --> www.netfact.com /inetpub/wwwroot/netfact/syncomat/onlinehelp/060syncomatref 010filemenu.not
100.06.18 21:06 B C:\My Documents\CRS\syncomat\website\onlinehelp\060syncomatref\020optionsmenu.gif --> www.netfact.com /inetpub/wwwroot/netfact/syncomat/onlinehelp/060syncomatref 020optionsmenu.gif
100.06.18 21:06 B C:\My Documents\CRS\syncomat\website\onlinehelp\060syncomatref\020optionsmenu.htm --> www.netfact.com /inetpub/wwwroot/netfact/syncomat/onlinehelp/060syncomatref 020optionsmenu.htm
100.06.18 21:06 B C:\My Documents\CRS\syncomat\website\onlinehelp\060syncomatref\020optionsmenu.not --> www.netfact.com /inetpub/wwwroot/netfact/syncomat/onlinehelp/060syncomatref 020optionsmenu.not
100.06.18 21:06 B C:\My Documents\CRS\syncomat\website\onlinehelp\060syncomatref\030prefsmain.gif --> www.netfact.com /inetpub/wwwroot/netfact/syncomat/onlinehelp/060syncomatref 030prefsmain.gif
100.06.18 21:06 B C:\My Documents\CRS\syncomat\website\onlinehelp\060syncomatref\030prefsmain.htm --> www.netfact.com /inetpub/wwwroot/netfact/syncomat/onlinehelp/060syncomatref 030prefsmain.htm
100.06.18 21:06 B C:\My Documents\CRS\syncomat\website\onlinehelp\060syncomatref\030prefsmain.not --> www.netfact.com /inetpub/wwwroot/netfact/syncomat/onlinehelp/060syncomatref 030prefsmain.not
100.06.18 21:06 B C:\My Documents\CRS\syncomat\website\onlinehelp\060syncomatref\040prefsupload.gif --> www.netfact.com /inetpub/wwwroot/netfact/syncomat/onlinehelp/060syncomatref 040prefsupload.gif
100.06.18 21:06 B C:\My Documents\CRS\syncomat\website\onlinehelp\060syncomatref\040prefsupload.htm --> www.netfact.com /inetpub/wwwroot/netfact/syncomat/onlinehelp/060syncomatref 040prefsupload.htm
100.06.18 21:06 B C:\My Documents\CRS\syncomat\website\onlinehelp\060syncomatref\040prefsupload.not --> www.netfact.com /inetpub/wwwroot/netfact/syncomat/onlinehelp/060syncomatref 040prefsupload.not
100.06.18 21:06 B C:\My Documents\CRS\syncomat\website\onlinehelp\060syncomatref\041prefsregistration.gif --> www.netfact.com /inetpub/wwwroot/netfact/syncomat/onlinehelp/060syncomatref 041prefsregistration.gif
100.06.18 21:06 B C:\My Documents\CRS\syncomat\website\onlinehelp\060syncomatref\041prefsregistration.htm --> www.netfact.com /inetpub/wwwroot/netfact/syncomat/onlinehelp/060syncomatref 041prefsregistration.htm
100.06.18 21:06 B C:\My Documents\CRS\syncomat\website\onlinehelp\060syncomatref\041prefsregistration.not --> www.netfact.com /inetpub/wwwroot/netfact/syncomat/onlinehelp/060syncomatref 041prefsregistration.not
100.06.18 21:08 B C:\My Documents\CRS\SYNCOMAT\website\onlinehelp\060syncomatref\010filemenu.gif --> arctic.cps.msu.edu /tmp/crs/help/060syncomatref 010filemenu.gif
100.06.18 21:08 B C:\My Documents\CRS\SYNCOMAT\website\onlinehelp\060syncomatref\010filemenu.htm --> arctic.cps.msu.edu /tmp/crs/help/060syncomatref 010filemenu.htm
100.06.18 21:08 B C:\My Documents\CRS\SYNCOMAT\website\onlinehelp\060syncomatref\010filemenu.not --> arctic.cps.msu.edu /tmp/crs/help/060syncomatref 010filemenu.not
100.06.18 21:08 B C:\My Documents\CRS\SYNCOMAT\website\onlinehelp\060syncomatref\020optionsmenu.gif --> arctic.cps.msu.edu /tmp/crs/help/060syncomatref 020optionsmenu.gif
100.06.18 21:08 B C:\My Documents\CRS\SYNCOMAT\website\onlinehelp\060syncomatref\020optionsmenu.htm --> arctic.cps.msu.edu /tmp/crs/help/060syncomatref 020optionsmenu.htm
100.06.18 21:08 B C:\My Documents\CRS\SYNCOMAT\website\onlinehelp\060syncomatref\020optionsmenu.not --> arctic.cps.msu.edu /tmp/crs/help/060syncomatref 020optionsmenu.not
100.06.18 21:08 B C:\My Documents\CRS\SYNCOMAT\website\onlinehelp\060syncomatref\030prefsmain.gif --> arctic.cps.msu.edu /tmp/crs/help/060syncomatref 030prefsmain.gif
100.06.18 21:08 B C:\My Documents\CRS\SYNCOMAT\website\onlinehelp\060syncomatref\030prefsmain.htm --> arctic.cps.msu.edu /tmp/crs/help/060syncomatref 030prefsmain.htm
100.06.18 21:08 B C:\My Documents\CRS\SYNCOMAT\website\onlinehelp\060syncomatref\030prefsmain.not --> arctic.cps.msu.edu /tmp/crs/help/060syncomatref 030prefsmain.not
100.06.18 21:08 B C:\My Documents\CRS\SYNCOMAT\website\onlinehelp\060syncomatref\040prefsupload.gif --> arctic.cps.msu.edu /tmp/crs/help/060syncomatref 040prefsupload.gif
100.06.18 21:08 B C:\My Documents\CRS\SYNCOMAT\website\onlinehelp\060syncomatref\040prefsupload.htm --> arctic.cps.msu.edu /tmp/crs/help/060syncomatref 040prefsupload.htm
100.06.18 21:08 B C:\My Documents\CRS\SYNCOMAT\website\onlinehelp\060syncomatref\040prefsupload.not --> arctic.cps.msu.edu /tmp/crs/help/060syncomatref 040prefsupload.not
100.06.18 21:08 B C:\My Documents\CRS\SYNCOMAT\website\onlinehelp\060syncomatref\041prefsregistration.gif --> arctic.cps.msu.edu /tmp/crs/help/060syncomatref 041prefsregistration.gif
100.06.18 21:08 B C:\My Documents\CRS\SYNCOMAT\website\onlinehelp\060syncomatref\041prefsregistration.htm --> arctic.cps.msu.edu /tmp/crs/help/060syncomatref 041prefsregistration.htm
100.06.18 21:08 B C:\My Documents\CRS\SYNCOMAT\website\onlinehelp\060syncomatref\041prefsregistration.not --> arctic.cps.msu.edu /tmp/crs/help/060syncomatref 041prefsregistration.not
100.06.18 21:08 B C:\My Documents\CRS\SYNCOMAT\website\onlinehelp\060syncomatref\042prefscompatibility.gif --> arctic.cps.msu.edu /tmp/crs/help/060syncomatref 042prefscompatibility.gif
100.06.18 21:08 B C:\My Documents\CRS\SYNCOMAT\website\onlinehelp\060syncomatref\042prefscompatibility.htm --> arctic.cps.msu.edu /tmp/crs/help/060syncomatref 042prefscompatibility.htm
100.06.18 21:08 B C:\My Documents\CRS\SYNCOMAT\website\onlinehelp\060syncomatref\042prefscompatibility.not --> arctic.cps.msu.edu /tmp/crs/help/060syncomatref 042prefscompatibility.not
100.06.18 21:08 B C:\My Documents\CRS\SYNCOMAT\website\onlinehelp\060syncomatref\043prefsadvanced.gif --> arctic.cps.msu.edu /tmp/crs/help/060syncomatref 043prefsadvanced.gif
100.06.18 21:08 B C:\My Documents\CRS\SYNCOMAT\website\onlinehelp\060syncomatref\043prefsadvanced.htm --> arctic.cps.msu.edu /tmp/crs/help/060syncomatref 043prefsadvanced.htm
100.06.18 21:08 B C:\My Documents\CRS\SYNCOMAT\website\onlinehelp\060syncomatref\043prefsadvanced.not --> arctic.cps.msu.edu /tmp/crs/help/060syncomatref 043prefsadvanced.not
100.06.18 21:08 B C:\My Documents\CRS\SYNCOMAT\website\onlinehelp\060syncomatref\045executemenu.gif --> arctic.cps.msu.edu /tmp/crs/help/060syncomatref 045executemenu.gif
100.06.18 21:08 B C:\My Documents\CRS\SYNCOMAT\website\onlinehelp\060syncomatref\045executemenu.htm --> arctic.cps.msu.edu /tmp/crs/help/060syncomatref 045executemenu.htm
100.06.18 21:08 B C:\My Documents\CRS\SYNCOMAT\website\onlinehelp\060syncomatref\045executemenu.not --> arctic.cps.msu.edu /tmp/crs/help/060syncomatref 045executemenu.not
100.06.18 21:09 B C:\My Documents\CRS\SYNCOMAT\website\onlinehelp\060syncomatref\050testmenu.gif --> arctic.cps.msu.edu /tmp/crs/help/060syncomatref 050testmenu.gif
100.06.18 21:09 B C:\My Documents\CRS\SYNCOMAT\website\onlinehelp\060syncomatref\050testmenu.htm --> arctic.cps.msu.edu /tmp/crs/help/060syncomatref 050testmenu.htm
100.06.18 21:09 B C:\My Documents\CRS\SYNCOMAT\website\onlinehelp\060syncomatref\050testmenu.not --> arctic.cps.msu.edu /tmp/crs/help/060syncomatref 050testmenu.not
100.06.18 21:09 B C:\My Documents\CRS\SYNCOMAT\website\onlinehelp\060syncomatref\060readytouploadrep.gif --> arctic.cps.msu.edu /tmp/crs/help/060syncomatref 060readytouploadrep.gif
100.06.18 21:09 B C:\My Documents\CRS\SYNCOMAT\website\onlinehelp\060syncomatref\060readytouploadrep.htm --> arctic.cps.msu.edu /tmp/crs/help/060syncomatref 060readytouploadrep.htm
100.06.18 21:09 B C:\My Documents\CRS\SYNCOMAT\website\onlinehelp\060syncomatref\060readytouploadrep.not --> arctic.cps.msu.edu /tmp/crs/help/060syncomatref 060readytouploadrep.not
100.06.18 21:09 B C:\My Documents\CRS\SYNCOMAT\website\onlinehelp\060syncomatref\070uploadrepos.gif --> arctic.cps.msu.edu /tmp/crs/help/060syncomatref 070uploadrepos.gif
100.06.18 21:09 B C:\My Documents\CRS\SYNCOMAT\website\onlinehelp\060syncomatref\070uploadrepos.htm --> arctic.cps.msu.edu /tmp/crs/help/060syncomatref 070uploadrepos.htm
100.06.18 21:09 B C:\My Documents\CRS\SYNCOMAT\website\onlinehelp\060syncomatref\070uploadrepos.not --> arctic.cps.msu.edu /tmp/crs/help/060syncomatref 070uploadrepos.not
100.06.18 21:09 B C:\My Documents\CRS\SYNCOMAT\website\onlinehelp\060syncomatref\index.htm --> arctic.cps.msu.edu /tmp/crs/help/060syncomatref index.htm
100.06.18 21:09 B C:\My Documents\CRS\SYNCOMAT\website\onlinehelp\060syncomatref\indexbot.not --> arctic.cps.msu.edu /tmp/crs/help/060syncomatref indexbot.not
100.06.18 21:09 B C:\My Documents\CRS\SYNCOMAT\website\onlinehelp\060syncomatref\indextop.not --> arctic.cps.msu.edu /tmp/crs/help/060syncomatref indextop.not
100.06.18 21:09 B C:\My Documents\CRS\SYNCOMAT\website\onlinehelp\060syncomatref\WS_FTP.LOG --> arctic.cps.msu.edu /tmp/crs/help/060syncomatref WS_FTP.LOG
100.06.18 22:23 B C:\My Documents\CRS\syncomat\website\onlinehelp\060syncomatref\010filemenu.gif --> www.netfact.com /inetpub/wwwroot/netfact/syncomat/onlinehelp/060syncomatref 010filemenu.gif
100.06.18 22:23 B C:\My Documents\CRS\syncomat\website\onlinehelp\060syncomatref\010filemenu.htm --> www.netfact.com /inetpub/wwwroot/netfact/syncomat/onlinehelp/060syncomatref 010filemenu.htm
100.06.18 22:23 B C:\My Documents\CRS\syncomat\website\onlinehelp\060syncomatref\010filemenu.not --> www.netfact.com /inetpub/wwwroot/netfact/syncomat/onlinehelp/060syncomatref 010filemenu.not
100.06.18 22:23 B C:\My Documents\CRS\syncomat\website\onlinehelp\060syncomatref\020optionsmenu.gif --> www.netfact.com /inetpub/wwwroot/netfact/syncomat/onlinehelp/060syncomatref 020optionsmenu.gif
100.06.18 22:23 B C:\My Documents\CRS\syncomat\website\onlinehelp\060syncomatref\020optionsmenu.htm --> www.netfact.com /inetpub/wwwroot/netfact/syncomat/onlinehelp/060syncomatref 020optionsmenu.htm
100.06.18 22:23 B C:\My Documents\CRS\syncomat\website\onlinehelp\060syncomatref\020optionsmenu.not --> www.netfact.com /inetpub/wwwroot/netfact/syncomat/onlinehelp/060syncomatref 020optionsmenu.not
100.06.18 22:24 B C:\My Documents\CRS\syncomat\website\onlinehelp\060syncomatref\030prefsmain.gif --> www.netfact.com /inetpub/wwwroot/netfact/syncomat/onlinehelp/060syncomatref 030prefsmain.gif
100.06.18 22:24 B C:\My Documents\CRS\syncomat\website\onlinehelp\060syncomatref\030prefsmain.htm --> www.netfact.com /inetpub/wwwroot/netfact/syncomat/onlinehelp/060syncomatref 030prefsmain.htm
100.06.18 22:24 B C:\My Documents\CRS\syncomat\website\onlinehelp\060syncomatref\030prefsmain.not --> www.netfact.com /inetpub/wwwroot/netfact/syncomat/onlinehelp/060syncomatref 030prefsmain.not
100.06.18 22:24 B C:\My Documents\CRS\syncomat\website\onlinehelp\060syncomatref\040prefsupload.gif --> www.netfact.com /inetpub/wwwroot/netfact/syncomat/onlinehelp/060syncomatref 040prefsupload.gif
100.06.18 22:24 B C:\My Documents\CRS\syncomat\website\onlinehelp\060syncomatref\040prefsupload.htm --> www.netfact.com /inetpub/wwwroot/netfact/syncomat/onlinehelp/060syncomatref 040prefsupload.htm
100.06.18 22:24 B C:\My Documents\CRS\syncomat\website\onlinehelp\060syncomatref\040prefsupload.not --> www.netfact.com /inetpub/wwwroot/netfact/syncomat/onlinehelp/060syncomatref 040prefsupload.not
100.06.18 22:24 B C:\My Documents\CRS\syncomat\website\onlinehelp\060syncomatref\041prefsregistration.gif --> www.netfact.com /inetpub/wwwroot/netfact/syncomat/onlinehelp/060syncomatref 041prefsregistration.gif
100.06.18 22:24 B C:\My Documents\CRS\syncomat\website\onlinehelp\060syncomatref\041prefsregistration.htm --> www.netfact.com /inetpub/wwwroot/netfact/syncomat/onlinehelp/060syncomatref 041prefsregistration.htm
100.06.18 22:24 B C:\My Documents\CRS\syncomat\website\onlinehelp\060syncomatref\041prefsregistration.not --> www.netfact.com /inetpub/wwwroot/netfact/syncomat/onlinehelp/060syncomatref 041prefsregistration.not
100.06.18 22:24 B C:\My Documents\CRS\syncomat\website\onlinehelp\060syncomatref\042prefscompatibility.gif --> www.netfact.com /inetpub/wwwroot/netfact/syncomat/onlinehelp/060syncomatref 042prefscompatibility.gif
100.06.18 22:24 B C:\My Documents\CRS\syncomat\website\onlinehelp\060syncomatref\042prefscompatibility.htm --> www.netfact.com /inetpub/wwwroot/netfact/syncomat/onlinehelp/060syncomatref 042prefscompatibility.htm
100.06.18 22:24 B C:\My Documents\CRS\syncomat\website\onlinehelp\060syncomatref\042prefscompatibility.not --> www.netfact.com /inetpub/wwwroot/netfact/syncomat/onlinehelp/060syncomatref 042prefscompatibility.not
100.06.18 22:24 B C:\My Documents\CRS\syncomat\website\onlinehelp\060syncomatref\043prefsadvanced.gif --> www.netfact.com /inetpub/wwwroot/netfact/syncomat/onlinehelp/060syncomatref 043prefsadvanced.gif
100.06.18 22:24 B C:\My Documents\CRS\syncomat\website\onlinehelp\060syncomatref\043prefsadvanced.htm --> www.netfact.com /inetpub/wwwroot/netfact/syncomat/onlinehelp/060syncomatref 043prefsadvanced.htm
100.06.18 22:24 B C:\My Documents\CRS\syncomat\website\onlinehelp\060syncomatref\043prefsadvanced.not --> www.netfact.com /inetpub/wwwroot/netfact/syncomat/onlinehelp/060syncomatref 043prefsadvanced.not
100.06.18 22:24 B C:\My Documents\CRS\syncomat\website\onlinehelp\060syncomatref\045executemenu.gif --> www.netfact.com /inetpub/wwwroot/netfact/syncomat/onlinehelp/060syncomatref 045executemenu.gif
100.06.18 22:24 B C:\My Documents\CRS\syncomat\website\onlinehelp\060syncomatref\045executemenu.htm --> www.netfact.com /inetpub/wwwroot/netfact/syncomat/onlinehelp/060syncomatref 045executemenu.htm
100.06.18 22:24 B C:\My Documents\CRS\syncomat\website\onlinehelp\060syncomatref\045executemenu.not --> www.netfact.com /inetpub/wwwroot/netfact/syncomat/onlinehelp/060syncomatref 045executemenu.not
100.06.18 22:24 B C:\My Documents\CRS\syncomat\website\onlinehelp\060syncomatref\050testmenu.gif --> www.netfact.com /inetpub/wwwroot/netfact/syncomat/onlinehelp/060syncomatref 050testmenu.gif
100.06.18 22:24 B C:\My Documents\CRS\syncomat\website\onlinehelp\060syncomatref\050testmenu.htm --> www.netfact.com /inetpub/wwwroot/netfact/syncomat/onlinehelp/060syncomatref 050testmenu.htm
100.06.18 22:24 B C:\My Documents\CRS\syncomat\website\onlinehelp\060syncomatref\050testmenu.not --> www.netfact.com /inetpub/wwwroot/netfact/syncomat/onlinehelp/060syncomatref 050testmenu.not
100.06.18 22:24 B C:\My Documents\CRS\syncomat\website\onlinehelp\060syncomatref\060readytouploadrep.gif --> www.netfact.com /inetpub/wwwroot/netfact/syncomat/onlinehelp/060syncomatref 060readytouploadrep.gif
100.06.18 22:24 B C:\My Documents\CRS\syncomat\website\onlinehelp\060syncomatref\060readytouploadrep.htm --> www.netfact.com /inetpub/wwwroot/netfact/syncomat/onlinehelp/060syncomatref 060readytouploadrep.htm
100.06.18 22:24 B C:\My Documents\CRS\syncomat\website\onlinehelp\060syncomatref\060readytouploadrep.not --> www.netfact.com /inetpub/wwwroot/netfact/syncomat/onlinehelp/060syncomatref 060readytouploadrep.not
100.06.18 22:24 B C:\My Documents\CRS\syncomat\website\onlinehelp\060syncomatref\070uploadrepos.gif --> www.netfact.com /inetpub/wwwroot/netfact/syncomat/onlinehelp/060syncomatref 070uploadrepos.gif
100.06.18 22:24 B C:\My Documents\CRS\syncomat\website\onlinehelp\060syncomatref\070uploadrepos.htm --> www.netfact.com /inetpub/wwwroot/netfact/syncomat/onlinehelp/060syncomatref 070uploadrepos.htm
100.06.18 22:24 B C:\My Documents\CRS\syncomat\website\onlinehelp\060syncomatref\070uploadrepos.not --> www.netfact.com /inetpub/wwwroot/netfact/syncomat/onlinehelp/060syncomatref 070uploadrepos.not
100.06.18 22:24 B C:\My Documents\CRS\syncomat\website\onlinehelp\060syncomatref\index.htm --> www.netfact.com /inetpub/wwwroot/netfact/syncomat/onlinehelp/060syncomatref index.htm
100.06.18 22:24 B C:\My Documents\CRS\syncomat\website\onlinehelp\060syncomatref\indexbot.not --> www.netfact.com /inetpub/wwwroot/netfact/syncomat/onlinehelp/060syncomatref indexbot.not
100.06.18 22:24 B C:\My Documents\CRS\syncomat\website\onlinehelp\060syncomatref\indextop.not --> www.netfact.com /inetpub/wwwroot/netfact/syncomat/onlinehelp/060syncomatref indextop.not
100.06.19 09:56 B C:\My Documents\CRS\syncomat\website\onlinehelp\060syncomatref\010filemenu.gif --> www.netfact.com /inetpub/wwwroot/netfact/syncomat/onlinehelp/060syncomatref 010filemenu.gif
100.06.19 09:56 B C:\My Documents\CRS\syncomat\website\onlinehelp\060syncomatref\010filemenu.htm --> www.netfact.com /inetpub/wwwroot/netfact/syncomat/onlinehelp/060syncomatref 010filemenu.htm
100.06.19 09:56 B C:\My Documents\CRS\syncomat\website\onlinehelp\060syncomatref\010filemenu.not --> www.netfact.com /inetpub/wwwroot/netfact/syncomat/onlinehelp/060syncomatref 010filemenu.not
100.06.19 09:56 B C:\My Documents\CRS\syncomat\website\onlinehelp\060syncomatref\020optionsmenu.gif --> www.netfact.com /inetpub/wwwroot/netfact/syncomat/onlinehelp/060syncomatref 020optionsmenu.gif
100.06.19 09:56 B C:\My Documents\CRS\syncomat\website\onlinehelp\060syncomatref\020optionsmenu.htm --> www.netfact.com /inetpub/wwwroot/netfact/syncomat/onlinehelp/060syncomatref 020optionsmenu.htm
100.06.19 09:56 B C:\My Documents\CRS\syncomat\website\onlinehelp\060syncomatref\020optionsmenu.not --> www.netfact.com /inetpub/wwwroot/netfact/syncomat/onlinehelp/060syncomatref 020optionsmenu.not
100.06.19 09:56 B C:\My Documents\CRS\syncomat\website\onlinehelp\060syncomatref\030prefsmain.gif --> www.netfact.com /inetpub/wwwroot/netfact/syncomat/onlinehelp/060syncomatref 030prefsmain.gif
100.06.19 09:56 B C:\My Documents\CRS\syncomat\website\onlinehelp\060syncomatref\030prefsmain.htm --> www.netfact.com /inetpub/wwwroot/netfact/syncomat/onlinehelp/060syncomatref 030prefsmain.htm
100.06.19 09:56 B C:\My Documents\CRS\syncomat\website\onlinehelp\060syncomatref\030prefsmain.not --> www.netfact.com /inetpub/wwwroot/netfact/syncomat/onlinehelp/060syncomatref 030prefsmain.not
100.06.19 09:56 B C:\My Documents\CRS\syncomat\website\onlinehelp\060syncomatref\040prefsupload.gif --> www.netfact.com /inetpub/wwwroot/netfact/syncomat/onlinehelp/060syncomatref 040prefsupload.gif
100.06.19 09:56 B C:\My Documents\CRS\syncomat\website\onlinehelp\060syncomatref\040prefsupload.htm --> www.netfact.com /inetpub/wwwroot/netfact/syncomat/onlinehelp/060syncomatref 040prefsupload.htm
100.06.19 09:56 B C:\My Documents\CRS\syncomat\website\onlinehelp\060syncomatref\040prefsupload.not --> www.netfact.com /inetpub/wwwroot/netfact/syncomat/onlinehelp/060syncomatref 040prefsupload.not
100.06.19 09:56 B C:\My Documents\CRS\syncomat\website\onlinehelp\060syncomatref\041prefsregistration.gif --> www.netfact.com /inetpub/wwwroot/netfact/syncomat/onlinehelp/060syncomatref 041prefsregistration.gif
100.06.19 09:56 B C:\My Documents\CRS\syncomat\website\onlinehelp\060syncomatref\041prefsregistration.htm --> www.netfact.com /inetpub/wwwroot/netfact/syncomat/onlinehelp/060syncomatref 041prefsregistration.htm
100.06.19 09:56 B C:\My Documents\CRS\syncomat\website\onlinehelp\060syncomatref\041prefsregistration.not --> www.netfact.com /inetpub/wwwroot/netfact/syncomat/onlinehelp/060syncomatref 041prefsregistration.not
100.06.19 09:57 B C:\My Documents\CRS\syncomat\website\onlinehelp\060syncomatref\042prefscompatibility.gif --> www.netfact.com /inetpub/wwwroot/netfact/syncomat/onlinehelp/060syncomatref 042prefscompatibility.gif
100.06.19 09:57 B C:\My Documents\CRS\syncomat\website\onlinehelp\060syncomatref\042prefscompatibility.htm --> www.netfact.com /inetpub/wwwroot/netfact/syncomat/onlinehelp/060syncomatref 042prefscompatibility.htm
100.06.19 09:57 B C:\My Documents\CRS\syncomat\website\onlinehelp\060syncomatref\042prefscompatibility.not --> www.netfact.com /inetpub/wwwroot/netfact/syncomat/onlinehelp/060syncomatref 042prefscompatibility.not
100.06.19 09:57 B C:\My Documents\CRS\syncomat\website\onlinehelp\060syncomatref\043prefsadvanced.gif --> www.netfact.com /inetpub/wwwroot/netfact/syncomat/onlinehelp/060syncomatref 043prefsadvanced.gif
100.06.19 09:57 B C:\My Documents\CRS\syncomat\website\onlinehelp\060syncomatref\043prefsadvanced.htm --> www.netfact.com /inetpub/wwwroot/netfact/syncomat/onlinehelp/060syncomatref 043prefsadvanced.htm
100.06.19 09:57 B C:\My Documents\CRS\syncomat\website\onlinehelp\060syncomatref\043prefsadvanced.not --> www.netfact.com /inetpub/wwwroot/netfact/syncomat/onlinehelp/060syncomatref 043prefsadvanced.not
100.06.19 09:57 B C:\My Documents\CRS\syncomat\website\onlinehelp\060syncomatref\045executemenu.gif --> www.netfact.com /inetpub/wwwroot/netfact/syncomat/onlinehelp/060syncomatref 045executemenu.gif
100.06.19 09:57 B C:\My Documents\CRS\syncomat\website\onlinehelp\060syncomatref\045executemenu.htm --> www.netfact.com /inetpub/wwwroot/netfact/syncomat/onlinehelp/060syncomatref 045executemenu.htm
100.06.19 09:57 B C:\My Documents\CRS\syncomat\website\onlinehelp\060syncomatref\045executemenu.not --> www.netfact.com /inetpub/wwwroot/netfact/syncomat/onlinehelp/060syncomatref 045executemenu.not
100.06.19 09:57 B C:\My Documents\CRS\syncomat\website\onlinehelp\060syncomatref\060readytouploadrep.gif --> www.netfact.com /inetpub/wwwroot/netfact/syncomat/onlinehelp/060syncomatref 060readytouploadrep.gif
100.06.19 09:57 B C:\My Documents\CRS\syncomat\website\onlinehelp\060syncomatref\060readytouploadrep.htm --> www.netfact.com /inetpub/wwwroot/netfact/syncomat/onlinehelp/060syncomatref 060readytouploadrep.htm
100.06.19 09:57 B C:\My Documents\CRS\syncomat\website\onlinehelp\060syncomatref\060readytouploadrep.not --> www.netfact.com /inetpub/wwwroot/netfact/syncomat/onlinehelp/060syncomatref 060readytouploadrep.not
100.06.19 09:57 B C:\My Documents\CRS\syncomat\website\onlinehelp\060syncomatref\070uploadrepos.gif --> www.netfact.com /inetpub/wwwroot/netfact/syncomat/onlinehelp/060syncomatref 070uploadrepos.gif
100.06.19 09:57 B C:\My Documents\CRS\syncomat\website\onlinehelp\060syncomatref\070uploadrepos.htm --> www.netfact.com /inetpub/wwwroot/netfact/syncomat/onlinehelp/060syncomatref 070uploadrepos.htm
100.06.19 09:57 B C:\My Documents\CRS\syncomat\website\onlinehelp\060syncomatref\070uploadrepos.not --> www.netfact.com /inetpub/wwwroot/netfact/syncomat/onlinehelp/060syncomatref 070uploadrepos.not
100.06.19 09:57 B C:\My Documents\CRS\syncomat\website\onlinehelp\060syncomatref\index.htm --> www.netfact.com /inetpub/wwwroot/netfact/syncomat/onlinehelp/060syncomatref index.htm
100.06.19 09:57 B C:\My Documents\CRS\syncomat\website\onlinehelp\060syncomatref\indexbot.not --> www.netfact.com /inetpub/wwwroot/netfact/syncomat/onlinehelp/060syncomatref indexbot.not
100.06.19 09:57 B C:\My Documents\CRS\syncomat\website\onlinehelp\060syncomatref\indextop.not --> www.netfact.com /inetpub/wwwroot/netfact/syncomat/onlinehelp/060syncomatref indextop.not
103.01.09 09:22 B C:\Documents and Settings\Chuck\Desktop\netfact-archive\syncomat\onlinehelp\060syncomatref\WS_FTP.LOG <-- netfact /Inetpub/wwwroot/netfact/syncomat/onlinehelp/060syncomatref WS_FTP.LOG
